---------------------------------------------------------------
[2019-07-23T13:07:10+08:00] 127.0.0.1 GET tp-mall.com/
[运行时间：1.530521s] [吞吐率：0.65req/s] [内存消耗：3,070.41kb] [文件加载：87]
[ info ] [ LANG ] E:\phpStudy\PHPTutorial\WWW\mall\app\thinkphp\lang\zh-cn.php
[ info ] [ ROUTE ] array (
)
[ info ] [ HEADER ] array (
  'upgrade-insecure-requests' => '1',
  'connection' => 'keep-alive',
  'accept-encoding' => 'gzip, deflate',
  'accept-language' => 'zh-CN,zh;q=0.8,zh-TW;q=0.7,zh-HK;q=0.5,en-US;q=0.3,en;q=0.2',
  'accept' => 'text/html,application/xhtml+xml,application/xml;q=0.9,*/*;q=0.8',
  'user-agent' => 'Mozilla/5.0 (Windows NT 10.0; Win64; x64; rv:68.0) Gecko/20100101 Firefox/68.0',
  'host' => 'tp-mall.com',
  'content-length' => '',
  'content-type' => '',
)
[ info ] [ PARAM ] array (
)
[ info ] [ VIEW ] E:\phpStudy\PHPTutorial\WWW\mall\app\application\index\view\index\index.html [ array (
) ]
[ info ] [ DB ] INIT mysql
[ error ] [8]未定义变量: keyword[E:\phpStudy\PHPTutorial\WWW\mall\app\runtime\temp\41fb263d29eccb54c36ab8c4e36004c4.php:106]
[ error ] [8]未定义数组索引: list[E:\phpStudy\PHPTutorial\WWW\mall\app\runtime\temp\41fb263d29eccb54c36ab8c4e36004c4.php:176]
[ error ] [8]未定义数组索引: list[E:\phpStudy\PHPTutorial\WWW\mall\app\runtime\temp\41fb263d29eccb54c36ab8c4e36004c4.php:176]
[ error ] [8]未定义数组索引: list[E:\phpStudy\PHPTutorial\WWW\mall\app\runtime\temp\41fb263d29eccb54c36ab8c4e36004c4.php:176]
[ error ] [8]未定义数组索引: list[E:\phpStudy\PHPTutorial\WWW\mall\app\runtime\temp\41fb263d29eccb54c36ab8c4e36004c4.php:176]
[ error ] [8]未定义数组索引: list[E:\phpStudy\PHPTutorial\WWW\mall\app\runtime\temp\41fb263d29eccb54c36ab8c4e36004c4.php:176]
[ error ] [8]未定义数组索引: list[E:\phpStudy\PHPTutorial\WWW\mall\app\runtime\temp\41fb263d29eccb54c36ab8c4e36004c4.php:176]
[ error ] [8]未定义数组索引: list[E:\phpStudy\PHPTutorial\WWW\mall\app\runtime\temp\41fb263d29eccb54c36ab8c4e36004c4.php:176]
[ error ] [8]未定义数组索引: list[E:\phpStudy\PHPTutorial\WWW\mall\app\runtime\temp\41fb263d29eccb54c36ab8c4e36004c4.php:176]
[ error ] [8]未定义数组索引: list[E:\phpStudy\PHPTutorial\WWW\mall\app\runtime\temp\41fb263d29eccb54c36ab8c4e36004c4.php:176]
[ error ] [8]未定义数组索引: list[E:\phpStudy\PHPTutorial\WWW\mall\app\runtime\temp\41fb263d29eccb54c36ab8c4e36004c4.php:176]
[ error ] [8]未定义数组索引: list[E:\phpStudy\PHPTutorial\WWW\mall\app\runtime\temp\41fb263d29eccb54c36ab8c4e36004c4.php:176]
[ error ] [8]未定义数组索引: list[E:\phpStudy\PHPTutorial\WWW\mall\app\runtime\temp\41fb263d29eccb54c36ab8c4e36004c4.php:176]
[ error ] [8]未定义数组索引: list[E:\phpStudy\PHPTutorial\WWW\mall\app\runtime\temp\41fb263d29eccb54c36ab8c4e36004c4.php:176]
[ error ] [8]未定义数组索引: list[E:\phpStudy\PHPTutorial\WWW\mall\app\runtime\temp\41fb263d29eccb54c36ab8c4e36004c4.php:176]
[ error ] [8]未定义数组索引: list[E:\phpStudy\PHPTutorial\WWW\mall\app\runtime\temp\41fb263d29eccb54c36ab8c4e36004c4.php:176]
[ error ] [8]未定义数组索引: list[E:\phpStudy\PHPTutorial\WWW\mall\app\runtime\temp\41fb263d29eccb54c36ab8c4e36004c4.php:176]
[ error ] [8]未定义数组索引: list[E:\phpStudy\PHPTutorial\WWW\mall\app\runtime\temp\41fb263d29eccb54c36ab8c4e36004c4.php:176]
[ error ] [8]未定义数组索引: list[E:\phpStudy\PHPTutorial\WWW\mall\app\runtime\temp\41fb263d29eccb54c36ab8c4e36004c4.php:176]
[ error ] [8]未定义数组索引: list[E:\phpStudy\PHPTutorial\WWW\mall\app\runtime\temp\41fb263d29eccb54c36ab8c4e36004c4.php:176]
[ error ] [8]未定义数组索引: list[E:\phpStudy\PHPTutorial\WWW\mall\app\runtime\temp\41fb263d29eccb54c36ab8c4e36004c4.php:176]
[ error ] [8]未定义数组索引: list[E:\phpStudy\PHPTutorial\WWW\mall\app\runtime\temp\41fb263d29eccb54c36ab8c4e36004c4.php:176]
[ error ] [8]未定义数组索引: list[E:\phpStudy\PHPTutorial\WWW\mall\app\runtime\temp\41fb263d29eccb54c36ab8c4e36004c4.php:176]
[ error ] [8]未定义数组索引: list[E:\phpStudy\PHPTutorial\WWW\mall\app\runtime\temp\41fb263d29eccb54c36ab8c4e36004c4.php:176]
[ error ] [8]未定义数组索引: list[E:\phpStudy\PHPTutorial\WWW\mall\app\runtime\temp\41fb263d29eccb54c36ab8c4e36004c4.php:176]
[ error ] [8]未定义数组索引: list[E:\phpStudy\PHPTutorial\WWW\mall\app\runtime\temp\41fb263d29eccb54c36ab8c4e36004c4.php:176]
[ error ] [8]未定义数组索引: list[E:\phpStudy\PHPTutorial\WWW\mall\app\runtime\temp\41fb263d29eccb54c36ab8c4e36004c4.php:176]
[ error ] [8]未定义数组索引: list[E:\phpStudy\PHPTutorial\WWW\mall\app\runtime\temp\41fb263d29eccb54c36ab8c4e36004c4.php:176]
[ error ] [8]未定义数组索引: list[E:\phpStudy\PHPTutorial\WWW\mall\app\runtime\temp\41fb263d29eccb54c36ab8c4e36004c4.php:176]
[ error ] [8]未定义数组索引: list[E:\phpStudy\PHPTutorial\WWW\mall\app\runtime\temp\41fb263d29eccb54c36ab8c4e36004c4.php:176]
[ error ] [8]未定义数组索引: list[E:\phpStudy\PHPTutorial\WWW\mall\app\runtime\temp\41fb263d29eccb54c36ab8c4e36004c4.php:176]
[ error ] [8]未定义数组索引: list[E:\phpStudy\PHPTutorial\WWW\mall\app\runtime\temp\41fb263d29eccb54c36ab8c4e36004c4.php:176]
[ error ] [8]未定义数组索引: list[E:\phpStudy\PHPTutorial\WWW\mall\app\runtime\temp\41fb263d29eccb54c36ab8c4e36004c4.php:176]
[ error ] [8]未定义数组索引: list[E:\phpStudy\PHPTutorial\WWW\mall\app\runtime\temp\41fb263d29eccb54c36ab8c4e36004c4.php:176]
[ error ] [8]未定义数组索引: list[E:\phpStudy\PHPTutorial\WWW\mall\app\runtime\temp\41fb263d29eccb54c36ab8c4e36004c4.php:176]
[ error ] [8]未定义数组索引: list[E:\phpStudy\PHPTutorial\WWW\mall\app\runtime\temp\41fb263d29eccb54c36ab8c4e36004c4.php:176]
[ error ] [8]未定义数组索引: list[E:\phpStudy\PHPTutorial\WWW\mall\app\runtime\temp\41fb263d29eccb54c36ab8c4e36004c4.php:176]
[ error ] [8]未定义数组索引: adURL[E:\phpStudy\PHPTutorial\WWW\mall\app\runtime\temp\41fb263d29eccb54c36ab8c4e36004c4.php:207]
[ error ] [8]未定义数组索引: positionWidth[E:\phpStudy\PHPTutorial\WWW\mall\app\runtime\temp\41fb263d29eccb54c36ab8c4e36004c4.php:426]
[ error ] [8]未定义数组索引: positionHeight[E:\phpStudy\PHPTutorial\WWW\mall\app\runtime\temp\41fb263d29eccb54c36ab8c4e36004c4.php:426]
[ sql ] [ DB ] CONNECT:[ UseTime:0.094983s ] mysql:host=127.0.0.1;dbname=mall;charset=utf8
[ sql ] [ SQL ] SHOW COLUMNS FROM `pyg_carts` [ RunTime:0.027143s ]
[ sql ] [ SQL ] SELECT SUM(`cartNum`) AS tp_sum FROM `pyg_carts` WHERE  `userId` IS NULL [ RunTime:0.028220s ]
[ sql ] [ SQL ] SHOW COLUMNS FROM `pyg_goods` [ RunTime:0.010185s ]
[ sql ] [ SQL ] SELECT `goodsId`,`goodsName`,`goodsImg`,`marketPrice` FROM `pyg_goods` WHERE  `dataFlag` = 1  AND `isSale` = 1 ORDER BY rand() LIMIT 6 [ RunTime:0.031450s ]
---------------------------------------------------------------
[2019-07-23T13:07:11+08:00] 127.0.0.1 GET tp-mall.com/img/wx_cz.jpg
[运行时间：0.183101s] [吞吐率：5.46req/s] [内存消耗：1,933.59kb] [文件加载：75]
[ info ] [ LANG ] E:\phpStudy\PHPTutorial\WWW\mall\app\thinkphp\lang\zh-cn.php
[ info ] [ ROUTE ] array (
)
[ info ] [ HEADER ] array (
  'cookie' => 'PHPSESSID=bi4njiqmuu1hq4q18f8qmka9dk',
  'referer' => 'http://tp-mall.com/',
  'connection' => 'keep-alive',
  'accept-encoding' => 'gzip, deflate',
  'accept-language' => 'zh-CN,zh;q=0.8,zh-TW;q=0.7,zh-HK;q=0.5,en-US;q=0.3,en;q=0.2',
  'accept' => 'image/webp,*/*',
  'user-agent' => 'Mozilla/5.0 (Windows NT 10.0; Win64; x64; rv:68.0) Gecko/20100101 Firefox/68.0',
  'host' => 'tp-mall.com',
  'content-length' => '',
  'content-type' => '',
)
[ info ] [ PARAM ] array (
)
---------------------------------------------------------------
[2019-07-23T13:07:11+08:00] 127.0.0.1 GET tp-mall.com/assets/img/favicon.ico
[运行时间：0.075103s] [吞吐率：13.32req/s] [内存消耗：1,992.02kb] [文件加载：75]
[ info ] [ LANG ] E:\phpStudy\PHPTutorial\WWW\mall\app\thinkphp\lang\zh-cn.php
[ info ] [ ROUTE ] array (
)
[ info ] [ HEADER ] array (
  'cookie' => 'PHPSESSID=bi4njiqmuu1hq4q18f8qmka9dk; thinkphp_show_page_trace=0|0',
  'connection' => 'keep-alive',
  'accept-encoding' => 'gzip, deflate',
  'accept-language' => 'zh-CN,zh;q=0.8,zh-TW;q=0.7,zh-HK;q=0.5,en-US;q=0.3,en;q=0.2',
  'accept' => 'image/webp,*/*',
  'user-agent' => 'Mozilla/5.0 (Windows NT 10.0; Win64; x64; rv:68.0) Gecko/20100101 Firefox/68.0',
  'host' => 'tp-mall.com',
  'content-length' => '',
  'content-type' => '',
)
[ info ] [ PARAM ] array (
)
---------------------------------------------------------------
[2019-07-23T13:28:16+08:00] 127.0.0.1 GET tp-mall.com/admin
[运行时间：0.490267s] [吞吐率：2.04req/s] [内存消耗：3,236.10kb] [文件加载：96]
[ info ] [ LANG ] E:\phpStudy\PHPTutorial\WWW\mall\app\thinkphp\lang\zh-cn.php
[ info ] [ ROUTE ] array (
)
[ info ] [ HEADER ] array (
  'upgrade-insecure-requests' => '1',
  'cookie' => 'PHPSESSID=bi4njiqmuu1hq4q18f8qmka9dk; thinkphp_show_page_trace=0|0',
  'connection' => 'keep-alive',
  'accept-encoding' => 'gzip, deflate',
  'accept-language' => 'zh-CN,zh;q=0.8,zh-TW;q=0.7,zh-HK;q=0.5,en-US;q=0.3,en;q=0.2',
  'accept' => 'text/html,application/xhtml+xml,application/xml;q=0.9,*/*;q=0.8',
  'user-agent' => 'Mozilla/5.0 (Windows NT 10.0; Win64; x64; rv:68.0) Gecko/20100101 Firefox/68.0',
  'host' => 'tp-mall.com',
  'content-length' => '',
  'content-type' => '',
)
[ info ] [ PARAM ] array (
)
[ info ] [ DB ] INIT mysql
[ info ] [ VIEW ] E:\phpStudy\PHPTutorial\WWW\mall\app\public\..\application\common\view\dispatch_jump.tpl [ array (
  0 => 'code',
  1 => 'msg',
  2 => 'data',
  3 => 'url',
  4 => 'wait',
) ]
[ sql ] [ DB ] CONNECT:[ UseTime:0.005874s ] mysql:host=127.0.0.1;dbname=mall;charset=utf8
[ sql ] [ SQL ] SHOW COLUMNS FROM `pyg_adminlog` [ RunTime:0.002007s ]
[ sql ] [ SQL ] INSERT INTO `pyg_adminlog` (`uid` , `status` , `info` , `get` , `ip` , `create_time`) VALUES (0 , 0 , '提示语:请先登陆' , '/admin' , 2130706433 , 1563859696) [ RunTime:0.068985s ]
---------------------------------------------------------------
[2019-07-23T13:28:18+08:00] 127.0.0.1 GET tp-mall.com/admin/index/login.html
[运行时间：0.092058s] [吞吐率：10.86req/s] [内存消耗：2,126.51kb] [文件加载：82]
[ info ] [ LANG ] E:\phpStudy\PHPTutorial\WWW\mall\app\thinkphp\lang\zh-cn.php
[ info ] [ ROUTE ] array (
)
[ info ] [ HEADER ] array (
  'upgrade-insecure-requests' => '1',
  'cookie' => 'PHPSESSID=bi4njiqmuu1hq4q18f8qmka9dk; thinkphp_show_page_trace=0|0',
  'referer' => 'http://tp-mall.com/admin',
  'connection' => 'keep-alive',
  'accept-encoding' => 'gzip, deflate',
  'accept-language' => 'zh-CN,zh;q=0.8,zh-TW;q=0.7,zh-HK;q=0.5,en-US;q=0.3,en;q=0.2',
  'accept' => 'text/html,application/xhtml+xml,application/xml;q=0.9,*/*;q=0.8',
  'user-agent' => 'Mozilla/5.0 (Windows NT 10.0; Win64; x64; rv:68.0) Gecko/20100101 Firefox/68.0',
  'host' => 'tp-mall.com',
  'content-length' => '',
  'content-type' => '',
)
[ info ] [ PARAM ] array (
)
[ info ] [ VIEW ] E:\phpStudy\PHPTutorial\WWW\mall\app\application\admin\view\index\login.html [ array (
) ]
---------------------------------------------------------------
[2019-07-23T13:28:18+08:00] 127.0.0.1 GET tp-mall.com/api/checkcode/getverify/font_size/18/imageW/130/imageH/38.html
[运行时间：0.547812s] [吞吐率：1.83req/s] [内存消耗：1,994.73kb] [文件加载：76]
[ info ] [ LANG ] E:\phpStudy\PHPTutorial\WWW\mall\app\thinkphp\lang\zh-cn.php
[ info ] [ ROUTE ] array (
)
[ info ] [ HEADER ] array (
  'cookie' => 'PHPSESSID=bi4njiqmuu1hq4q18f8qmka9dk; thinkphp_show_page_trace=0|0',
  'referer' => 'http://tp-mall.com/admin/index/login.html',
  'connection' => 'keep-alive',
  'accept-encoding' => 'gzip, deflate',
  'accept-language' => 'zh-CN,zh;q=0.8,zh-TW;q=0.7,zh-HK;q=0.5,en-US;q=0.3,en;q=0.2',
  'accept' => 'image/webp,*/*',
  'user-agent' => 'Mozilla/5.0 (Windows NT 10.0; Win64; x64; rv:68.0) Gecko/20100101 Firefox/68.0',
  'host' => 'tp-mall.com',
  'content-length' => '',
  'content-type' => '',
)
[ info ] [ PARAM ] array (
  'font_size' => '18',
  'imageW' => '130',
  'imageH' => '38',
)
---------------------------------------------------------------
[2019-07-23T13:28:27+08:00] 127.0.0.1 POST tp-mall.com/admin/index/login.html
[运行时间：0.334461s] [吞吐率：2.99req/s] [内存消耗：3,274.45kb] [文件加载：96]
[ info ] [ LANG ] E:\phpStudy\PHPTutorial\WWW\mall\app\thinkphp\lang\zh-cn.php
[ info ] [ ROUTE ] array (
)
[ info ] [ HEADER ] array (
  'cookie' => 'thinkphp_show_page_trace=0|0; PHPSESSID=bi4njiqmuu1hq4q18f8qmka9dk; thinkphp_show_page_trace=0|0',
  'referer' => 'http://tp-mall.com/admin/index/login.html',
  'connection' => 'keep-alive',
  'content-length' => '41',
  'x-requested-with' => 'XMLHttpRequest',
  'content-type' => 'application/x-www-form-urlencoded; charset=UTF-8',
  'accept-encoding' => 'gzip, deflate',
  'accept-language' => 'zh-CN,zh;q=0.8,zh-TW;q=0.7,zh-HK;q=0.5,en-US;q=0.3,en;q=0.2',
  'accept' => 'application/json, text/javascript, */*; q=0.01',
  'user-agent' => 'Mozilla/5.0 (Windows NT 10.0; Win64; x64; rv:68.0) Gecko/20100101 Firefox/68.0',
  'host' => 'tp-mall.com',
)
[ info ] [ PARAM ] array (
  'username' => 'admin',
  'password' => 'admin',
  'verify' => '2sbe',
)
[ info ] [ DB ] INIT mysql
[ sql ] [ DB ] CONNECT:[ UseTime:0.003195s ] mysql:host=127.0.0.1;dbname=mall;charset=utf8
[ sql ] [ SQL ] SHOW COLUMNS FROM `pyg_admin` [ RunTime:0.011012s ]
[ sql ] [ SQL ] SELECT * FROM `pyg_admin` WHERE  `username` = 'admin' LIMIT 1 [ RunTime:0.054300s ]
[ sql ] [ SQL ] UPDATE `pyg_admin`  SET `last_login_time` = 1563859707 , `last_login_ip` = 2130706433  WHERE  `id` = 1 [ RunTime:0.039393s ]
[ sql ] [ SQL ] SHOW COLUMNS FROM `pyg_adminlog` [ RunTime:0.060197s ]
[ sql ] [ SQL ] INSERT INTO `pyg_adminlog` (`uid` , `status` , `info` , `get` , `ip` , `create_time`) VALUES (1 , 1 , '提示语:恭喜您，登陆成功' , '/admin/index/login.html' , 2130706433 , 1563859707) [ RunTime:0.000577s ]
---------------------------------------------------------------
[2019-07-23T13:28:31+08:00] 127.0.0.1 GET tp-mall.com/admin/index/index.html
[运行时间：2.034924s] [吞吐率：0.49req/s] [内存消耗：3,486.30kb] [文件加载：97]
[ info ] [ LANG ] E:\phpStudy\PHPTutorial\WWW\mall\app\thinkphp\lang\zh-cn.php
[ info ] [ ROUTE ] array (
)
[ info ] [ HEADER ] array (
  'upgrade-insecure-requests' => '1',
  'cookie' => 'thinkphp_show_page_trace=0|0; PHPSESSID=bi4njiqmuu1hq4q18f8qmka9dk; thinkphp_show_page_trace=0|0',
  'referer' => 'http://tp-mall.com/admin/index/login.html',
  'connection' => 'keep-alive',
  'accept-encoding' => 'gzip, deflate',
  'accept-language' => 'zh-CN,zh;q=0.8,zh-TW;q=0.7,zh-HK;q=0.5,en-US;q=0.3,en;q=0.2',
  'accept' => 'text/html,application/xhtml+xml,application/xml;q=0.9,*/*;q=0.8',
  'user-agent' => 'Mozilla/5.0 (Windows NT 10.0; Win64; x64; rv:68.0) Gecko/20100101 Firefox/68.0',
  'host' => 'tp-mall.com',
  'content-length' => '',
  'content-type' => '',
)
[ info ] [ PARAM ] array (
)
[ info ] [ DB ] INIT mysql
[ info ] [ VIEW ] E:\phpStudy\PHPTutorial\WWW\mall\app\application\admin\view\index\index.html [ array (
  0 => 'userInfo',
  1 => 'SUBMENU_CONFIG',
) ]
[ sql ] [ DB ] CONNECT:[ UseTime:0.004513s ] mysql:host=127.0.0.1;dbname=mall;charset=utf8
[ sql ] [ SQL ] SHOW COLUMNS FROM `pyg_admin` [ RunTime:0.002904s ]
[ sql ] [ SQL ] SELECT * FROM `pyg_admin` WHERE  `id` = 1 LIMIT 1 [ RunTime:0.000685s ]
[ sql ] [ SQL ] SHOW COLUMNS FROM `pyg_menu` [ RunTime:0.002741s ]
[ sql ] [ SQL ] SELECT * FROM `pyg_menu` WHERE  `parentid` = 0  AND `status` = 1 ORDER BY `listorder` ASC,`id` ASC [ RunTime:0.024461s ]
[ sql ] [ SQL ] SELECT * FROM `pyg_menu` WHERE  `parentid` = 3  AND `status` = 1 ORDER BY `listorder` ASC,`id` ASC [ RunTime:0.003200s ]
[ sql ] [ SQL ] SELECT * FROM `pyg_menu` WHERE  `parentid` = 10  AND `status` = 1 ORDER BY `listorder` ASC,`id` ASC [ RunTime:0.000770s ]
[ sql ] [ SQL ] SELECT * FROM `pyg_menu` WHERE  `parentid` = 11  AND `status` = 1 ORDER BY `listorder` ASC,`id` ASC [ RunTime:0.002136s ]
[ sql ] [ SQL ] SELECT * FROM `pyg_menu` WHERE  `parentid` = 24  AND `status` = 1 ORDER BY `listorder` ASC,`id` ASC [ RunTime:0.001435s ]
[ sql ] [ SQL ] SELECT * FROM `pyg_menu` WHERE  `parentid` = 25  AND `status` = 1 ORDER BY `listorder` ASC,`id` ASC [ RunTime:0.001004s ]
[ sql ] [ SQL ] SELECT * FROM `pyg_menu` WHERE  `parentid` = 26  AND `status` = 1 ORDER BY `listorder` ASC,`id` ASC [ RunTime:0.013541s ]
[ sql ] [ SQL ] SELECT * FROM `pyg_menu` WHERE  `parentid` = 13  AND `status` = 1 ORDER BY `listorder` ASC,`id` ASC [ RunTime:0.000964s ]
[ sql ] [ SQL ] SELECT * FROM `pyg_menu` WHERE  `parentid` = 14  AND `status` = 1 ORDER BY `listorder` ASC,`id` ASC [ RunTime:0.002009s ]
[ sql ] [ SQL ] SELECT * FROM `pyg_menu` WHERE  `parentid` = 27  AND `status` = 1 ORDER BY `listorder` ASC,`id` ASC [ RunTime:0.000775s ]
[ sql ] [ SQL ] SELECT * FROM `pyg_menu` WHERE  `parentid` = 28  AND `status` = 1 ORDER BY `listorder` ASC,`id` ASC [ RunTime:0.000995s ]
[ sql ] [ SQL ] SELECT * FROM `pyg_menu` WHERE  `parentid` = 29  AND `status` = 1 ORDER BY `listorder` ASC,`id` ASC [ RunTime:0.001042s ]
[ sql ] [ SQL ] SELECT * FROM `pyg_menu` WHERE  `parentid` = 23  AND `status` = 1 ORDER BY `listorder` ASC,`id` ASC [ RunTime:0.001239s ]
[ sql ] [ SQL ] SELECT * FROM `pyg_menu` WHERE  `parentid` = 30  AND `status` = 1 ORDER BY `listorder` ASC,`id` ASC [ RunTime:0.001590s ]
[ sql ] [ SQL ] SELECT * FROM `pyg_menu` WHERE  `parentid` = 31  AND `status` = 1 ORDER BY `listorder` ASC,`id` ASC [ RunTime:0.002266s ]
[ sql ] [ SQL ] SELECT * FROM `pyg_menu` WHERE  `parentid` = 15  AND `status` = 1 ORDER BY `listorder` ASC,`id` ASC [ RunTime:0.001421s ]
[ sql ] [ SQL ] SELECT * FROM `pyg_menu` WHERE  `parentid` = 16  AND `status` = 1 ORDER BY `listorder` ASC,`id` ASC [ RunTime:0.001177s ]
[ sql ] [ SQL ] SELECT * FROM `pyg_menu` WHERE  `parentid` = 18  AND `status` = 1 ORDER BY `listorder` ASC,`id` ASC [ RunTime:0.000917s ]
[ sql ] [ SQL ] SELECT * FROM `pyg_menu` WHERE  `parentid` = 19  AND `status` = 1 ORDER BY `listorder` ASC,`id` ASC [ RunTime:0.000894s ]
[ sql ] [ SQL ] SELECT * FROM `pyg_menu` WHERE  `parentid` = 21  AND `status` = 1 ORDER BY `listorder` ASC,`id` ASC [ RunTime:0.001675s ]
[ sql ] [ SQL ] SELECT * FROM `pyg_menu` WHERE  `parentid` = 17  AND `status` = 1 ORDER BY `listorder` ASC,`id` ASC [ RunTime:0.001283s ]
[ sql ] [ SQL ] SELECT * FROM `pyg_menu` WHERE  `parentid` = 22  AND `status` = 1 ORDER BY `listorder` ASC,`id` ASC [ RunTime:0.001027s ]
[ sql ] [ SQL ] SELECT * FROM `pyg_menu` WHERE  `parentid` = 48  AND `status` = 1 ORDER BY `listorder` ASC,`id` ASC [ RunTime:0.001292s ]
[ sql ] [ SQL ] SELECT * FROM `pyg_menu` WHERE  `parentid` = 49  AND `status` = 1 ORDER BY `listorder` ASC,`id` ASC [ RunTime:0.000917s ]
[ sql ] [ SQL ] SELECT * FROM `pyg_menu` WHERE  `parentid` = 50  AND `status` = 1 ORDER BY `listorder` ASC,`id` ASC [ RunTime:0.001687s ]
[ sql ] [ SQL ] SELECT * FROM `pyg_menu` WHERE  `parentid` = 51  AND `status` = 1 ORDER BY `listorder` ASC,`id` ASC [ RunTime:0.000966s ]
[ sql ] [ SQL ] SELECT * FROM `pyg_menu` WHERE  `parentid` = 20  AND `status` = 1 ORDER BY `listorder` ASC,`id` ASC [ RunTime:0.001157s ]
[ sql ] [ SQL ] SELECT * FROM `pyg_menu` WHERE  `parentid` = 12  AND `status` = 1 ORDER BY `listorder` ASC,`id` ASC [ RunTime:0.000950s ]
[ sql ] [ SQL ] SELECT * FROM `pyg_menu` WHERE  `parentid` = 4  AND `status` = 1 ORDER BY `listorder` ASC,`id` ASC [ RunTime:0.001009s ]
[ sql ] [ SQL ] SELECT * FROM `pyg_menu` WHERE  `parentid` = 73  AND `status` = 1 ORDER BY `listorder` ASC,`id` ASC [ RunTime:0.001281s ]
[ sql ] [ SQL ] SELECT * FROM `pyg_menu` WHERE  `parentid` = 78  AND `status` = 1 ORDER BY `listorder` ASC,`id` ASC [ RunTime:0.000964s ]
[ sql ] [ SQL ] SELECT * FROM `pyg_menu` WHERE  `parentid` = 79  AND `status` = 1 ORDER BY `listorder` ASC,`id` ASC [ RunTime:0.000963s ]
[ sql ] [ SQL ] SELECT * FROM `pyg_menu` WHERE  `parentid` = 74  AND `status` = 1 ORDER BY `listorder` ASC,`id` ASC [ RunTime:0.001151s ]
[ sql ] [ SQL ] SELECT * FROM `pyg_menu` WHERE  `parentid` = 105  AND `status` = 1 ORDER BY `listorder` ASC,`id` ASC [ RunTime:0.001103s ]
[ sql ] [ SQL ] SELECT * FROM `pyg_menu` WHERE  `parentid` = 86  AND `status` = 1 ORDER BY `listorder` ASC,`id` ASC [ RunTime:0.000753s ]
[ sql ] [ SQL ] SELECT * FROM `pyg_menu` WHERE  `parentid` = 87  AND `status` = 1 ORDER BY `listorder` ASC,`id` ASC [ RunTime:0.001047s ]
[ sql ] [ SQL ] SELECT * FROM `pyg_menu` WHERE  `parentid` = 85  AND `status` = 1 ORDER BY `listorder` ASC,`id` ASC [ RunTime:0.000812s ]
[ sql ] [ SQL ] SELECT * FROM `pyg_menu` WHERE  `parentid` = 88  AND `status` = 1 ORDER BY `listorder` ASC,`id` ASC [ RunTime:0.000936s ]
[ sql ] [ SQL ] SELECT * FROM `pyg_menu` WHERE  `parentid` = 89  AND `status` = 1 ORDER BY `listorder` ASC,`id` ASC [ RunTime:0.000936s ]
[ sql ] [ SQL ] SELECT * FROM `pyg_menu` WHERE  `parentid` = 90  AND `status` = 1 ORDER BY `listorder` ASC,`id` ASC [ RunTime:0.000904s ]
[ sql ] [ SQL ] SELECT * FROM `pyg_menu` WHERE  `parentid` = 76  AND `status` = 1 ORDER BY `listorder` ASC,`id` ASC [ RunTime:0.002088s ]
[ sql ] [ SQL ] SELECT * FROM `pyg_menu` WHERE  `parentid` = 92  AND `status` = 1 ORDER BY `listorder` ASC,`id` ASC [ RunTime:0.000905s ]
[ sql ] [ SQL ] SELECT * FROM `pyg_menu` WHERE  `parentid` = 93  AND `status` = 1 ORDER BY `listorder` ASC,`id` ASC [ RunTime:0.000905s ]
[ sql ] [ SQL ] SELECT * FROM `pyg_menu` WHERE  `parentid` = 77  AND `status` = 1 ORDER BY `listorder` ASC,`id` ASC [ RunTime:0.001460s ]
[ sql ] [ SQL ] SELECT * FROM `pyg_menu` WHERE  `parentid` = 98  AND `status` = 1 ORDER BY `listorder` ASC,`id` ASC [ RunTime:0.000767s ]
[ sql ] [ SQL ] SELECT * FROM `pyg_menu` WHERE  `parentid` = 100  AND `status` = 1 ORDER BY `listorder` ASC,`id` ASC [ RunTime:0.001018s ]
[ sql ] [ SQL ] SELECT * FROM `pyg_menu` WHERE  `parentid` = 101  AND `status` = 1 ORDER BY `listorder` ASC,`id` ASC [ RunTime:0.001005s ]
[ sql ] [ SQL ] SELECT * FROM `pyg_menu` WHERE  `parentid` = 106  AND `status` = 1 ORDER BY `listorder` ASC,`id` ASC [ RunTime:0.000935s ]
[ sql ] [ SQL ] SELECT * FROM `pyg_menu` WHERE  `parentid` = 107  AND `status` = 1 ORDER BY `listorder` ASC,`id` ASC [ RunTime:0.000906s ]
[ sql ] [ SQL ] SELECT * FROM `pyg_menu` WHERE  `parentid` = 5  AND `status` = 1 ORDER BY `listorder` ASC,`id` ASC [ RunTime:0.000968s ]
[ sql ] [ SQL ] SELECT * FROM `pyg_menu` WHERE  `parentid` = 56  AND `status` = 1 ORDER BY `listorder` ASC,`id` ASC [ RunTime:0.000705s ]
[ sql ] [ SQL ] SELECT * FROM `pyg_menu` WHERE  `parentid` = 58  AND `status` = 1 ORDER BY `listorder` ASC,`id` ASC [ RunTime:0.001037s ]
[ sql ] [ SQL ] SELECT * FROM `pyg_menu` WHERE  `parentid` = 60  AND `status` = 1 ORDER BY `listorder` ASC,`id` ASC [ RunTime:0.000827s ]
[ sql ] [ SQL ] SELECT * FROM `pyg_menu` WHERE  `parentid` = 61  AND `status` = 1 ORDER BY `listorder` ASC,`id` ASC [ RunTime:0.000970s ]
[ sql ] [ SQL ] SELECT * FROM `pyg_menu` WHERE  `parentid` = 62  AND `status` = 1 ORDER BY `listorder` ASC,`id` ASC [ RunTime:0.001256s ]
[ sql ] [ SQL ] SELECT * FROM `pyg_menu` WHERE  `parentid` = 63  AND `status` = 1 ORDER BY `listorder` ASC,`id` ASC [ RunTime:0.000905s ]
[ sql ] [ SQL ] SELECT * FROM `pyg_menu` WHERE  `parentid` = 64  AND `status` = 1 ORDER BY `listorder` ASC,`id` ASC [ RunTime:0.001895s ]
[ sql ] [ SQL ] SELECT * FROM `pyg_menu` WHERE  `parentid` = 65  AND `status` = 1 ORDER BY `listorder` ASC,`id` ASC [ RunTime:0.001249s ]
[ sql ] [ SQL ] SELECT * FROM `pyg_menu` WHERE  `parentid` = 66  AND `status` = 1 ORDER BY `listorder` ASC,`id` ASC [ RunTime:0.000790s ]
[ sql ] [ SQL ] SELECT * FROM `pyg_menu` WHERE  `parentid` = 67  AND `status` = 1 ORDER BY `listorder` ASC,`id` ASC [ RunTime:0.000821s ]
[ sql ] [ SQL ] SELECT * FROM `pyg_menu` WHERE  `parentid` = 68  AND `status` = 1 ORDER BY `listorder` ASC,`id` ASC [ RunTime:0.000962s ]
[ sql ] [ SQL ] SELECT * FROM `pyg_menu` WHERE  `parentid` = 69  AND `status` = 1 ORDER BY `listorder` ASC,`id` ASC [ RunTime:0.000720s ]
[ sql ] [ SQL ] SELECT * FROM `pyg_menu` WHERE  `parentid` = 70  AND `status` = 1 ORDER BY `listorder` ASC,`id` ASC [ RunTime:0.001238s ]
[ sql ] [ SQL ] SELECT * FROM `pyg_menu` WHERE  `parentid` = 71  AND `status` = 1 ORDER BY `listorder` ASC,`id` ASC [ RunTime:0.000860s ]
[ sql ] [ SQL ] SELECT * FROM `pyg_menu` WHERE  `parentid` = 72  AND `status` = 1 ORDER BY `listorder` ASC,`id` ASC [ RunTime:0.000929s ]
---------------------------------------------------------------
[2019-07-23T13:28:32+08:00] 127.0.0.1 GET tp-mall.com/admin/main/index.html
[运行时间：1.174877s] [吞吐率：0.85req/s] [内存消耗：3,269.25kb] [文件加载：95]
[ info ] [ LANG ] E:\phpStudy\PHPTutorial\WWW\mall\app\thinkphp\lang\zh-cn.php
[ info ] [ ROUTE ] array (
)
[ info ] [ HEADER ] array (
  'upgrade-insecure-requests' => '1',
  'cookie' => 'PHPSESSID=bi4njiqmuu1hq4q18f8qmka9dk; thinkphp_show_page_trace=0|0',
  'referer' => 'http://tp-mall.com/admin/index/index.html',
  'connection' => 'keep-alive',
  'accept-encoding' => 'gzip, deflate',
  'accept-language' => 'zh-CN,zh;q=0.8,zh-TW;q=0.7,zh-HK;q=0.5,en-US;q=0.3,en;q=0.2',
  'accept' => 'text/html,application/xhtml+xml,application/xml;q=0.9,*/*;q=0.8',
  'user-agent' => 'Mozilla/5.0 (Windows NT 10.0; Win64; x64; rv:68.0) Gecko/20100101 Firefox/68.0',
  'host' => 'tp-mall.com',
  'content-length' => '',
  'content-type' => '',
)
[ info ] [ PARAM ] array (
)
[ info ] [ DB ] INIT mysql
[ info ] [ VIEW ] E:\phpStudy\PHPTutorial\WWW\mall\app\application\admin\view\main\index.html [ array (
  0 => 'userInfo',
  1 => 'sys_info',
) ]
[ sql ] [ DB ] CONNECT:[ UseTime:0.003300s ] mysql:host=127.0.0.1;dbname=mall;charset=utf8
[ sql ] [ SQL ] SHOW COLUMNS FROM `pyg_admin` [ RunTime:0.004993s ]
[ sql ] [ SQL ] SELECT * FROM `pyg_admin` WHERE  `id` = 1 LIMIT 1 [ RunTime:0.001002s ]
[ sql ] [ SQL ] SELECT VERSION() as version [ RunTime:0.000507s ]
[ error ] [8]未定义变量: object[E:\phpStudy\PHPTutorial\WWW\mall\app\runtime\temp\712757eee3d012ce523617d11564c40a.php:113]
[ error ] [8]未定义变量: object[E:\phpStudy\PHPTutorial\WWW\mall\app\runtime\temp\712757eee3d012ce523617d11564c40a.php:120]
[ error ] [8]未定义变量: object[E:\phpStudy\PHPTutorial\WWW\mall\app\runtime\temp\712757eee3d012ce523617d11564c40a.php:124]
[ error ] [8]未定义变量: object[E:\phpStudy\PHPTutorial\WWW\mall\app\runtime\temp\712757eee3d012ce523617d11564c40a.php:124]
[ error ] [8]未定义变量: object[E:\phpStudy\PHPTutorial\WWW\mall\app\runtime\temp\712757eee3d012ce523617d11564c40a.php:131]
[ error ] [8]未定义变量: object[E:\phpStudy\PHPTutorial\WWW\mall\app\runtime\temp\712757eee3d012ce523617d11564c40a.php:140]
[ error ] [8]未定义变量: object[E:\phpStudy\PHPTutorial\WWW\mall\app\runtime\temp\712757eee3d012ce523617d11564c40a.php:154]
---------------------------------------------------------------
[2019-07-23T13:28:32+08:00] 127.0.0.1 GET tp-mall.com/static/admin/img/title_head.png
[运行时间：0.070513s] [吞吐率：14.18req/s] [内存消耗：1,933.91kb] [文件加载：75]
[ info ] [ LANG ] E:\phpStudy\PHPTutorial\WWW\mall\app\thinkphp\lang\zh-cn.php
[ info ] [ ROUTE ] array (
)
[ info ] [ HEADER ] array (
  'cookie' => 'PHPSESSID=bi4njiqmuu1hq4q18f8qmka9dk; thinkphp_show_page_trace=0|0',
  'referer' => 'http://tp-mall.com/static/admin/css/common.css',
  'connection' => 'keep-alive',
  'accept-encoding' => 'gzip, deflate',
  'accept-language' => 'zh-CN,zh;q=0.8,zh-TW;q=0.7,zh-HK;q=0.5,en-US;q=0.3,en;q=0.2',
  'accept' => 'image/webp,*/*',
  'user-agent' => 'Mozilla/5.0 (Windows NT 10.0; Win64; x64; rv:68.0) Gecko/20100101 Firefox/68.0',
  'host' => 'tp-mall.com',
  'content-length' => '',
  'content-type' => '',
)
[ info ] [ PARAM ] array (
)
---------------------------------------------------------------
[2019-07-23T14:34:58+08:00] 127.0.0.1 GET tp-mall.com/admin/order/index/menuid/78.html
[运行时间：0.615207s] [吞吐率：1.63req/s] [内存消耗：3,258.23kb] [文件加载：95]
[ info ] [ LANG ] E:\phpStudy\PHPTutorial\WWW\mall\app\thinkphp\lang\zh-cn.php
[ info ] [ ROUTE ] array (
)
[ info ] [ HEADER ] array (
  'upgrade-insecure-requests' => '1',
  'cookie' => 'PHPSESSID=bi4njiqmuu1hq4q18f8qmka9dk; thinkphp_show_page_trace=0|0',
  'referer' => 'http://tp-mall.com/admin/index/index.html',
  'connection' => 'keep-alive',
  'accept-encoding' => 'gzip, deflate',
  'accept-language' => 'zh-CN,zh;q=0.8,zh-TW;q=0.7,zh-HK;q=0.5,en-US;q=0.3,en;q=0.2',
  'accept' => 'text/html,application/xhtml+xml,application/xml;q=0.9,*/*;q=0.8',
  'user-agent' => 'Mozilla/5.0 (Windows NT 10.0; Win64; x64; rv:68.0) Gecko/20100101 Firefox/68.0',
  'host' => 'tp-mall.com',
  'content-length' => '',
  'content-type' => '',
)
[ info ] [ PARAM ] array (
  'menuid' => '78',
)
[ info ] [ DB ] INIT mysql
[ info ] [ VIEW ] E:\phpStudy\PHPTutorial\WWW\mall\app\application\admin\view\order\index.html [ array (
  0 => 'p',
) ]
[ sql ] [ DB ] CONNECT:[ UseTime:0.019393s ] mysql:host=127.0.0.1;dbname=mall;charset=utf8
[ sql ] [ SQL ] SHOW COLUMNS FROM `pyg_admin` [ RunTime:0.065900s ]
[ sql ] [ SQL ] SELECT * FROM `pyg_admin` WHERE  `id` = 1 LIMIT 1 [ RunTime:0.000879s ]
[ error ] [8]未定义变量: userId[E:\phpStudy\PHPTutorial\WWW\mall\app\runtime\temp\6f13508ec7cbf4dcb74930c4f4aab9e4.php:29]
[ error ] [8]未定义变量: userId[E:\phpStudy\PHPTutorial\WWW\mall\app\runtime\temp\6f13508ec7cbf4dcb74930c4f4aab9e4.php:46]
---------------------------------------------------------------
[2019-07-23T14:34:58+08:00] 127.0.0.1 POST tp-mall.com/admin/order/pageQuery
[运行时间：0.230302s] [吞吐率：4.34req/s] [内存消耗：3,386.95kb] [文件加载：96]
[ info ] [ LANG ] E:\phpStudy\PHPTutorial\WWW\mall\app\thinkphp\lang\zh-cn.php
[ info ] [ ROUTE ] array (
)
[ info ] [ HEADER ] array (
  'cookie' => 'PHPSESSID=bi4njiqmuu1hq4q18f8qmka9dk; thinkphp_show_page_trace=0|0',
  'referer' => 'http://tp-mall.com/admin/order/index/menuid/78.html',
  'connection' => 'keep-alive',
  'content-length' => '82',
  'x-requested-with' => 'XMLHttpRequest',
  'content-type' => 'application/x-www-form-urlencoded; charset=UTF-8',
  'accept-encoding' => 'gzip, deflate',
  'accept-language' => 'zh-CN,zh;q=0.8,zh-TW;q=0.7,zh-HK;q=0.5,en-US;q=0.3,en;q=0.2',
  'accept' => 'application/json, text/javascript, */*; q=0.01',
  'user-agent' => 'Mozilla/5.0 (Windows NT 10.0; Win64; x64; rv:68.0) Gecko/20100101 Firefox/68.0',
  'host' => 'tp-mall.com',
)
[ info ] [ PARAM ] array (
  'userId' => '',
  'orderNo' => '',
  'orderStatus' => '10000',
  'payType' => '-1',
  'page' => '1',
  'sort' => 'createTime.desc',
  'limit' => '20',
)
[ info ] [ DB ] INIT mysql
[ sql ] [ DB ] CONNECT:[ UseTime:0.003203s ] mysql:host=127.0.0.1;dbname=mall;charset=utf8
[ sql ] [ SQL ] SHOW COLUMNS FROM `pyg_admin` [ RunTime:0.004074s ]
[ sql ] [ SQL ] SELECT * FROM `pyg_admin` WHERE  `id` = 1 LIMIT 1 [ RunTime:0.001361s ]
[ sql ] [ SQL ] SHOW COLUMNS FROM `pyg_orders` [ RunTime:0.024436s ]
[ sql ] [ SQL ] SELECT COUNT(*) AS tp_count FROM `pyg_orders` `o` LEFT JOIN `pyg_users` `u` ON `o`.`userId`=`u`.`userId` WHERE  `o`.`dataFlag` = '1' [ RunTime:0.046254s ]
[ sql ] [ SQL ] SELECT `o`.`orderId`,`o`.`orderNo`,`u`.`loginName`,`o`.`totalMoney`,`o`.`orderStatus`,`o`.`userName`,`payType`,`o`.`createTime` FROM `pyg_orders` `o` LEFT JOIN `pyg_users` `u` ON `o`.`userId`=`u`.`userId` WHERE  `o`.`dataFlag` = '1' ORDER BY `createTime` DESC LIMIT 0,20 [ RunTime:0.013379s ]
---------------------------------------------------------------
[2019-07-23T14:45:47+08:00] 127.0.0.1 GET tp-mall.com/admin/order/view?id=71&src=orders&p=1
[运行时间：0.213882s] [吞吐率：4.68req/s] [内存消耗：3,423.91kb] [文件加载：99]
[ info ] [ LANG ] E:\phpStudy\PHPTutorial\WWW\mall\app\thinkphp\lang\zh-cn.php
[ info ] [ ROUTE ] array (
)
[ info ] [ HEADER ] array (
  'upgrade-insecure-requests' => '1',
  'cookie' => 'PHPSESSID=bi4njiqmuu1hq4q18f8qmka9dk; thinkphp_show_page_trace=0|0',
  'referer' => 'http://tp-mall.com/admin/order/index/menuid/78.html',
  'connection' => 'keep-alive',
  'accept-encoding' => 'gzip, deflate',
  'accept-language' => 'zh-CN,zh;q=0.8,zh-TW;q=0.7,zh-HK;q=0.5,en-US;q=0.3,en;q=0.2',
  'accept' => 'text/html,application/xhtml+xml,application/xml;q=0.9,*/*;q=0.8',
  'user-agent' => 'Mozilla/5.0 (Windows NT 10.0; Win64; x64; rv:68.0) Gecko/20100101 Firefox/68.0',
  'host' => 'tp-mall.com',
  'content-length' => '',
  'content-type' => '',
)
[ info ] [ PARAM ] array (
  'id' => '71',
  'src' => 'orders',
  'p' => '1',
)
[ info ] [ DB ] INIT mysql
[ info ] [ VIEW ] E:\phpStudy\PHPTutorial\WWW\mall\app\application\admin\view\order\view.html [ array (
  0 => 'object',
  1 => 'from',
  2 => 'p',
  3 => 'src',
) ]
[ sql ] [ DB ] CONNECT:[ UseTime:0.007966s ] mysql:host=127.0.0.1;dbname=mall;charset=utf8
[ sql ] [ SQL ] SHOW COLUMNS FROM `pyg_admin` [ RunTime:0.004529s ]
[ sql ] [ SQL ] SELECT * FROM `pyg_admin` WHERE  `id` = 1 LIMIT 1 [ RunTime:0.001086s ]
[ sql ] [ SQL ] SHOW COLUMNS FROM `pyg_orders` [ RunTime:0.003100s ]
[ sql ] [ SQL ] SELECT `o`.*,`u`.`loginName` FROM `pyg_orders` `o` LEFT JOIN `pyg_users` `u` ON `o`.`userId`=`u`.`userId` WHERE  ( o.dataFlag=1 and o.orderId=71 ) LIMIT 1 [ RunTime:0.002188s ]
[ sql ] [ SQL ] SHOW COLUMNS FROM `pyg_log_orders` [ RunTime:0.013604s ]
[ sql ] [ SQL ] SELECT * FROM `pyg_log_orders` WHERE  `orderId` = 71 ORDER BY `logId` ASC [ RunTime:0.001013s ]
[ sql ] [ SQL ] SHOW COLUMNS FROM `pyg_order_goods` [ RunTime:0.007420s ]
[ sql ] [ SQL ] SELECT * FROM `pyg_order_goods` WHERE  `orderId` = 71 ORDER BY `id` ASC [ RunTime:0.000976s ]
[ error ] [8]未定义变量: payMents[E:\phpStudy\PHPTutorial\WWW\mall\app\runtime\temp\4416c7b81671216ebf965057b8f5e7c2.php:135]
[ error ] [8]未定义变量: payMents[E:\phpStudy\PHPTutorial\WWW\mall\app\runtime\temp\4416c7b81671216ebf965057b8f5e7c2.php:135]
[ error ] [8]未定义变量: payMents[E:\phpStudy\PHPTutorial\WWW\mall\app\runtime\temp\4416c7b81671216ebf965057b8f5e7c2.php:135]
---------------------------------------------------------------
[2019-07-23T14:45:50+08:00] 127.0.0.1 GET tp-mall.com/admin/order/index/menuid/78.html
[运行时间：0.178451s] [吞吐率：5.60req/s] [内存消耗：3,257.98kb] [文件加载：95]
[ info ] [ LANG ] E:\phpStudy\PHPTutorial\WWW\mall\app\thinkphp\lang\zh-cn.php
[ info ] [ ROUTE ] array (
)
[ info ] [ HEADER ] array (
  'upgrade-insecure-requests' => '1',
  'cookie' => 'thinkphp_show_page_trace=0|0; thinkphp_show_page_trace=0|0; PHPSESSID=bi4njiqmuu1hq4q18f8qmka9dk; thinkphp_show_page_trace=0|0',
  'connection' => 'keep-alive',
  'referer' => 'http://tp-mall.com/admin/index/index.html',
  'accept-encoding' => 'gzip, deflate',
  'accept-language' => 'zh-CN,zh;q=0.8,zh-TW;q=0.7,zh-HK;q=0.5,en-US;q=0.3,en;q=0.2',
  'accept' => 'text/html,application/xhtml+xml,application/xml;q=0.9,*/*;q=0.8',
  'user-agent' => 'Mozilla/5.0 (Windows NT 10.0; Win64; x64; rv:68.0) Gecko/20100101 Firefox/68.0',
  'host' => 'tp-mall.com',
  'content-length' => '',
  'content-type' => '',
)
[ info ] [ PARAM ] array (
  'menuid' => '78',
)
[ info ] [ DB ] INIT mysql
[ info ] [ VIEW ] E:\phpStudy\PHPTutorial\WWW\mall\app\application\admin\view\order\index.html [ array (
  0 => 'p',
) ]
[ sql ] [ DB ] CONNECT:[ UseTime:0.006168s ] mysql:host=127.0.0.1;dbname=mall;charset=utf8
[ sql ] [ SQL ] SHOW COLUMNS FROM `pyg_admin` [ RunTime:0.003039s ]
[ sql ] [ SQL ] SELECT * FROM `pyg_admin` WHERE  `id` = 1 LIMIT 1 [ RunTime:0.000951s ]
[ error ] [8]未定义变量: userId[E:\phpStudy\PHPTutorial\WWW\mall\app\runtime\temp\6f13508ec7cbf4dcb74930c4f4aab9e4.php:29]
[ error ] [8]未定义变量: userId[E:\phpStudy\PHPTutorial\WWW\mall\app\runtime\temp\6f13508ec7cbf4dcb74930c4f4aab9e4.php:46]
---------------------------------------------------------------
[2019-07-23T14:45:51+08:00] 127.0.0.1 POST tp-mall.com/admin/order/pageQuery
[运行时间：0.172242s] [吞吐率：5.81req/s] [内存消耗：3,387.23kb] [文件加载：96]
[ info ] [ LANG ] E:\phpStudy\PHPTutorial\WWW\mall\app\thinkphp\lang\zh-cn.php
[ info ] [ ROUTE ] array (
)
[ info ] [ HEADER ] array (
  'cookie' => 'thinkphp_show_page_trace=0|0; PHPSESSID=bi4njiqmuu1hq4q18f8qmka9dk; thinkphp_show_page_trace=0|0',
  'referer' => 'http://tp-mall.com/admin/order/index/menuid/78.html',
  'connection' => 'keep-alive',
  'content-length' => '82',
  'x-requested-with' => 'XMLHttpRequest',
  'content-type' => 'application/x-www-form-urlencoded; charset=UTF-8',
  'accept-encoding' => 'gzip, deflate',
  'accept-language' => 'zh-CN,zh;q=0.8,zh-TW;q=0.7,zh-HK;q=0.5,en-US;q=0.3,en;q=0.2',
  'accept' => 'application/json, text/javascript, */*; q=0.01',
  'user-agent' => 'Mozilla/5.0 (Windows NT 10.0; Win64; x64; rv:68.0) Gecko/20100101 Firefox/68.0',
  'host' => 'tp-mall.com',
)
[ info ] [ PARAM ] array (
  'userId' => '',
  'orderNo' => '',
  'orderStatus' => '10000',
  'payType' => '-1',
  'page' => '1',
  'sort' => 'createTime.desc',
  'limit' => '20',
)
[ info ] [ DB ] INIT mysql
[ sql ] [ DB ] CONNECT:[ UseTime:0.003134s ] mysql:host=127.0.0.1;dbname=mall;charset=utf8
[ sql ] [ SQL ] SHOW COLUMNS FROM `pyg_admin` [ RunTime:0.002521s ]
[ sql ] [ SQL ] SELECT * FROM `pyg_admin` WHERE  `id` = 1 LIMIT 1 [ RunTime:0.000585s ]
[ sql ] [ SQL ] SHOW COLUMNS FROM `pyg_orders` [ RunTime:0.004730s ]
[ sql ] [ SQL ] SELECT COUNT(*) AS tp_count FROM `pyg_orders` `o` LEFT JOIN `pyg_users` `u` ON `o`.`userId`=`u`.`userId` WHERE  `o`.`dataFlag` = '1' [ RunTime:0.002819s ]
[ sql ] [ SQL ] SELECT `o`.`orderId`,`o`.`orderNo`,`u`.`loginName`,`o`.`totalMoney`,`o`.`orderStatus`,`o`.`userName`,`payType`,`o`.`createTime` FROM `pyg_orders` `o` LEFT JOIN `pyg_users` `u` ON `o`.`userId`=`u`.`userId` WHERE  `o`.`dataFlag` = '1' ORDER BY `createTime` DESC LIMIT 0,20 [ RunTime:0.001205s ]
---------------------------------------------------------------
[2019-07-23T16:00:09+08:00] 127.0.0.1 GET tp-mall.com/seckill.html
[运行时间：6.243857s] [吞吐率：0.16req/s] [内存消耗：3,359.88kb] [文件加载：96]
[ info ] [ LANG ] E:\phpStudy\PHPTutorial\WWW\mall\app\thinkphp\lang\zh-cn.php
[ info ] [ ROUTE ] array (
  'rule' => 'seckill',
  'route' => 'index/seckill/index',
  'option' => 
  array (
    'merge_rule_regex' => false,
  ),
  'var' => 
  array (
  ),
)
[ info ] [ HEADER ] array (
  'upgrade-insecure-requests' => '1',
  'cookie' => 'PHPSESSID=bi4njiqmuu1hq4q18f8qmka9dk; thinkphp_show_page_trace=0|0',
  'referer' => 'http://tp-mall.com/',
  'connection' => 'keep-alive',
  'accept-encoding' => 'gzip, deflate',
  'accept-language' => 'zh-CN,zh;q=0.8,zh-TW;q=0.7,zh-HK;q=0.5,en-US;q=0.3,en;q=0.2',
  'accept' => 'text/html,application/xhtml+xml,application/xml;q=0.9,*/*;q=0.8',
  'user-agent' => 'Mozilla/5.0 (Windows NT 10.0; Win64; x64; rv:68.0) Gecko/20100101 Firefox/68.0',
  'host' => 'tp-mall.com',
  'content-length' => '',
  'content-type' => '',
)
[ info ] [ PARAM ] array (
)
[ info ] [ DB ] INIT mysql
[ info ] [ VIEW ] E:\phpStudy\PHPTutorial\WWW\mall\app\application\index\view\seckill\index.html [ array (
  0 => 'baToShiErGoodsList',
) ]
[ sql ] [ DB ] CONNECT:[ UseTime:0.005004s ] mysql:host=127.0.0.1;dbname=mall;charset=utf8
[ sql ] [ SQL ] SHOW COLUMNS FROM `pyg_goods` [ RunTime:0.050323s ]
[ sql ] [ SQL ] SELECT `goodsName`,`goodsImg`,`marketPrice`,`proPrice`,`proStartTime`,`proEndTime`,`goodsStock` FROM `pyg_goods` WHERE  `dataFlag` = 1  AND `proStartTime` = '2019-07-12 12:00:00'  AND `proEndTime` = '2019-07-12 14:00:00' [ RunTime:0.000998s ]
[ sql ] [ SQL ] SHOW COLUMNS FROM `pyg_carts` [ RunTime:0.003725s ]
[ sql ] [ SQL ] SELECT SUM(`cartNum`) AS tp_sum FROM `pyg_carts` WHERE  `userId` IS NULL [ RunTime:0.001114s ]
[ error ] [8]未定义变量: keyword[E:\phpStudy\PHPTutorial\WWW\mall\app\runtime\temp\e47f7bb88f686a6f42de93742988a70b.php:106]
---------------------------------------------------------------
[2019-07-23T16:00:10+08:00] 127.0.0.1 GET tp-mall.com/img/wx_cz.jpg
[运行时间：0.148293s] [吞吐率：6.74req/s] [内存消耗：1,933.88kb] [文件加载：75]
[ info ] [ LANG ] E:\phpStudy\PHPTutorial\WWW\mall\app\thinkphp\lang\zh-cn.php
[ info ] [ ROUTE ] array (
)
[ info ] [ HEADER ] array (
  'cookie' => 'PHPSESSID=bi4njiqmuu1hq4q18f8qmka9dk; thinkphp_show_page_trace=0|0',
  'referer' => 'http://tp-mall.com/seckill.html',
  'connection' => 'keep-alive',
  'accept-encoding' => 'gzip, deflate',
  'accept-language' => 'zh-CN,zh;q=0.8,zh-TW;q=0.7,zh-HK;q=0.5,en-US;q=0.3,en;q=0.2',
  'accept' => 'image/webp,*/*',
  'user-agent' => 'Mozilla/5.0 (Windows NT 10.0; Win64; x64; rv:68.0) Gecko/20100101 Firefox/68.0',
  'host' => 'tp-mall.com',
  'content-length' => '',
  'content-type' => '',
)
[ info ] [ PARAM ] array (
)
---------------------------------------------------------------
[2019-07-23T16:00:22+08:00] 127.0.0.1 POST tp-mall.com/index/index/getcart
[运行时间：0.078346s] [吞吐率：12.76req/s] [内存消耗：2,735.38kb] [文件加载：81]
[ info ] [ LANG ] E:\phpStudy\PHPTutorial\WWW\mall\app\thinkphp\lang\zh-cn.php
[ info ] [ ROUTE ] array (
)
[ info ] [ HEADER ] array (
  'content-length' => '0',
  'cookie' => 'PHPSESSID=bi4njiqmuu1hq4q18f8qmka9dk; thinkphp_show_page_trace=0|0',
  'referer' => 'http://tp-mall.com/seckill.html',
  'connection' => 'keep-alive',
  'x-requested-with' => 'XMLHttpRequest',
  'accept-encoding' => 'gzip, deflate',
  'accept-language' => 'zh-CN,zh;q=0.8,zh-TW;q=0.7,zh-HK;q=0.5,en-US;q=0.3,en;q=0.2',
  'accept' => '*/*',
  'user-agent' => 'Mozilla/5.0 (Windows NT 10.0; Win64; x64; rv:68.0) Gecko/20100101 Firefox/68.0',
  'host' => 'tp-mall.com',
  'content-type' => '',
)
[ info ] [ PARAM ] array (
)
[ info ] [ DB ] INIT mysql
[ sql ] [ DB ] CONNECT:[ UseTime:0.006150s ] mysql:host=127.0.0.1;dbname=mall;charset=utf8
[ sql ] [ SQL ] SHOW COLUMNS FROM `pyg_carts` [ RunTime:0.002171s ]
[ sql ] [ SQL ] SELECT `goodsId`,`userId`,`cartNum` FROM `pyg_carts` WHERE  `userId` IS NULL [ RunTime:0.000448s ]
[ sql ] [ SQL ] SELECT SUM(`cartNum`) AS tp_sum FROM `pyg_carts` WHERE  `userId` IS NULL [ RunTime:0.000379s ]
---------------------------------------------------------------
[2019-07-23T16:33:02+08:00] 127.0.0.1 GET tp-mall.com/
[运行时间：0.252269s] [吞吐率：3.96req/s] [内存消耗：3,071.99kb] [文件加载：87]
[ info ] [ LANG ] E:\phpStudy\PHPTutorial\WWW\mall\app\thinkphp\lang\zh-cn.php
[ info ] [ ROUTE ] array (
)
[ info ] [ HEADER ] array (
  'upgrade-insecure-requests' => '1',
  'cookie' => 'PHPSESSID=bi4njiqmuu1hq4q18f8qmka9dk; thinkphp_show_page_trace=0|0',
  'connection' => 'keep-alive',
  'accept-encoding' => 'gzip, deflate',
  'accept-language' => 'zh-CN,zh;q=0.8,zh-TW;q=0.7,zh-HK;q=0.5,en-US;q=0.3,en;q=0.2',
  'accept' => 'text/html,application/xhtml+xml,application/xml;q=0.9,*/*;q=0.8',
  'user-agent' => 'Mozilla/5.0 (Windows NT 10.0; Win64; x64; rv:68.0) Gecko/20100101 Firefox/68.0',
  'host' => 'tp-mall.com',
  'content-length' => '',
  'content-type' => '',
)
[ info ] [ PARAM ] array (
)
[ info ] [ VIEW ] E:\phpStudy\PHPTutorial\WWW\mall\app\application\index\view\index\index.html [ array (
) ]
[ info ] [ DB ] INIT mysql
[ error ] [8]未定义变量: keyword[E:\phpStudy\PHPTutorial\WWW\mall\app\runtime\temp\41fb263d29eccb54c36ab8c4e36004c4.php:106]
[ error ] [8]未定义数组索引: list[E:\phpStudy\PHPTutorial\WWW\mall\app\runtime\temp\41fb263d29eccb54c36ab8c4e36004c4.php:176]
[ error ] [8]未定义数组索引: list[E:\phpStudy\PHPTutorial\WWW\mall\app\runtime\temp\41fb263d29eccb54c36ab8c4e36004c4.php:176]
[ error ] [8]未定义数组索引: list[E:\phpStudy\PHPTutorial\WWW\mall\app\runtime\temp\41fb263d29eccb54c36ab8c4e36004c4.php:176]
[ error ] [8]未定义数组索引: list[E:\phpStudy\PHPTutorial\WWW\mall\app\runtime\temp\41fb263d29eccb54c36ab8c4e36004c4.php:176]
[ error ] [8]未定义数组索引: list[E:\phpStudy\PHPTutorial\WWW\mall\app\runtime\temp\41fb263d29eccb54c36ab8c4e36004c4.php:176]
[ error ] [8]未定义数组索引: list[E:\phpStudy\PHPTutorial\WWW\mall\app\runtime\temp\41fb263d29eccb54c36ab8c4e36004c4.php:176]
[ error ] [8]未定义数组索引: list[E:\phpStudy\PHPTutorial\WWW\mall\app\runtime\temp\41fb263d29eccb54c36ab8c4e36004c4.php:176]
[ error ] [8]未定义数组索引: list[E:\phpStudy\PHPTutorial\WWW\mall\app\runtime\temp\41fb263d29eccb54c36ab8c4e36004c4.php:176]
[ error ] [8]未定义数组索引: list[E:\phpStudy\PHPTutorial\WWW\mall\app\runtime\temp\41fb263d29eccb54c36ab8c4e36004c4.php:176]
[ error ] [8]未定义数组索引: list[E:\phpStudy\PHPTutorial\WWW\mall\app\runtime\temp\41fb263d29eccb54c36ab8c4e36004c4.php:176]
[ error ] [8]未定义数组索引: list[E:\phpStudy\PHPTutorial\WWW\mall\app\runtime\temp\41fb263d29eccb54c36ab8c4e36004c4.php:176]
[ error ] [8]未定义数组索引: list[E:\phpStudy\PHPTutorial\WWW\mall\app\runtime\temp\41fb263d29eccb54c36ab8c4e36004c4.php:176]
[ error ] [8]未定义数组索引: list[E:\phpStudy\PHPTutorial\WWW\mall\app\runtime\temp\41fb263d29eccb54c36ab8c4e36004c4.php:176]
[ error ] [8]未定义数组索引: list[E:\phpStudy\PHPTutorial\WWW\mall\app\runtime\temp\41fb263d29eccb54c36ab8c4e36004c4.php:176]
[ error ] [8]未定义数组索引: list[E:\phpStudy\PHPTutorial\WWW\mall\app\runtime\temp\41fb263d29eccb54c36ab8c4e36004c4.php:176]
[ error ] [8]未定义数组索引: list[E:\phpStudy\PHPTutorial\WWW\mall\app\runtime\temp\41fb263d29eccb54c36ab8c4e36004c4.php:176]
[ error ] [8]未定义数组索引: list[E:\phpStudy\PHPTutorial\WWW\mall\app\runtime\temp\41fb263d29eccb54c36ab8c4e36004c4.php:176]
[ error ] [8]未定义数组索引: list[E:\phpStudy\PHPTutorial\WWW\mall\app\runtime\temp\41fb263d29eccb54c36ab8c4e36004c4.php:176]
[ error ] [8]未定义数组索引: list[E:\phpStudy\PHPTutorial\WWW\mall\app\runtime\temp\41fb263d29eccb54c36ab8c4e36004c4.php:176]
[ error ] [8]未定义数组索引: list[E:\phpStudy\PHPTutorial\WWW\mall\app\runtime\temp\41fb263d29eccb54c36ab8c4e36004c4.php:176]
[ error ] [8]未定义数组索引: list[E:\phpStudy\PHPTutorial\WWW\mall\app\runtime\temp\41fb263d29eccb54c36ab8c4e36004c4.php:176]
[ error ] [8]未定义数组索引: list[E:\phpStudy\PHPTutorial\WWW\mall\app\runtime\temp\41fb263d29eccb54c36ab8c4e36004c4.php:176]
[ error ] [8]未定义数组索引: list[E:\phpStudy\PHPTutorial\WWW\mall\app\runtime\temp\41fb263d29eccb54c36ab8c4e36004c4.php:176]
[ error ] [8]未定义数组索引: list[E:\phpStudy\PHPTutorial\WWW\mall\app\runtime\temp\41fb263d29eccb54c36ab8c4e36004c4.php:176]
[ error ] [8]未定义数组索引: list[E:\phpStudy\PHPTutorial\WWW\mall\app\runtime\temp\41fb263d29eccb54c36ab8c4e36004c4.php:176]
[ error ] [8]未定义数组索引: list[E:\phpStudy\PHPTutorial\WWW\mall\app\runtime\temp\41fb263d29eccb54c36ab8c4e36004c4.php:176]
[ error ] [8]未定义数组索引: list[E:\phpStudy\PHPTutorial\WWW\mall\app\runtime\temp\41fb263d29eccb54c36ab8c4e36004c4.php:176]
[ error ] [8]未定义数组索引: list[E:\phpStudy\PHPTutorial\WWW\mall\app\runtime\temp\41fb263d29eccb54c36ab8c4e36004c4.php:176]
[ error ] [8]未定义数组索引: list[E:\phpStudy\PHPTutorial\WWW\mall\app\runtime\temp\41fb263d29eccb54c36ab8c4e36004c4.php:176]
[ error ] [8]未定义数组索引: list[E:\phpStudy\PHPTutorial\WWW\mall\app\runtime\temp\41fb263d29eccb54c36ab8c4e36004c4.php:176]
[ error ] [8]未定义数组索引: list[E:\phpStudy\PHPTutorial\WWW\mall\app\runtime\temp\41fb263d29eccb54c36ab8c4e36004c4.php:176]
[ error ] [8]未定义数组索引: list[E:\phpStudy\PHPTutorial\WWW\mall\app\runtime\temp\41fb263d29eccb54c36ab8c4e36004c4.php:176]
[ error ] [8]未定义数组索引: list[E:\phpStudy\PHPTutorial\WWW\mall\app\runtime\temp\41fb263d29eccb54c36ab8c4e36004c4.php:176]
[ error ] [8]未定义数组索引: list[E:\phpStudy\PHPTutorial\WWW\mall\app\runtime\temp\41fb263d29eccb54c36ab8c4e36004c4.php:176]
[ error ] [8]未定义数组索引: list[E:\phpStudy\PHPTutorial\WWW\mall\app\runtime\temp\41fb263d29eccb54c36ab8c4e36004c4.php:176]
[ error ] [8]未定义数组索引: list[E:\phpStudy\PHPTutorial\WWW\mall\app\runtime\temp\41fb263d29eccb54c36ab8c4e36004c4.php:176]
[ error ] [8]未定义数组索引: adURL[E:\phpStudy\PHPTutorial\WWW\mall\app\runtime\temp\41fb263d29eccb54c36ab8c4e36004c4.php:207]
[ error ] [8]未定义数组索引: positionWidth[E:\phpStudy\PHPTutorial\WWW\mall\app\runtime\temp\41fb263d29eccb54c36ab8c4e36004c4.php:426]
[ error ] [8]未定义数组索引: positionHeight[E:\phpStudy\PHPTutorial\WWW\mall\app\runtime\temp\41fb263d29eccb54c36ab8c4e36004c4.php:426]
[ sql ] [ DB ] CONNECT:[ UseTime:0.023814s ] mysql:host=127.0.0.1;dbname=mall;charset=utf8
[ sql ] [ SQL ] SHOW COLUMNS FROM `pyg_carts` [ RunTime:0.064257s ]
[ sql ] [ SQL ] SELECT SUM(`cartNum`) AS tp_sum FROM `pyg_carts` WHERE  `userId` IS NULL [ RunTime:0.000744s ]
[ sql ] [ SQL ] SHOW COLUMNS FROM `pyg_goods` [ RunTime:0.038757s ]
[ sql ] [ SQL ] SELECT `goodsId`,`goodsName`,`goodsImg`,`marketPrice` FROM `pyg_goods` WHERE  `dataFlag` = 1  AND `isSale` = 1 ORDER BY rand() LIMIT 6 [ RunTime:0.001189s ]
---------------------------------------------------------------
[2019-07-23T16:33:02+08:00] 127.0.0.1 GET tp-mall.com/img/wx_cz.jpg
[运行时间：0.152047s] [吞吐率：6.58req/s] [内存消耗：1,933.88kb] [文件加载：75]
[ info ] [ LANG ] E:\phpStudy\PHPTutorial\WWW\mall\app\thinkphp\lang\zh-cn.php
[ info ] [ ROUTE ] array (
)
[ info ] [ HEADER ] array (
  'cookie' => 'PHPSESSID=bi4njiqmuu1hq4q18f8qmka9dk; thinkphp_show_page_trace=0|0',
  'referer' => 'http://tp-mall.com/',
  'connection' => 'keep-alive',
  'accept-encoding' => 'gzip, deflate',
  'accept-language' => 'zh-CN,zh;q=0.8,zh-TW;q=0.7,zh-HK;q=0.5,en-US;q=0.3,en;q=0.2',
  'accept' => 'image/webp,*/*',
  'user-agent' => 'Mozilla/5.0 (Windows NT 10.0; Win64; x64; rv:68.0) Gecko/20100101 Firefox/68.0',
  'host' => 'tp-mall.com',
  'content-length' => '',
  'content-type' => '',
)
[ info ] [ PARAM ] array (
)
---------------------------------------------------------------
[2019-07-23T16:33:03+08:00] 127.0.0.1 POST tp-mall.com/index/index/getcart
[运行时间：0.109641s] [吞吐率：9.12req/s] [内存消耗：2,735.38kb] [文件加载：81]
[ info ] [ LANG ] E:\phpStudy\PHPTutorial\WWW\mall\app\thinkphp\lang\zh-cn.php
[ info ] [ ROUTE ] array (
)
[ info ] [ HEADER ] array (
  'content-length' => '0',
  'cookie' => 'PHPSESSID=bi4njiqmuu1hq4q18f8qmka9dk; thinkphp_show_page_trace=0|0',
  'referer' => 'http://tp-mall.com/',
  'connection' => 'keep-alive',
  'x-requested-with' => 'XMLHttpRequest',
  'accept-encoding' => 'gzip, deflate',
  'accept-language' => 'zh-CN,zh;q=0.8,zh-TW;q=0.7,zh-HK;q=0.5,en-US;q=0.3,en;q=0.2',
  'accept' => '*/*',
  'user-agent' => 'Mozilla/5.0 (Windows NT 10.0; Win64; x64; rv:68.0) Gecko/20100101 Firefox/68.0',
  'host' => 'tp-mall.com',
  'content-type' => '',
)
[ info ] [ PARAM ] array (
)
[ info ] [ DB ] INIT mysql
[ sql ] [ DB ] CONNECT:[ UseTime:0.005634s ] mysql:host=127.0.0.1;dbname=mall;charset=utf8
[ sql ] [ SQL ] SHOW COLUMNS FROM `pyg_carts` [ RunTime:0.004970s ]
[ sql ] [ SQL ] SELECT `goodsId`,`userId`,`cartNum` FROM `pyg_carts` WHERE  `userId` IS NULL [ RunTime:0.001184s ]
[ sql ] [ SQL ] SELECT SUM(`cartNum`) AS tp_sum FROM `pyg_carts` WHERE  `userId` IS NULL [ RunTime:0.000811s ]
---------------------------------------------------------------
[2019-07-23T16:33:07+08:00] 127.0.0.1 GET tp-mall.com/
[运行时间：0.121276s] [吞吐率：8.25req/s] [内存消耗：3,070.40kb] [文件加载：87]
[ info ] [ LANG ] E:\phpStudy\PHPTutorial\WWW\mall\app\thinkphp\lang\zh-cn.php
[ info ] [ ROUTE ] array (
)
[ info ] [ HEADER ] array (
  'cache-control' => 'no-cache',
  'pragma' => 'no-cache',
  'upgrade-insecure-requests' => '1',
  'connection' => 'keep-alive',
  'dnt' => '1',
  'accept-encoding' => 'gzip, deflate',
  'accept-language' => 'zh-CN,zh;q=0.8,zh-TW;q=0.7,zh-HK;q=0.5,en-US;q=0.3,en;q=0.2',
  'accept' => 'text/html,application/xhtml+xml,application/xml;q=0.9,*/*;q=0.8',
  'user-agent' => 'Mozilla/5.0 (Windows NT 10.0; Win64; x64; rv:68.0) Gecko/20100101 Firefox/68.0',
  'host' => 'tp-mall.com',
  'content-length' => '',
  'content-type' => '',
)
[ info ] [ PARAM ] array (
)
[ info ] [ VIEW ] E:\phpStudy\PHPTutorial\WWW\mall\app\application\index\view\index\index.html [ array (
) ]
[ info ] [ DB ] INIT mysql
[ error ] [8]未定义变量: keyword[E:\phpStudy\PHPTutorial\WWW\mall\app\runtime\temp\41fb263d29eccb54c36ab8c4e36004c4.php:106]
[ error ] [8]未定义数组索引: list[E:\phpStudy\PHPTutorial\WWW\mall\app\runtime\temp\41fb263d29eccb54c36ab8c4e36004c4.php:176]
[ error ] [8]未定义数组索引: list[E:\phpStudy\PHPTutorial\WWW\mall\app\runtime\temp\41fb263d29eccb54c36ab8c4e36004c4.php:176]
[ error ] [8]未定义数组索引: list[E:\phpStudy\PHPTutorial\WWW\mall\app\runtime\temp\41fb263d29eccb54c36ab8c4e36004c4.php:176]
[ error ] [8]未定义数组索引: list[E:\phpStudy\PHPTutorial\WWW\mall\app\runtime\temp\41fb263d29eccb54c36ab8c4e36004c4.php:176]
[ error ] [8]未定义数组索引: list[E:\phpStudy\PHPTutorial\WWW\mall\app\runtime\temp\41fb263d29eccb54c36ab8c4e36004c4.php:176]
[ error ] [8]未定义数组索引: list[E:\phpStudy\PHPTutorial\WWW\mall\app\runtime\temp\41fb263d29eccb54c36ab8c4e36004c4.php:176]
[ error ] [8]未定义数组索引: list[E:\phpStudy\PHPTutorial\WWW\mall\app\runtime\temp\41fb263d29eccb54c36ab8c4e36004c4.php:176]
[ error ] [8]未定义数组索引: list[E:\phpStudy\PHPTutorial\WWW\mall\app\runtime\temp\41fb263d29eccb54c36ab8c4e36004c4.php:176]
[ error ] [8]未定义数组索引: list[E:\phpStudy\PHPTutorial\WWW\mall\app\runtime\temp\41fb263d29eccb54c36ab8c4e36004c4.php:176]
[ error ] [8]未定义数组索引: list[E:\phpStudy\PHPTutorial\WWW\mall\app\runtime\temp\41fb263d29eccb54c36ab8c4e36004c4.php:176]
[ error ] [8]未定义数组索引: list[E:\phpStudy\PHPTutorial\WWW\mall\app\runtime\temp\41fb263d29eccb54c36ab8c4e36004c4.php:176]
[ error ] [8]未定义数组索引: list[E:\phpStudy\PHPTutorial\WWW\mall\app\runtime\temp\41fb263d29eccb54c36ab8c4e36004c4.php:176]
[ error ] [8]未定义数组索引: list[E:\phpStudy\PHPTutorial\WWW\mall\app\runtime\temp\41fb263d29eccb54c36ab8c4e36004c4.php:176]
[ error ] [8]未定义数组索引: list[E:\phpStudy\PHPTutorial\WWW\mall\app\runtime\temp\41fb263d29eccb54c36ab8c4e36004c4.php:176]
[ error ] [8]未定义数组索引: list[E:\phpStudy\PHPTutorial\WWW\mall\app\runtime\temp\41fb263d29eccb54c36ab8c4e36004c4.php:176]
[ error ] [8]未定义数组索引: list[E:\phpStudy\PHPTutorial\WWW\mall\app\runtime\temp\41fb263d29eccb54c36ab8c4e36004c4.php:176]
[ error ] [8]未定义数组索引: list[E:\phpStudy\PHPTutorial\WWW\mall\app\runtime\temp\41fb263d29eccb54c36ab8c4e36004c4.php:176]
[ error ] [8]未定义数组索引: list[E:\phpStudy\PHPTutorial\WWW\mall\app\runtime\temp\41fb263d29eccb54c36ab8c4e36004c4.php:176]
[ error ] [8]未定义数组索引: list[E:\phpStudy\PHPTutorial\WWW\mall\app\runtime\temp\41fb263d29eccb54c36ab8c4e36004c4.php:176]
[ error ] [8]未定义数组索引: list[E:\phpStudy\PHPTutorial\WWW\mall\app\runtime\temp\41fb263d29eccb54c36ab8c4e36004c4.php:176]
[ error ] [8]未定义数组索引: list[E:\phpStudy\PHPTutorial\WWW\mall\app\runtime\temp\41fb263d29eccb54c36ab8c4e36004c4.php:176]
[ error ] [8]未定义数组索引: list[E:\phpStudy\PHPTutorial\WWW\mall\app\runtime\temp\41fb263d29eccb54c36ab8c4e36004c4.php:176]
[ error ] [8]未定义数组索引: list[E:\phpStudy\PHPTutorial\WWW\mall\app\runtime\temp\41fb263d29eccb54c36ab8c4e36004c4.php:176]
[ error ] [8]未定义数组索引: list[E:\phpStudy\PHPTutorial\WWW\mall\app\runtime\temp\41fb263d29eccb54c36ab8c4e36004c4.php:176]
[ error ] [8]未定义数组索引: list[E:\phpStudy\PHPTutorial\WWW\mall\app\runtime\temp\41fb263d29eccb54c36ab8c4e36004c4.php:176]
[ error ] [8]未定义数组索引: list[E:\phpStudy\PHPTutorial\WWW\mall\app\runtime\temp\41fb263d29eccb54c36ab8c4e36004c4.php:176]
[ error ] [8]未定义数组索引: list[E:\phpStudy\PHPTutorial\WWW\mall\app\runtime\temp\41fb263d29eccb54c36ab8c4e36004c4.php:176]
[ error ] [8]未定义数组索引: list[E:\phpStudy\PHPTutorial\WWW\mall\app\runtime\temp\41fb263d29eccb54c36ab8c4e36004c4.php:176]
[ error ] [8]未定义数组索引: list[E:\phpStudy\PHPTutorial\WWW\mall\app\runtime\temp\41fb263d29eccb54c36ab8c4e36004c4.php:176]
[ error ] [8]未定义数组索引: list[E:\phpStudy\PHPTutorial\WWW\mall\app\runtime\temp\41fb263d29eccb54c36ab8c4e36004c4.php:176]
[ error ] [8]未定义数组索引: list[E:\phpStudy\PHPTutorial\WWW\mall\app\runtime\temp\41fb263d29eccb54c36ab8c4e36004c4.php:176]
[ error ] [8]未定义数组索引: list[E:\phpStudy\PHPTutorial\WWW\mall\app\runtime\temp\41fb263d29eccb54c36ab8c4e36004c4.php:176]
[ error ] [8]未定义数组索引: list[E:\phpStudy\PHPTutorial\WWW\mall\app\runtime\temp\41fb263d29eccb54c36ab8c4e36004c4.php:176]
[ error ] [8]未定义数组索引: list[E:\phpStudy\PHPTutorial\WWW\mall\app\runtime\temp\41fb263d29eccb54c36ab8c4e36004c4.php:176]
[ error ] [8]未定义数组索引: list[E:\phpStudy\PHPTutorial\WWW\mall\app\runtime\temp\41fb263d29eccb54c36ab8c4e36004c4.php:176]
[ error ] [8]未定义数组索引: list[E:\phpStudy\PHPTutorial\WWW\mall\app\runtime\temp\41fb263d29eccb54c36ab8c4e36004c4.php:176]
[ error ] [8]未定义数组索引: adURL[E:\phpStudy\PHPTutorial\WWW\mall\app\runtime\temp\41fb263d29eccb54c36ab8c4e36004c4.php:207]
[ error ] [8]未定义数组索引: positionWidth[E:\phpStudy\PHPTutorial\WWW\mall\app\runtime\temp\41fb263d29eccb54c36ab8c4e36004c4.php:426]
[ error ] [8]未定义数组索引: positionHeight[E:\phpStudy\PHPTutorial\WWW\mall\app\runtime\temp\41fb263d29eccb54c36ab8c4e36004c4.php:426]
[ sql ] [ DB ] CONNECT:[ UseTime:0.004486s ] mysql:host=127.0.0.1;dbname=mall;charset=utf8
[ sql ] [ SQL ] SHOW COLUMNS FROM `pyg_carts` [ RunTime:0.001912s ]
[ sql ] [ SQL ] SELECT SUM(`cartNum`) AS tp_sum FROM `pyg_carts` WHERE  `userId` IS NULL [ RunTime:0.000396s ]
[ sql ] [ SQL ] SHOW COLUMNS FROM `pyg_goods` [ RunTime:0.002203s ]
[ sql ] [ SQL ] SELECT `goodsId`,`goodsName`,`goodsImg`,`marketPrice` FROM `pyg_goods` WHERE  `dataFlag` = 1  AND `isSale` = 1 ORDER BY rand() LIMIT 6 [ RunTime:0.000616s ]
---------------------------------------------------------------
[2019-07-23T16:33:08+08:00] 127.0.0.1 GET tp-mall.com/img/wx_cz.jpg
[运行时间：0.168406s] [吞吐率：5.94req/s] [内存消耗：1,933.92kb] [文件加载：75]
[ info ] [ LANG ] E:\phpStudy\PHPTutorial\WWW\mall\app\thinkphp\lang\zh-cn.php
[ info ] [ ROUTE ] array (
)
[ info ] [ HEADER ] array (
  'cache-control' => 'no-cache',
  'pragma' => 'no-cache',
  'referer' => 'http://tp-mall.com/',
  'connection' => 'keep-alive',
  'dnt' => '1',
  'accept-encoding' => 'gzip, deflate',
  'accept-language' => 'zh-CN,zh;q=0.8,zh-TW;q=0.7,zh-HK;q=0.5,en-US;q=0.3,en;q=0.2',
  'accept' => 'image/webp,*/*',
  'user-agent' => 'Mozilla/5.0 (Windows NT 10.0; Win64; x64; rv:68.0) Gecko/20100101 Firefox/68.0',
  'host' => 'tp-mall.com',
  'content-length' => '',
  'content-type' => '',
)
[ info ] [ PARAM ] array (
)
---------------------------------------------------------------
[2019-07-23T16:33:08+08:00] 127.0.0.1 GET tp-mall.com/assets/img/favicon.ico
[运行时间：0.092144s] [吞吐率：10.85req/s] [内存消耗：1,933.51kb] [文件加载：75]
[ info ] [ LANG ] E:\phpStudy\PHPTutorial\WWW\mall\app\thinkphp\lang\zh-cn.php
[ info ] [ ROUTE ] array (
)
[ info ] [ HEADER ] array (
  'cache-control' => 'no-cache',
  'pragma' => 'no-cache',
  'connection' => 'keep-alive',
  'dnt' => '1',
  'accept-encoding' => 'gzip, deflate',
  'accept-language' => 'zh-CN,zh;q=0.8,zh-TW;q=0.7,zh-HK;q=0.5,en-US;q=0.3,en;q=0.2',
  'accept' => 'image/webp,*/*',
  'user-agent' => 'Mozilla/5.0 (Windows NT 10.0; Win64; x64; rv:68.0) Gecko/20100101 Firefox/68.0',
  'host' => 'tp-mall.com',
  'content-length' => '',
  'content-type' => '',
)
[ info ] [ PARAM ] array (
)
---------------------------------------------------------------
[2019-07-23T21:59:12+08:00] 127.0.0.1 GET tp-mall.com/admin/index/index.html
[运行时间：0.665278s] [吞吐率：1.50req/s] [内存消耗：3,486.61kb] [文件加载：97]
[ info ] [ LANG ] E:\phpStudy\PHPTutorial\WWW\mall\app\thinkphp\lang\zh-cn.php
[ info ] [ ROUTE ] array (
)
[ info ] [ HEADER ] array (
  'cache-control' => 'max-age=0',
  'upgrade-insecure-requests' => '1',
  'cookie' => 'thinkphp_show_page_trace=0|0; PHPSESSID=bi4njiqmuu1hq4q18f8qmka9dk; thinkphp_show_page_trace=0|0',
  'connection' => 'keep-alive',
  'referer' => 'http://tp-mall.com/admin/index/login.html',
  'accept-encoding' => 'gzip, deflate',
  'accept-language' => 'zh-CN,zh;q=0.8,zh-TW;q=0.7,zh-HK;q=0.5,en-US;q=0.3,en;q=0.2',
  'accept' => 'text/html,application/xhtml+xml,application/xml;q=0.9,*/*;q=0.8',
  'user-agent' => 'Mozilla/5.0 (Windows NT 10.0; Win64; x64; rv:68.0) Gecko/20100101 Firefox/68.0',
  'host' => 'tp-mall.com',
  'content-length' => '',
  'content-type' => '',
)
[ info ] [ PARAM ] array (
)
[ info ] [ DB ] INIT mysql
[ info ] [ VIEW ] E:\phpStudy\PHPTutorial\WWW\mall\app\application\admin\view\index\index.html [ array (
  0 => 'userInfo',
  1 => 'SUBMENU_CONFIG',
) ]
[ sql ] [ DB ] CONNECT:[ UseTime:0.008458s ] mysql:host=127.0.0.1;dbname=mall;charset=utf8
[ sql ] [ SQL ] SHOW COLUMNS FROM `pyg_admin` [ RunTime:0.003289s ]
[ sql ] [ SQL ] SELECT * FROM `pyg_admin` WHERE  `id` = 1 LIMIT 1 [ RunTime:0.000742s ]
[ sql ] [ SQL ] SHOW COLUMNS FROM `pyg_menu` [ RunTime:0.003771s ]
[ sql ] [ SQL ] SELECT * FROM `pyg_menu` WHERE  `parentid` = 0  AND `status` = 1 ORDER BY `listorder` ASC,`id` ASC [ RunTime:0.001428s ]
[ sql ] [ SQL ] SELECT * FROM `pyg_menu` WHERE  `parentid` = 3  AND `status` = 1 ORDER BY `listorder` ASC,`id` ASC [ RunTime:0.000985s ]
[ sql ] [ SQL ] SELECT * FROM `pyg_menu` WHERE  `parentid` = 10  AND `status` = 1 ORDER BY `listorder` ASC,`id` ASC [ RunTime:0.001071s ]
[ sql ] [ SQL ] SELECT * FROM `pyg_menu` WHERE  `parentid` = 11  AND `status` = 1 ORDER BY `listorder` ASC,`id` ASC [ RunTime:0.000969s ]
[ sql ] [ SQL ] SELECT * FROM `pyg_menu` WHERE  `parentid` = 24  AND `status` = 1 ORDER BY `listorder` ASC,`id` ASC [ RunTime:0.001072s ]
[ sql ] [ SQL ] SELECT * FROM `pyg_menu` WHERE  `parentid` = 25  AND `status` = 1 ORDER BY `listorder` ASC,`id` ASC [ RunTime:0.000996s ]
[ sql ] [ SQL ] SELECT * FROM `pyg_menu` WHERE  `parentid` = 26  AND `status` = 1 ORDER BY `listorder` ASC,`id` ASC [ RunTime:0.000831s ]
[ sql ] [ SQL ] SELECT * FROM `pyg_menu` WHERE  `parentid` = 13  AND `status` = 1 ORDER BY `listorder` ASC,`id` ASC [ RunTime:0.000846s ]
[ sql ] [ SQL ] SELECT * FROM `pyg_menu` WHERE  `parentid` = 14  AND `status` = 1 ORDER BY `listorder` ASC,`id` ASC [ RunTime:0.001254s ]
[ sql ] [ SQL ] SELECT * FROM `pyg_menu` WHERE  `parentid` = 27  AND `status` = 1 ORDER BY `listorder` ASC,`id` ASC [ RunTime:0.000699s ]
[ sql ] [ SQL ] SELECT * FROM `pyg_menu` WHERE  `parentid` = 28  AND `status` = 1 ORDER BY `listorder` ASC,`id` ASC [ RunTime:0.000805s ]
[ sql ] [ SQL ] SELECT * FROM `pyg_menu` WHERE  `parentid` = 29  AND `status` = 1 ORDER BY `listorder` ASC,`id` ASC [ RunTime:0.001189s ]
[ sql ] [ SQL ] SELECT * FROM `pyg_menu` WHERE  `parentid` = 23  AND `status` = 1 ORDER BY `listorder` ASC,`id` ASC [ RunTime:0.002749s ]
[ sql ] [ SQL ] SELECT * FROM `pyg_menu` WHERE  `parentid` = 30  AND `status` = 1 ORDER BY `listorder` ASC,`id` ASC [ RunTime:0.000936s ]
[ sql ] [ SQL ] SELECT * FROM `pyg_menu` WHERE  `parentid` = 31  AND `status` = 1 ORDER BY `listorder` ASC,`id` ASC [ RunTime:0.000843s ]
[ sql ] [ SQL ] SELECT * FROM `pyg_menu` WHERE  `parentid` = 15  AND `status` = 1 ORDER BY `listorder` ASC,`id` ASC [ RunTime:0.001226s ]
[ sql ] [ SQL ] SELECT * FROM `pyg_menu` WHERE  `parentid` = 16  AND `status` = 1 ORDER BY `listorder` ASC,`id` ASC [ RunTime:0.001125s ]
[ sql ] [ SQL ] SELECT * FROM `pyg_menu` WHERE  `parentid` = 18  AND `status` = 1 ORDER BY `listorder` ASC,`id` ASC [ RunTime:0.000948s ]
[ sql ] [ SQL ] SELECT * FROM `pyg_menu` WHERE  `parentid` = 19  AND `status` = 1 ORDER BY `listorder` ASC,`id` ASC [ RunTime:0.001034s ]
[ sql ] [ SQL ] SELECT * FROM `pyg_menu` WHERE  `parentid` = 21  AND `status` = 1 ORDER BY `listorder` ASC,`id` ASC [ RunTime:0.001021s ]
[ sql ] [ SQL ] SELECT * FROM `pyg_menu` WHERE  `parentid` = 17  AND `status` = 1 ORDER BY `listorder` ASC,`id` ASC [ RunTime:0.001267s ]
[ sql ] [ SQL ] SELECT * FROM `pyg_menu` WHERE  `parentid` = 22  AND `status` = 1 ORDER BY `listorder` ASC,`id` ASC [ RunTime:0.000983s ]
[ sql ] [ SQL ] SELECT * FROM `pyg_menu` WHERE  `parentid` = 48  AND `status` = 1 ORDER BY `listorder` ASC,`id` ASC [ RunTime:0.001027s ]
[ sql ] [ SQL ] SELECT * FROM `pyg_menu` WHERE  `parentid` = 49  AND `status` = 1 ORDER BY `listorder` ASC,`id` ASC [ RunTime:0.001083s ]
[ sql ] [ SQL ] SELECT * FROM `pyg_menu` WHERE  `parentid` = 50  AND `status` = 1 ORDER BY `listorder` ASC,`id` ASC [ RunTime:0.000949s ]
[ sql ] [ SQL ] SELECT * FROM `pyg_menu` WHERE  `parentid` = 51  AND `status` = 1 ORDER BY `listorder` ASC,`id` ASC [ RunTime:0.001268s ]
[ sql ] [ SQL ] SELECT * FROM `pyg_menu` WHERE  `parentid` = 20  AND `status` = 1 ORDER BY `listorder` ASC,`id` ASC [ RunTime:0.001083s ]
[ sql ] [ SQL ] SELECT * FROM `pyg_menu` WHERE  `parentid` = 12  AND `status` = 1 ORDER BY `listorder` ASC,`id` ASC [ RunTime:0.001047s ]
[ sql ] [ SQL ] SELECT * FROM `pyg_menu` WHERE  `parentid` = 4  AND `status` = 1 ORDER BY `listorder` ASC,`id` ASC [ RunTime:0.001245s ]
[ sql ] [ SQL ] SELECT * FROM `pyg_menu` WHERE  `parentid` = 73  AND `status` = 1 ORDER BY `listorder` ASC,`id` ASC [ RunTime:0.001002s ]
[ sql ] [ SQL ] SELECT * FROM `pyg_menu` WHERE  `parentid` = 78  AND `status` = 1 ORDER BY `listorder` ASC,`id` ASC [ RunTime:0.000915s ]
[ sql ] [ SQL ] SELECT * FROM `pyg_menu` WHERE  `parentid` = 79  AND `status` = 1 ORDER BY `listorder` ASC,`id` ASC [ RunTime:0.000794s ]
[ sql ] [ SQL ] SELECT * FROM `pyg_menu` WHERE  `parentid` = 74  AND `status` = 1 ORDER BY `listorder` ASC,`id` ASC [ RunTime:0.001265s ]
[ sql ] [ SQL ] SELECT * FROM `pyg_menu` WHERE  `parentid` = 105  AND `status` = 1 ORDER BY `listorder` ASC,`id` ASC [ RunTime:0.000859s ]
[ sql ] [ SQL ] SELECT * FROM `pyg_menu` WHERE  `parentid` = 86  AND `status` = 1 ORDER BY `listorder` ASC,`id` ASC [ RunTime:0.000843s ]
[ sql ] [ SQL ] SELECT * FROM `pyg_menu` WHERE  `parentid` = 87  AND `status` = 1 ORDER BY `listorder` ASC,`id` ASC [ RunTime:0.001063s ]
[ sql ] [ SQL ] SELECT * FROM `pyg_menu` WHERE  `parentid` = 85  AND `status` = 1 ORDER BY `listorder` ASC,`id` ASC [ RunTime:0.001449s ]
[ sql ] [ SQL ] SELECT * FROM `pyg_menu` WHERE  `parentid` = 88  AND `status` = 1 ORDER BY `listorder` ASC,`id` ASC [ RunTime:0.000832s ]
[ sql ] [ SQL ] SELECT * FROM `pyg_menu` WHERE  `parentid` = 89  AND `status` = 1 ORDER BY `listorder` ASC,`id` ASC [ RunTime:0.000771s ]
[ sql ] [ SQL ] SELECT * FROM `pyg_menu` WHERE  `parentid` = 90  AND `status` = 1 ORDER BY `listorder` ASC,`id` ASC [ RunTime:0.001023s ]
[ sql ] [ SQL ] SELECT * FROM `pyg_menu` WHERE  `parentid` = 76  AND `status` = 1 ORDER BY `listorder` ASC,`id` ASC [ RunTime:0.000931s ]
[ sql ] [ SQL ] SELECT * FROM `pyg_menu` WHERE  `parentid` = 92  AND `status` = 1 ORDER BY `listorder` ASC,`id` ASC [ RunTime:0.000722s ]
[ sql ] [ SQL ] SELECT * FROM `pyg_menu` WHERE  `parentid` = 93  AND `status` = 1 ORDER BY `listorder` ASC,`id` ASC [ RunTime:0.001269s ]
[ sql ] [ SQL ] SELECT * FROM `pyg_menu` WHERE  `parentid` = 77  AND `status` = 1 ORDER BY `listorder` ASC,`id` ASC [ RunTime:0.001128s ]
[ sql ] [ SQL ] SELECT * FROM `pyg_menu` WHERE  `parentid` = 98  AND `status` = 1 ORDER BY `listorder` ASC,`id` ASC [ RunTime:0.000649s ]
[ sql ] [ SQL ] SELECT * FROM `pyg_menu` WHERE  `parentid` = 100  AND `status` = 1 ORDER BY `listorder` ASC,`id` ASC [ RunTime:0.001264s ]
[ sql ] [ SQL ] SELECT * FROM `pyg_menu` WHERE  `parentid` = 101  AND `status` = 1 ORDER BY `listorder` ASC,`id` ASC [ RunTime:0.000732s ]
[ sql ] [ SQL ] SELECT * FROM `pyg_menu` WHERE  `parentid` = 106  AND `status` = 1 ORDER BY `listorder` ASC,`id` ASC [ RunTime:0.000652s ]
[ sql ] [ SQL ] SELECT * FROM `pyg_menu` WHERE  `parentid` = 107  AND `status` = 1 ORDER BY `listorder` ASC,`id` ASC [ RunTime:0.000807s ]
[ sql ] [ SQL ] SELECT * FROM `pyg_menu` WHERE  `parentid` = 5  AND `status` = 1 ORDER BY `listorder` ASC,`id` ASC [ RunTime:0.001415s ]
[ sql ] [ SQL ] SELECT * FROM `pyg_menu` WHERE  `parentid` = 56  AND `status` = 1 ORDER BY `listorder` ASC,`id` ASC [ RunTime:0.000875s ]
[ sql ] [ SQL ] SELECT * FROM `pyg_menu` WHERE  `parentid` = 58  AND `status` = 1 ORDER BY `listorder` ASC,`id` ASC [ RunTime:0.000947s ]
[ sql ] [ SQL ] SELECT * FROM `pyg_menu` WHERE  `parentid` = 60  AND `status` = 1 ORDER BY `listorder` ASC,`id` ASC [ RunTime:0.001035s ]
[ sql ] [ SQL ] SELECT * FROM `pyg_menu` WHERE  `parentid` = 61  AND `status` = 1 ORDER BY `listorder` ASC,`id` ASC [ RunTime:0.000889s ]
[ sql ] [ SQL ] SELECT * FROM `pyg_menu` WHERE  `parentid` = 62  AND `status` = 1 ORDER BY `listorder` ASC,`id` ASC [ RunTime:0.001137s ]
[ sql ] [ SQL ] SELECT * FROM `pyg_menu` WHERE  `parentid` = 63  AND `status` = 1 ORDER BY `listorder` ASC,`id` ASC [ RunTime:0.001251s ]
[ sql ] [ SQL ] SELECT * FROM `pyg_menu` WHERE  `parentid` = 64  AND `status` = 1 ORDER BY `listorder` ASC,`id` ASC [ RunTime:0.000888s ]
[ sql ] [ SQL ] SELECT * FROM `pyg_menu` WHERE  `parentid` = 65  AND `status` = 1 ORDER BY `listorder` ASC,`id` ASC [ RunTime:0.001034s ]
[ sql ] [ SQL ] SELECT * FROM `pyg_menu` WHERE  `parentid` = 66  AND `status` = 1 ORDER BY `listorder` ASC,`id` ASC [ RunTime:0.000981s ]
[ sql ] [ SQL ] SELECT * FROM `pyg_menu` WHERE  `parentid` = 67  AND `status` = 1 ORDER BY `listorder` ASC,`id` ASC [ RunTime:0.000856s ]
[ sql ] [ SQL ] SELECT * FROM `pyg_menu` WHERE  `parentid` = 68  AND `status` = 1 ORDER BY `listorder` ASC,`id` ASC [ RunTime:0.001107s ]
[ sql ] [ SQL ] SELECT * FROM `pyg_menu` WHERE  `parentid` = 69  AND `status` = 1 ORDER BY `listorder` ASC,`id` ASC [ RunTime:0.000967s ]
[ sql ] [ SQL ] SELECT * FROM `pyg_menu` WHERE  `parentid` = 70  AND `status` = 1 ORDER BY `listorder` ASC,`id` ASC [ RunTime:0.000951s ]
[ sql ] [ SQL ] SELECT * FROM `pyg_menu` WHERE  `parentid` = 71  AND `status` = 1 ORDER BY `listorder` ASC,`id` ASC [ RunTime:0.001502s ]
[ sql ] [ SQL ] SELECT * FROM `pyg_menu` WHERE  `parentid` = 72  AND `status` = 1 ORDER BY `listorder` ASC,`id` ASC [ RunTime:0.000917s ]
---------------------------------------------------------------
[2019-07-23T21:59:14+08:00] 127.0.0.1 GET tp-mall.com/admin/main/index.html
[运行时间：0.339504s] [吞吐率：2.95req/s] [内存消耗：3,269.41kb] [文件加载：95]
[ info ] [ LANG ] E:\phpStudy\PHPTutorial\WWW\mall\app\thinkphp\lang\zh-cn.php
[ info ] [ ROUTE ] array (
)
[ info ] [ HEADER ] array (
  'upgrade-insecure-requests' => '1',
  'cookie' => 'thinkphp_show_page_trace=0|0; PHPSESSID=bi4njiqmuu1hq4q18f8qmka9dk; thinkphp_show_page_trace=0|0',
  'referer' => 'http://tp-mall.com/admin/index/index.html',
  'connection' => 'keep-alive',
  'accept-encoding' => 'gzip, deflate',
  'accept-language' => 'zh-CN,zh;q=0.8,zh-TW;q=0.7,zh-HK;q=0.5,en-US;q=0.3,en;q=0.2',
  'accept' => 'text/html,application/xhtml+xml,application/xml;q=0.9,*/*;q=0.8',
  'user-agent' => 'Mozilla/5.0 (Windows NT 10.0; Win64; x64; rv:68.0) Gecko/20100101 Firefox/68.0',
  'host' => 'tp-mall.com',
  'content-length' => '',
  'content-type' => '',
)
[ info ] [ PARAM ] array (
)
[ info ] [ DB ] INIT mysql
[ info ] [ VIEW ] E:\phpStudy\PHPTutorial\WWW\mall\app\application\admin\view\main\index.html [ array (
  0 => 'userInfo',
  1 => 'sys_info',
) ]
[ sql ] [ DB ] CONNECT:[ UseTime:0.004848s ] mysql:host=127.0.0.1;dbname=mall;charset=utf8
[ sql ] [ SQL ] SHOW COLUMNS FROM `pyg_admin` [ RunTime:0.002972s ]
[ sql ] [ SQL ] SELECT * FROM `pyg_admin` WHERE  `id` = 1 LIMIT 1 [ RunTime:0.000890s ]
[ sql ] [ SQL ] SELECT VERSION() as version [ RunTime:0.000689s ]
[ error ] [8]未定义变量: object[E:\phpStudy\PHPTutorial\WWW\mall\app\runtime\temp\712757eee3d012ce523617d11564c40a.php:113]
[ error ] [8]未定义变量: object[E:\phpStudy\PHPTutorial\WWW\mall\app\runtime\temp\712757eee3d012ce523617d11564c40a.php:120]
[ error ] [8]未定义变量: object[E:\phpStudy\PHPTutorial\WWW\mall\app\runtime\temp\712757eee3d012ce523617d11564c40a.php:124]
[ error ] [8]未定义变量: object[E:\phpStudy\PHPTutorial\WWW\mall\app\runtime\temp\712757eee3d012ce523617d11564c40a.php:124]
[ error ] [8]未定义变量: object[E:\phpStudy\PHPTutorial\WWW\mall\app\runtime\temp\712757eee3d012ce523617d11564c40a.php:131]
[ error ] [8]未定义变量: object[E:\phpStudy\PHPTutorial\WWW\mall\app\runtime\temp\712757eee3d012ce523617d11564c40a.php:140]
[ error ] [8]未定义变量: object[E:\phpStudy\PHPTutorial\WWW\mall\app\runtime\temp\712757eee3d012ce523617d11564c40a.php:154]
---------------------------------------------------------------
[2019-07-23T21:59:14+08:00] 127.0.0.1 GET tp-mall.com/static/admin/img/title_head.png
[运行时间：0.070034s] [吞吐率：14.28req/s] [内存消耗：1,933.91kb] [文件加载：75]
[ info ] [ LANG ] E:\phpStudy\PHPTutorial\WWW\mall\app\thinkphp\lang\zh-cn.php
[ info ] [ ROUTE ] array (
)
[ info ] [ HEADER ] array (
  'cookie' => 'PHPSESSID=bi4njiqmuu1hq4q18f8qmka9dk; thinkphp_show_page_trace=0|0',
  'referer' => 'http://tp-mall.com/static/admin/css/common.css',
  'connection' => 'keep-alive',
  'accept-encoding' => 'gzip, deflate',
  'accept-language' => 'zh-CN,zh;q=0.8,zh-TW;q=0.7,zh-HK;q=0.5,en-US;q=0.3,en;q=0.2',
  'accept' => 'image/webp,*/*',
  'user-agent' => 'Mozilla/5.0 (Windows NT 10.0; Win64; x64; rv:68.0) Gecko/20100101 Firefox/68.0',
  'host' => 'tp-mall.com',
  'content-length' => '',
  'content-type' => '',
)
[ info ] [ PARAM ] array (
)
