---------------------------------------------------------------
[2019-06-26T09:15:06+08:00] 127.0.0.1 GET tp-mall.com/
[运行时间：1.438544s] [吞吐率：0.70req/s] [内存消耗：3,058.87kb] [文件加载：87]
[ info ] [ LANG ] E:\phpStudy\PHPTutorial\WWW\mall\app\thinkphp\lang\zh-cn.php
[ info ] [ ROUTE ] array (
)
[ info ] [ HEADER ] array (
  'upgrade-insecure-requests' => '1',
  'cookie' => 'think_history_goods=think%3A%5B%2212%22%2C%229%22%2C%2210%22%2C%228%22%2C%2211%22%5D; think_contras_goods=think%3A%7B%22catId%22%3A%2212%22%2C%22list%22%3A%7B%2214%22%3A%2214%22%2C%229%22%3A%229%22%7D%7D',
  'connection' => 'keep-alive',
  'accept-encoding' => 'gzip, deflate',
  'accept-language' => 'zh-CN,zh;q=0.8,zh-TW;q=0.7,zh-HK;q=0.5,en-US;q=0.3,en;q=0.2',
  'accept' => 'text/html,application/xhtml+xml,application/xml;q=0.9,*/*;q=0.8',
  'user-agent' => 'Mozilla/5.0 (Windows NT 10.0; WOW64; rv:67.0) Gecko/20100101 Firefox/67.0',
  'host' => 'tp-mall.com',
  'content-length' => '',
  'content-type' => '',
)
[ info ] [ PARAM ] array (
)
[ info ] [ VIEW ] E:\phpStudy\PHPTutorial\WWW\mall\app\application\index\view\index\index.html [ array (
) ]
[ info ] [ DB ] INIT mysql
[ error ] [8]未定义变量: keyword[E:\phpStudy\PHPTutorial\WWW\mall\app\runtime\temp\41fb263d29eccb54c36ab8c4e36004c4.php:125]
[ error ] [8]未定义数组索引: list[E:\phpStudy\PHPTutorial\WWW\mall\app\runtime\temp\41fb263d29eccb54c36ab8c4e36004c4.php:193]
[ error ] [8]未定义数组索引: list[E:\phpStudy\PHPTutorial\WWW\mall\app\runtime\temp\41fb263d29eccb54c36ab8c4e36004c4.php:193]
[ error ] [8]未定义数组索引: list[E:\phpStudy\PHPTutorial\WWW\mall\app\runtime\temp\41fb263d29eccb54c36ab8c4e36004c4.php:193]
[ error ] [8]未定义数组索引: list[E:\phpStudy\PHPTutorial\WWW\mall\app\runtime\temp\41fb263d29eccb54c36ab8c4e36004c4.php:193]
[ error ] [8]未定义数组索引: list[E:\phpStudy\PHPTutorial\WWW\mall\app\runtime\temp\41fb263d29eccb54c36ab8c4e36004c4.php:193]
[ error ] [8]未定义数组索引: list[E:\phpStudy\PHPTutorial\WWW\mall\app\runtime\temp\41fb263d29eccb54c36ab8c4e36004c4.php:193]
[ error ] [8]未定义数组索引: list[E:\phpStudy\PHPTutorial\WWW\mall\app\runtime\temp\41fb263d29eccb54c36ab8c4e36004c4.php:193]
[ error ] [8]未定义数组索引: list[E:\phpStudy\PHPTutorial\WWW\mall\app\runtime\temp\41fb263d29eccb54c36ab8c4e36004c4.php:193]
[ error ] [8]未定义数组索引: list[E:\phpStudy\PHPTutorial\WWW\mall\app\runtime\temp\41fb263d29eccb54c36ab8c4e36004c4.php:193]
[ error ] [8]未定义数组索引: list[E:\phpStudy\PHPTutorial\WWW\mall\app\runtime\temp\41fb263d29eccb54c36ab8c4e36004c4.php:193]
[ error ] [8]未定义数组索引: list[E:\phpStudy\PHPTutorial\WWW\mall\app\runtime\temp\41fb263d29eccb54c36ab8c4e36004c4.php:193]
[ error ] [8]未定义数组索引: list[E:\phpStudy\PHPTutorial\WWW\mall\app\runtime\temp\41fb263d29eccb54c36ab8c4e36004c4.php:193]
[ error ] [8]未定义数组索引: list[E:\phpStudy\PHPTutorial\WWW\mall\app\runtime\temp\41fb263d29eccb54c36ab8c4e36004c4.php:193]
[ error ] [8]未定义数组索引: list[E:\phpStudy\PHPTutorial\WWW\mall\app\runtime\temp\41fb263d29eccb54c36ab8c4e36004c4.php:193]
[ error ] [8]未定义数组索引: list[E:\phpStudy\PHPTutorial\WWW\mall\app\runtime\temp\41fb263d29eccb54c36ab8c4e36004c4.php:193]
[ error ] [8]未定义数组索引: list[E:\phpStudy\PHPTutorial\WWW\mall\app\runtime\temp\41fb263d29eccb54c36ab8c4e36004c4.php:193]
[ error ] [8]未定义数组索引: list[E:\phpStudy\PHPTutorial\WWW\mall\app\runtime\temp\41fb263d29eccb54c36ab8c4e36004c4.php:193]
[ error ] [8]未定义数组索引: list[E:\phpStudy\PHPTutorial\WWW\mall\app\runtime\temp\41fb263d29eccb54c36ab8c4e36004c4.php:193]
[ error ] [8]未定义数组索引: list[E:\phpStudy\PHPTutorial\WWW\mall\app\runtime\temp\41fb263d29eccb54c36ab8c4e36004c4.php:193]
[ error ] [8]未定义数组索引: list[E:\phpStudy\PHPTutorial\WWW\mall\app\runtime\temp\41fb263d29eccb54c36ab8c4e36004c4.php:193]
[ error ] [8]未定义数组索引: list[E:\phpStudy\PHPTutorial\WWW\mall\app\runtime\temp\41fb263d29eccb54c36ab8c4e36004c4.php:193]
[ error ] [8]未定义数组索引: list[E:\phpStudy\PHPTutorial\WWW\mall\app\runtime\temp\41fb263d29eccb54c36ab8c4e36004c4.php:193]
[ error ] [8]未定义数组索引: list[E:\phpStudy\PHPTutorial\WWW\mall\app\runtime\temp\41fb263d29eccb54c36ab8c4e36004c4.php:193]
[ error ] [8]未定义数组索引: list[E:\phpStudy\PHPTutorial\WWW\mall\app\runtime\temp\41fb263d29eccb54c36ab8c4e36004c4.php:193]
[ error ] [8]未定义数组索引: list[E:\phpStudy\PHPTutorial\WWW\mall\app\runtime\temp\41fb263d29eccb54c36ab8c4e36004c4.php:193]
[ error ] [8]未定义数组索引: list[E:\phpStudy\PHPTutorial\WWW\mall\app\runtime\temp\41fb263d29eccb54c36ab8c4e36004c4.php:193]
[ error ] [8]未定义数组索引: list[E:\phpStudy\PHPTutorial\WWW\mall\app\runtime\temp\41fb263d29eccb54c36ab8c4e36004c4.php:193]
[ error ] [8]未定义数组索引: list[E:\phpStudy\PHPTutorial\WWW\mall\app\runtime\temp\41fb263d29eccb54c36ab8c4e36004c4.php:193]
[ error ] [8]未定义数组索引: list[E:\phpStudy\PHPTutorial\WWW\mall\app\runtime\temp\41fb263d29eccb54c36ab8c4e36004c4.php:193]
[ error ] [8]未定义数组索引: list[E:\phpStudy\PHPTutorial\WWW\mall\app\runtime\temp\41fb263d29eccb54c36ab8c4e36004c4.php:193]
[ error ] [8]未定义数组索引: list[E:\phpStudy\PHPTutorial\WWW\mall\app\runtime\temp\41fb263d29eccb54c36ab8c4e36004c4.php:193]
[ error ] [8]未定义数组索引: list[E:\phpStudy\PHPTutorial\WWW\mall\app\runtime\temp\41fb263d29eccb54c36ab8c4e36004c4.php:193]
[ error ] [8]未定义数组索引: list[E:\phpStudy\PHPTutorial\WWW\mall\app\runtime\temp\41fb263d29eccb54c36ab8c4e36004c4.php:193]
[ error ] [8]未定义数组索引: list[E:\phpStudy\PHPTutorial\WWW\mall\app\runtime\temp\41fb263d29eccb54c36ab8c4e36004c4.php:193]
[ error ] [8]未定义数组索引: list[E:\phpStudy\PHPTutorial\WWW\mall\app\runtime\temp\41fb263d29eccb54c36ab8c4e36004c4.php:193]
[ error ] [8]未定义数组索引: list[E:\phpStudy\PHPTutorial\WWW\mall\app\runtime\temp\41fb263d29eccb54c36ab8c4e36004c4.php:193]
[ error ] [8]未定义数组索引: adURL[E:\phpStudy\PHPTutorial\WWW\mall\app\runtime\temp\41fb263d29eccb54c36ab8c4e36004c4.php:224]
[ error ] [8]未定义数组索引: positionWidth[E:\phpStudy\PHPTutorial\WWW\mall\app\runtime\temp\41fb263d29eccb54c36ab8c4e36004c4.php:459]
[ error ] [8]未定义数组索引: positionHeight[E:\phpStudy\PHPTutorial\WWW\mall\app\runtime\temp\41fb263d29eccb54c36ab8c4e36004c4.php:459]
[ sql ] [ DB ] CONNECT:[ UseTime:0.005716s ] mysql:host=127.0.0.1;dbname=mall;charset=utf8
[ sql ] [ SQL ] SHOW COLUMNS FROM `pyg_carts` [ RunTime:0.015381s ]
[ sql ] [ SQL ] SELECT SUM(`cartNum`) AS tp_sum FROM `pyg_carts` WHERE  `userId` IS NULL [ RunTime:0.001915s ]
[ sql ] [ SQL ] SHOW COLUMNS FROM `pyg_goods` [ RunTime:0.014231s ]
[ sql ] [ SQL ] SELECT `goodsId`,`goodsName`,`goodsImg`,`marketPrice` FROM `pyg_goods` WHERE  `dataFlag` = 1  AND `isSale` = 1 ORDER BY rand() LIMIT 6 [ RunTime:0.001860s ]
---------------------------------------------------------------
[2019-06-26T09:15:07+08:00] 127.0.0.1 GET tp-mall.com/img/wx_cz.jpg
[运行时间：0.230913s] [吞吐率：4.33req/s] [内存消耗：1,918.59kb] [文件加载：75]
[ info ] [ LANG ] E:\phpStudy\PHPTutorial\WWW\mall\app\thinkphp\lang\zh-cn.php
[ info ] [ ROUTE ] array (
)
[ info ] [ HEADER ] array (
  'cookie' => 'think_history_goods=think%3A%5B%2212%22%2C%229%22%2C%2210%22%2C%228%22%2C%2211%22%5D; think_contras_goods=think%3A%7B%22catId%22%3A%2212%22%2C%22list%22%3A%7B%2214%22%3A%2214%22%2C%229%22%3A%229%22%7D%7D; PHPSESSID=gb4gkc3cih4i17jui5m89vigp8; thinkphp_show_page_trace=0|0',
  'connection' => 'keep-alive',
  'referer' => 'http://tp-mall.com/',
  'accept-encoding' => 'gzip, deflate',
  'accept-language' => 'zh-CN,zh;q=0.8,zh-TW;q=0.7,zh-HK;q=0.5,en-US;q=0.3,en;q=0.2',
  'accept' => 'image/webp,*/*',
  'user-agent' => 'Mozilla/5.0 (Windows NT 10.0; WOW64; rv:67.0) Gecko/20100101 Firefox/67.0',
  'host' => 'tp-mall.com',
  'content-length' => '',
  'content-type' => '',
)
[ info ] [ PARAM ] array (
)
---------------------------------------------------------------
[2019-06-26T09:15:28+08:00] 127.0.0.1 GET tp-mall.com/admin/
[运行时间：0.766277s] [吞吐率：1.31req/s] [内存消耗：3,221.21kb] [文件加载：96]
[ info ] [ LANG ] E:\phpStudy\PHPTutorial\WWW\mall\app\thinkphp\lang\zh-cn.php
[ info ] [ ROUTE ] array (
)
[ info ] [ HEADER ] array (
  'upgrade-insecure-requests' => '1',
  'cookie' => 'think_history_goods=think%3A%5B%2212%22%2C%229%22%2C%2210%22%2C%228%22%2C%2211%22%5D; think_contras_goods=think%3A%7B%22catId%22%3A%2212%22%2C%22list%22%3A%7B%2214%22%3A%2214%22%2C%229%22%3A%229%22%7D%7D; PHPSESSID=gb4gkc3cih4i17jui5m89vigp8; thinkphp_show_page_trace=0|0',
  'connection' => 'keep-alive',
  'accept-encoding' => 'gzip, deflate',
  'accept-language' => 'zh-CN,zh;q=0.8,zh-TW;q=0.7,zh-HK;q=0.5,en-US;q=0.3,en;q=0.2',
  'accept' => 'text/html,application/xhtml+xml,application/xml;q=0.9,*/*;q=0.8',
  'user-agent' => 'Mozilla/5.0 (Windows NT 10.0; WOW64; rv:67.0) Gecko/20100101 Firefox/67.0',
  'host' => 'tp-mall.com',
  'content-length' => '',
  'content-type' => '',
)
[ info ] [ PARAM ] array (
)
[ info ] [ DB ] INIT mysql
[ info ] [ VIEW ] E:\phpStudy\PHPTutorial\WWW\mall\app\public\..\application\common\view\dispatch_jump.tpl [ array (
  0 => 'code',
  1 => 'msg',
  2 => 'data',
  3 => 'url',
  4 => 'wait',
) ]
[ sql ] [ DB ] CONNECT:[ UseTime:0.003310s ] mysql:host=127.0.0.1;dbname=mall;charset=utf8
[ sql ] [ SQL ] SHOW COLUMNS FROM `pyg_adminlog` [ RunTime:0.021270s ]
[ sql ] [ SQL ] INSERT INTO `pyg_adminlog` (`uid` , `status` , `info` , `get` , `ip` , `create_time`) VALUES (0 , 0 , '提示语:请先登陆' , '/admin/' , 2130706433 , 1561511728) [ RunTime:0.002083s ]
---------------------------------------------------------------
[2019-06-26T09:15:31+08:00] 127.0.0.1 GET tp-mall.com/admin/index/login.html
[运行时间：0.160272s] [吞吐率：6.24req/s] [内存消耗：2,047.72kb] [文件加载：82]
[ info ] [ LANG ] E:\phpStudy\PHPTutorial\WWW\mall\app\thinkphp\lang\zh-cn.php
[ info ] [ ROUTE ] array (
)
[ info ] [ HEADER ] array (
  'upgrade-insecure-requests' => '1',
  'cookie' => 'thinkphp_show_page_trace=0|0; think_history_goods=think%3A%5B%2212%22%2C%229%22%2C%2210%22%2C%228%22%2C%2211%22%5D; think_contras_goods=think%3A%7B%22catId%22%3A%2212%22%2C%22list%22%3A%7B%2214%22%3A%2214%22%2C%229%22%3A%229%22%7D%7D; PHPSESSID=gb4gkc3cih4i17jui5m89vigp8; thinkphp_show_page_trace=0|0',
  'connection' => 'keep-alive',
  'referer' => 'http://tp-mall.com/admin/',
  'accept-encoding' => 'gzip, deflate',
  'accept-language' => 'zh-CN,zh;q=0.8,zh-TW;q=0.7,zh-HK;q=0.5,en-US;q=0.3,en;q=0.2',
  'accept' => 'text/html,application/xhtml+xml,application/xml;q=0.9,*/*;q=0.8',
  'user-agent' => 'Mozilla/5.0 (Windows NT 10.0; WOW64; rv:67.0) Gecko/20100101 Firefox/67.0',
  'host' => 'tp-mall.com',
  'content-length' => '',
  'content-type' => '',
)
[ info ] [ PARAM ] array (
)
[ info ] [ VIEW ] E:\phpStudy\PHPTutorial\WWW\mall\app\application\admin\view\index\login.html [ array (
) ]
---------------------------------------------------------------
[2019-06-26T09:15:32+08:00] 127.0.0.1 GET tp-mall.com/api/checkcode/getverify/font_size/18/imageW/130/imageH/38.html
[运行时间：0.264032s] [吞吐率：3.79req/s] [内存消耗：1,979.56kb] [文件加载：76]
[ info ] [ LANG ] E:\phpStudy\PHPTutorial\WWW\mall\app\thinkphp\lang\zh-cn.php
[ info ] [ ROUTE ] array (
)
[ info ] [ HEADER ] array (
  'cookie' => 'think_history_goods=think%3A%5B%2212%22%2C%229%22%2C%2210%22%2C%228%22%2C%2211%22%5D; think_contras_goods=think%3A%7B%22catId%22%3A%2212%22%2C%22list%22%3A%7B%2214%22%3A%2214%22%2C%229%22%3A%229%22%7D%7D; PHPSESSID=gb4gkc3cih4i17jui5m89vigp8; thinkphp_show_page_trace=0|0',
  'connection' => 'keep-alive',
  'referer' => 'http://tp-mall.com/admin/index/login.html',
  'accept-encoding' => 'gzip, deflate',
  'accept-language' => 'zh-CN,zh;q=0.8,zh-TW;q=0.7,zh-HK;q=0.5,en-US;q=0.3,en;q=0.2',
  'accept' => 'image/webp,*/*',
  'user-agent' => 'Mozilla/5.0 (Windows NT 10.0; WOW64; rv:67.0) Gecko/20100101 Firefox/67.0',
  'host' => 'tp-mall.com',
  'content-length' => '',
  'content-type' => '',
)
[ info ] [ PARAM ] array (
  'font_size' => '18',
  'imageW' => '130',
  'imageH' => '38',
)
---------------------------------------------------------------
[2019-06-26T09:15:46+08:00] 127.0.0.1 GET tp-mall.com/api/checkcode/getverify/font_size/18/imageW/130/imageH/38.html?0.7026861188166613
[运行时间：0.090533s] [吞吐率：11.05req/s] [内存消耗：1,979.81kb] [文件加载：76]
[ info ] [ LANG ] E:\phpStudy\PHPTutorial\WWW\mall\app\thinkphp\lang\zh-cn.php
[ info ] [ ROUTE ] array (
)
[ info ] [ HEADER ] array (
  'cookie' => 'think_history_goods=think%3A%5B%2212%22%2C%229%22%2C%2210%22%2C%228%22%2C%2211%22%5D; think_contras_goods=think%3A%7B%22catId%22%3A%2212%22%2C%22list%22%3A%7B%2214%22%3A%2214%22%2C%229%22%3A%229%22%7D%7D; PHPSESSID=gb4gkc3cih4i17jui5m89vigp8; thinkphp_show_page_trace=0|0',
  'connection' => 'keep-alive',
  'referer' => 'http://tp-mall.com/admin/index/login.html',
  'accept-encoding' => 'gzip, deflate',
  'accept-language' => 'zh-CN,zh;q=0.8,zh-TW;q=0.7,zh-HK;q=0.5,en-US;q=0.3,en;q=0.2',
  'accept' => 'image/webp,*/*',
  'user-agent' => 'Mozilla/5.0 (Windows NT 10.0; WOW64; rv:67.0) Gecko/20100101 Firefox/67.0',
  'host' => 'tp-mall.com',
  'content-length' => '',
  'content-type' => '',
)
[ info ] [ PARAM ] array (
  '0_7026861188166613' => '',
  'font_size' => '18',
  'imageW' => '130',
  'imageH' => '38',
)
---------------------------------------------------------------
[2019-06-26T09:15:51+08:00] 127.0.0.1 POST tp-mall.com/admin/index/login.html
[运行时间：0.231174s] [吞吐率：4.33req/s] [内存消耗：3,259.56kb] [文件加载：96]
[ info ] [ LANG ] E:\phpStudy\PHPTutorial\WWW\mall\app\thinkphp\lang\zh-cn.php
[ info ] [ ROUTE ] array (
)
[ info ] [ HEADER ] array (
  'cookie' => 'thinkphp_show_page_trace=0|0; thinkphp_show_page_trace=0|0; think_history_goods=think%3A%5B%2212%22%2C%229%22%2C%2210%22%2C%228%22%2C%2211%22%5D; think_contras_goods=think%3A%7B%22catId%22%3A%2212%22%2C%22list%22%3A%7B%2214%22%3A%2214%22%2C%229%22%3A%229%22%7D%7D; PHPSESSID=gb4gkc3cih4i17jui5m89vigp8; thinkphp_show_page_trace=0|0',
  'connection' => 'keep-alive',
  'content-length' => '41',
  'x-requested-with' => 'XMLHttpRequest',
  'content-type' => 'application/x-www-form-urlencoded; charset=UTF-8',
  'referer' => 'http://tp-mall.com/admin/index/login.html',
  'accept-encoding' => 'gzip, deflate',
  'accept-language' => 'zh-CN,zh;q=0.8,zh-TW;q=0.7,zh-HK;q=0.5,en-US;q=0.3,en;q=0.2',
  'accept' => 'application/json, text/javascript, */*; q=0.01',
  'user-agent' => 'Mozilla/5.0 (Windows NT 10.0; WOW64; rv:67.0) Gecko/20100101 Firefox/67.0',
  'host' => 'tp-mall.com',
)
[ info ] [ PARAM ] array (
  'username' => 'admin',
  'password' => 'admin',
  'verify' => 'pry6',
)
[ info ] [ DB ] INIT mysql
[ sql ] [ DB ] CONNECT:[ UseTime:0.002941s ] mysql:host=127.0.0.1;dbname=mall;charset=utf8
[ sql ] [ SQL ] SHOW COLUMNS FROM `pyg_admin` [ RunTime:0.013017s ]
[ sql ] [ SQL ] SELECT * FROM `pyg_admin` WHERE  `username` = 'admin' LIMIT 1 [ RunTime:0.002542s ]
[ sql ] [ SQL ] UPDATE `pyg_admin`  SET `last_login_time` = 1561511751 , `last_login_ip` = 2130706433  WHERE  `id` = 1 [ RunTime:0.002005s ]
[ sql ] [ SQL ] SHOW COLUMNS FROM `pyg_adminlog` [ RunTime:0.003153s ]
[ sql ] [ SQL ] INSERT INTO `pyg_adminlog` (`uid` , `status` , `info` , `get` , `ip` , `create_time`) VALUES (1 , 1 , '提示语:恭喜您，登陆成功' , '/admin/index/login.html' , 2130706433 , 1561511751) [ RunTime:0.001296s ]
---------------------------------------------------------------
[2019-06-26T09:15:54+08:00] 127.0.0.1 GET tp-mall.com/admin/index/index.html
[运行时间：1.276487s] [吞吐率：0.78req/s] [内存消耗：3,472.23kb] [文件加载：97]
[ info ] [ LANG ] E:\phpStudy\PHPTutorial\WWW\mall\app\thinkphp\lang\zh-cn.php
[ info ] [ ROUTE ] array (
)
[ info ] [ HEADER ] array (
  'upgrade-insecure-requests' => '1',
  'cookie' => 'thinkphp_show_page_trace=0|0; thinkphp_show_page_trace=0|0; think_history_goods=think%3A%5B%2212%22%2C%229%22%2C%2210%22%2C%228%22%2C%2211%22%5D; think_contras_goods=think%3A%7B%22catId%22%3A%2212%22%2C%22list%22%3A%7B%2214%22%3A%2214%22%2C%229%22%3A%229%22%7D%7D; PHPSESSID=gb4gkc3cih4i17jui5m89vigp8; thinkphp_show_page_trace=0|0',
  'connection' => 'keep-alive',
  'referer' => 'http://tp-mall.com/admin/index/login.html',
  'accept-encoding' => 'gzip, deflate',
  'accept-language' => 'zh-CN,zh;q=0.8,zh-TW;q=0.7,zh-HK;q=0.5,en-US;q=0.3,en;q=0.2',
  'accept' => 'text/html,application/xhtml+xml,application/xml;q=0.9,*/*;q=0.8',
  'user-agent' => 'Mozilla/5.0 (Windows NT 10.0; WOW64; rv:67.0) Gecko/20100101 Firefox/67.0',
  'host' => 'tp-mall.com',
  'content-length' => '',
  'content-type' => '',
)
[ info ] [ PARAM ] array (
)
[ info ] [ DB ] INIT mysql
[ info ] [ VIEW ] E:\phpStudy\PHPTutorial\WWW\mall\app\application\admin\view\index\index.html [ array (
  0 => 'userInfo',
  1 => 'SUBMENU_CONFIG',
) ]
[ sql ] [ DB ] CONNECT:[ UseTime:0.002741s ] mysql:host=127.0.0.1;dbname=mall;charset=utf8
[ sql ] [ SQL ] SHOW COLUMNS FROM `pyg_admin` [ RunTime:0.005158s ]
[ sql ] [ SQL ] SELECT * FROM `pyg_admin` WHERE  `id` = 1 LIMIT 1 [ RunTime:0.001625s ]
[ sql ] [ SQL ] SHOW COLUMNS FROM `pyg_menu` [ RunTime:0.025462s ]
[ sql ] [ SQL ] SELECT * FROM `pyg_menu` WHERE  `parentid` = 0  AND `status` = 1 ORDER BY `listorder` ASC,`id` ASC [ RunTime:0.002370s ]
[ sql ] [ SQL ] SELECT * FROM `pyg_menu` WHERE  `parentid` = 3  AND `status` = 1 ORDER BY `listorder` ASC,`id` ASC [ RunTime:0.001991s ]
[ sql ] [ SQL ] SELECT * FROM `pyg_menu` WHERE  `parentid` = 10  AND `status` = 1 ORDER BY `listorder` ASC,`id` ASC [ RunTime:0.001993s ]
[ sql ] [ SQL ] SELECT * FROM `pyg_menu` WHERE  `parentid` = 11  AND `status` = 1 ORDER BY `listorder` ASC,`id` ASC [ RunTime:0.001895s ]
[ sql ] [ SQL ] SELECT * FROM `pyg_menu` WHERE  `parentid` = 24  AND `status` = 1 ORDER BY `listorder` ASC,`id` ASC [ RunTime:0.002229s ]
[ sql ] [ SQL ] SELECT * FROM `pyg_menu` WHERE  `parentid` = 25  AND `status` = 1 ORDER BY `listorder` ASC,`id` ASC [ RunTime:0.001550s ]
[ sql ] [ SQL ] SELECT * FROM `pyg_menu` WHERE  `parentid` = 26  AND `status` = 1 ORDER BY `listorder` ASC,`id` ASC [ RunTime:0.001593s ]
[ sql ] [ SQL ] SELECT * FROM `pyg_menu` WHERE  `parentid` = 13  AND `status` = 1 ORDER BY `listorder` ASC,`id` ASC [ RunTime:0.002322s ]
[ sql ] [ SQL ] SELECT * FROM `pyg_menu` WHERE  `parentid` = 14  AND `status` = 1 ORDER BY `listorder` ASC,`id` ASC [ RunTime:0.002799s ]
[ sql ] [ SQL ] SELECT * FROM `pyg_menu` WHERE  `parentid` = 27  AND `status` = 1 ORDER BY `listorder` ASC,`id` ASC [ RunTime:0.001772s ]
[ sql ] [ SQL ] SELECT * FROM `pyg_menu` WHERE  `parentid` = 28  AND `status` = 1 ORDER BY `listorder` ASC,`id` ASC [ RunTime:0.001796s ]
[ sql ] [ SQL ] SELECT * FROM `pyg_menu` WHERE  `parentid` = 29  AND `status` = 1 ORDER BY `listorder` ASC,`id` ASC [ RunTime:0.002511s ]
[ sql ] [ SQL ] SELECT * FROM `pyg_menu` WHERE  `parentid` = 23  AND `status` = 1 ORDER BY `listorder` ASC,`id` ASC [ RunTime:0.001697s ]
[ sql ] [ SQL ] SELECT * FROM `pyg_menu` WHERE  `parentid` = 30  AND `status` = 1 ORDER BY `listorder` ASC,`id` ASC [ RunTime:0.001549s ]
[ sql ] [ SQL ] SELECT * FROM `pyg_menu` WHERE  `parentid` = 31  AND `status` = 1 ORDER BY `listorder` ASC,`id` ASC [ RunTime:0.001650s ]
[ sql ] [ SQL ] SELECT * FROM `pyg_menu` WHERE  `parentid` = 15  AND `status` = 1 ORDER BY `listorder` ASC,`id` ASC [ RunTime:0.001707s ]
[ sql ] [ SQL ] SELECT * FROM `pyg_menu` WHERE  `parentid` = 16  AND `status` = 1 ORDER BY `listorder` ASC,`id` ASC [ RunTime:0.001923s ]
[ sql ] [ SQL ] SELECT * FROM `pyg_menu` WHERE  `parentid` = 18  AND `status` = 1 ORDER BY `listorder` ASC,`id` ASC [ RunTime:0.002139s ]
[ sql ] [ SQL ] SELECT * FROM `pyg_menu` WHERE  `parentid` = 19  AND `status` = 1 ORDER BY `listorder` ASC,`id` ASC [ RunTime:0.001504s ]
[ sql ] [ SQL ] SELECT * FROM `pyg_menu` WHERE  `parentid` = 21  AND `status` = 1 ORDER BY `listorder` ASC,`id` ASC [ RunTime:0.001663s ]
[ sql ] [ SQL ] SELECT * FROM `pyg_menu` WHERE  `parentid` = 17  AND `status` = 1 ORDER BY `listorder` ASC,`id` ASC [ RunTime:0.001841s ]
[ sql ] [ SQL ] SELECT * FROM `pyg_menu` WHERE  `parentid` = 22  AND `status` = 1 ORDER BY `listorder` ASC,`id` ASC [ RunTime:0.001360s ]
[ sql ] [ SQL ] SELECT * FROM `pyg_menu` WHERE  `parentid` = 48  AND `status` = 1 ORDER BY `listorder` ASC,`id` ASC [ RunTime:0.001773s ]
[ sql ] [ SQL ] SELECT * FROM `pyg_menu` WHERE  `parentid` = 49  AND `status` = 1 ORDER BY `listorder` ASC,`id` ASC [ RunTime:0.001549s ]
[ sql ] [ SQL ] SELECT * FROM `pyg_menu` WHERE  `parentid` = 50  AND `status` = 1 ORDER BY `listorder` ASC,`id` ASC [ RunTime:0.001466s ]
[ sql ] [ SQL ] SELECT * FROM `pyg_menu` WHERE  `parentid` = 51  AND `status` = 1 ORDER BY `listorder` ASC,`id` ASC [ RunTime:0.001846s ]
[ sql ] [ SQL ] SELECT * FROM `pyg_menu` WHERE  `parentid` = 20  AND `status` = 1 ORDER BY `listorder` ASC,`id` ASC [ RunTime:0.001988s ]
[ sql ] [ SQL ] SELECT * FROM `pyg_menu` WHERE  `parentid` = 12  AND `status` = 1 ORDER BY `listorder` ASC,`id` ASC [ RunTime:0.001495s ]
[ sql ] [ SQL ] SELECT * FROM `pyg_menu` WHERE  `parentid` = 4  AND `status` = 1 ORDER BY `listorder` ASC,`id` ASC [ RunTime:0.001605s ]
[ sql ] [ SQL ] SELECT * FROM `pyg_menu` WHERE  `parentid` = 73  AND `status` = 1 ORDER BY `listorder` ASC,`id` ASC [ RunTime:0.001745s ]
[ sql ] [ SQL ] SELECT * FROM `pyg_menu` WHERE  `parentid` = 78  AND `status` = 1 ORDER BY `listorder` ASC,`id` ASC [ RunTime:0.001872s ]
[ sql ] [ SQL ] SELECT * FROM `pyg_menu` WHERE  `parentid` = 79  AND `status` = 1 ORDER BY `listorder` ASC,`id` ASC [ RunTime:0.001649s ]
[ sql ] [ SQL ] SELECT * FROM `pyg_menu` WHERE  `parentid` = 80  AND `status` = 1 ORDER BY `listorder` ASC,`id` ASC [ RunTime:0.001602s ]
[ sql ] [ SQL ] SELECT * FROM `pyg_menu` WHERE  `parentid` = 74  AND `status` = 1 ORDER BY `listorder` ASC,`id` ASC [ RunTime:0.002002s ]
[ sql ] [ SQL ] SELECT * FROM `pyg_menu` WHERE  `parentid` = 105  AND `status` = 1 ORDER BY `listorder` ASC,`id` ASC [ RunTime:0.001701s ]
[ sql ] [ SQL ] SELECT * FROM `pyg_menu` WHERE  `parentid` = 86  AND `status` = 1 ORDER BY `listorder` ASC,`id` ASC [ RunTime:0.001688s ]
[ sql ] [ SQL ] SELECT * FROM `pyg_menu` WHERE  `parentid` = 87  AND `status` = 1 ORDER BY `listorder` ASC,`id` ASC [ RunTime:0.001677s ]
[ sql ] [ SQL ] SELECT * FROM `pyg_menu` WHERE  `parentid` = 85  AND `status` = 1 ORDER BY `listorder` ASC,`id` ASC [ RunTime:0.001454s ]
[ sql ] [ SQL ] SELECT * FROM `pyg_menu` WHERE  `parentid` = 88  AND `status` = 1 ORDER BY `listorder` ASC,`id` ASC [ RunTime:0.001838s ]
[ sql ] [ SQL ] SELECT * FROM `pyg_menu` WHERE  `parentid` = 89  AND `status` = 1 ORDER BY `listorder` ASC,`id` ASC [ RunTime:0.001398s ]
[ sql ] [ SQL ] SELECT * FROM `pyg_menu` WHERE  `parentid` = 90  AND `status` = 1 ORDER BY `listorder` ASC,`id` ASC [ RunTime:0.001952s ]
[ sql ] [ SQL ] SELECT * FROM `pyg_menu` WHERE  `parentid` = 91  AND `status` = 1 ORDER BY `listorder` ASC,`id` ASC [ RunTime:0.003603s ]
[ sql ] [ SQL ] SELECT * FROM `pyg_menu` WHERE  `parentid` = 76  AND `status` = 1 ORDER BY `listorder` ASC,`id` ASC [ RunTime:0.003685s ]
[ sql ] [ SQL ] SELECT * FROM `pyg_menu` WHERE  `parentid` = 92  AND `status` = 1 ORDER BY `listorder` ASC,`id` ASC [ RunTime:0.003363s ]
[ sql ] [ SQL ] SELECT * FROM `pyg_menu` WHERE  `parentid` = 93  AND `status` = 1 ORDER BY `listorder` ASC,`id` ASC [ RunTime:0.003874s ]
[ sql ] [ SQL ] SELECT * FROM `pyg_menu` WHERE  `parentid` = 77  AND `status` = 1 ORDER BY `listorder` ASC,`id` ASC [ RunTime:0.005206s ]
[ sql ] [ SQL ] SELECT * FROM `pyg_menu` WHERE  `parentid` = 98  AND `status` = 1 ORDER BY `listorder` ASC,`id` ASC [ RunTime:0.004614s ]
[ sql ] [ SQL ] SELECT * FROM `pyg_menu` WHERE  `parentid` = 100  AND `status` = 1 ORDER BY `listorder` ASC,`id` ASC [ RunTime:0.001646s ]
[ sql ] [ SQL ] SELECT * FROM `pyg_menu` WHERE  `parentid` = 101  AND `status` = 1 ORDER BY `listorder` ASC,`id` ASC [ RunTime:0.001648s ]
[ sql ] [ SQL ] SELECT * FROM `pyg_menu` WHERE  `parentid` = 106  AND `status` = 1 ORDER BY `listorder` ASC,`id` ASC [ RunTime:0.001869s ]
[ sql ] [ SQL ] SELECT * FROM `pyg_menu` WHERE  `parentid` = 103  AND `status` = 1 ORDER BY `listorder` ASC,`id` ASC [ RunTime:0.001898s ]
[ sql ] [ SQL ] SELECT * FROM `pyg_menu` WHERE  `parentid` = 102  AND `status` = 1 ORDER BY `listorder` ASC,`id` ASC [ RunTime:0.002895s ]
[ sql ] [ SQL ] SELECT * FROM `pyg_menu` WHERE  `parentid` = 5  AND `status` = 1 ORDER BY `listorder` ASC,`id` ASC [ RunTime:0.002396s ]
[ sql ] [ SQL ] SELECT * FROM `pyg_menu` WHERE  `parentid` = 56  AND `status` = 1 ORDER BY `listorder` ASC,`id` ASC [ RunTime:0.002850s ]
[ sql ] [ SQL ] SELECT * FROM `pyg_menu` WHERE  `parentid` = 58  AND `status` = 1 ORDER BY `listorder` ASC,`id` ASC [ RunTime:0.001872s ]
[ sql ] [ SQL ] SELECT * FROM `pyg_menu` WHERE  `parentid` = 60  AND `status` = 1 ORDER BY `listorder` ASC,`id` ASC [ RunTime:0.001353s ]
[ sql ] [ SQL ] SELECT * FROM `pyg_menu` WHERE  `parentid` = 61  AND `status` = 1 ORDER BY `listorder` ASC,`id` ASC [ RunTime:0.001381s ]
[ sql ] [ SQL ] SELECT * FROM `pyg_menu` WHERE  `parentid` = 62  AND `status` = 1 ORDER BY `listorder` ASC,`id` ASC [ RunTime:0.001697s ]
[ sql ] [ SQL ] SELECT * FROM `pyg_menu` WHERE  `parentid` = 63  AND `status` = 1 ORDER BY `listorder` ASC,`id` ASC [ RunTime:0.001402s ]
[ sql ] [ SQL ] SELECT * FROM `pyg_menu` WHERE  `parentid` = 64  AND `status` = 1 ORDER BY `listorder` ASC,`id` ASC [ RunTime:0.001586s ]
[ sql ] [ SQL ] SELECT * FROM `pyg_menu` WHERE  `parentid` = 65  AND `status` = 1 ORDER BY `listorder` ASC,`id` ASC [ RunTime:0.001626s ]
[ sql ] [ SQL ] SELECT * FROM `pyg_menu` WHERE  `parentid` = 66  AND `status` = 1 ORDER BY `listorder` ASC,`id` ASC [ RunTime:0.001518s ]
[ sql ] [ SQL ] SELECT * FROM `pyg_menu` WHERE  `parentid` = 67  AND `status` = 1 ORDER BY `listorder` ASC,`id` ASC [ RunTime:0.001550s ]
[ sql ] [ SQL ] SELECT * FROM `pyg_menu` WHERE  `parentid` = 68  AND `status` = 1 ORDER BY `listorder` ASC,`id` ASC [ RunTime:0.001898s ]
[ sql ] [ SQL ] SELECT * FROM `pyg_menu` WHERE  `parentid` = 69  AND `status` = 1 ORDER BY `listorder` ASC,`id` ASC [ RunTime:0.001979s ]
[ sql ] [ SQL ] SELECT * FROM `pyg_menu` WHERE  `parentid` = 70  AND `status` = 1 ORDER BY `listorder` ASC,`id` ASC [ RunTime:0.001921s ]
[ sql ] [ SQL ] SELECT * FROM `pyg_menu` WHERE  `parentid` = 71  AND `status` = 1 ORDER BY `listorder` ASC,`id` ASC [ RunTime:0.002065s ]
[ sql ] [ SQL ] SELECT * FROM `pyg_menu` WHERE  `parentid` = 72  AND `status` = 1 ORDER BY `listorder` ASC,`id` ASC [ RunTime:0.001641s ]
---------------------------------------------------------------
[2019-06-26T09:15:54+08:00] 127.0.0.1 GET tp-mall.com/admin/main/index.html
[运行时间：0.253964s] [吞吐率：3.94req/s] [内存消耗：3,254.34kb] [文件加载：95]
[ info ] [ LANG ] E:\phpStudy\PHPTutorial\WWW\mall\app\thinkphp\lang\zh-cn.php
[ info ] [ ROUTE ] array (
)
[ info ] [ HEADER ] array (
  'upgrade-insecure-requests' => '1',
  'cookie' => 'thinkphp_show_page_trace=0|0; think_history_goods=think%3A%5B%2212%22%2C%229%22%2C%2210%22%2C%228%22%2C%2211%22%5D; think_contras_goods=think%3A%7B%22catId%22%3A%2212%22%2C%22list%22%3A%7B%2214%22%3A%2214%22%2C%229%22%3A%229%22%7D%7D; PHPSESSID=gb4gkc3cih4i17jui5m89vigp8; thinkphp_show_page_trace=0|0',
  'connection' => 'keep-alive',
  'referer' => 'http://tp-mall.com/admin/index/index.html',
  'accept-encoding' => 'gzip, deflate',
  'accept-language' => 'zh-CN,zh;q=0.8,zh-TW;q=0.7,zh-HK;q=0.5,en-US;q=0.3,en;q=0.2',
  'accept' => 'text/html,application/xhtml+xml,application/xml;q=0.9,*/*;q=0.8',
  'user-agent' => 'Mozilla/5.0 (Windows NT 10.0; WOW64; rv:67.0) Gecko/20100101 Firefox/67.0',
  'host' => 'tp-mall.com',
  'content-length' => '',
  'content-type' => '',
)
[ info ] [ PARAM ] array (
)
[ info ] [ DB ] INIT mysql
[ info ] [ VIEW ] E:\phpStudy\PHPTutorial\WWW\mall\app\application\admin\view\main\index.html [ array (
  0 => 'userInfo',
  1 => 'sys_info',
) ]
[ sql ] [ DB ] CONNECT:[ UseTime:0.002832s ] mysql:host=127.0.0.1;dbname=mall;charset=utf8
[ sql ] [ SQL ] SHOW COLUMNS FROM `pyg_admin` [ RunTime:0.005755s ]
[ sql ] [ SQL ] SELECT * FROM `pyg_admin` WHERE  `id` = 1 LIMIT 1 [ RunTime:0.001707s ]
[ sql ] [ SQL ] SELECT VERSION() as version [ RunTime:0.001444s ]
[ error ] [8]未定义变量: object[E:\phpStudy\PHPTutorial\WWW\mall\app\runtime\temp\712757eee3d012ce523617d11564c40a.php:109]
[ error ] [8]未定义变量: object[E:\phpStudy\PHPTutorial\WWW\mall\app\runtime\temp\712757eee3d012ce523617d11564c40a.php:116]
[ error ] [8]未定义变量: object[E:\phpStudy\PHPTutorial\WWW\mall\app\runtime\temp\712757eee3d012ce523617d11564c40a.php:120]
[ error ] [8]未定义变量: object[E:\phpStudy\PHPTutorial\WWW\mall\app\runtime\temp\712757eee3d012ce523617d11564c40a.php:120]
[ error ] [8]未定义变量: object[E:\phpStudy\PHPTutorial\WWW\mall\app\runtime\temp\712757eee3d012ce523617d11564c40a.php:127]
[ error ] [8]未定义变量: object[E:\phpStudy\PHPTutorial\WWW\mall\app\runtime\temp\712757eee3d012ce523617d11564c40a.php:136]
[ error ] [8]未定义变量: object[E:\phpStudy\PHPTutorial\WWW\mall\app\runtime\temp\712757eee3d012ce523617d11564c40a.php:150]
---------------------------------------------------------------
[2019-06-26T09:15:55+08:00] 127.0.0.1 GET tp-mall.com/static/admin/img/title_head.png
[运行时间：0.094777s] [吞吐率：10.55req/s] [内存消耗：1,918.75kb] [文件加载：75]
[ info ] [ LANG ] E:\phpStudy\PHPTutorial\WWW\mall\app\thinkphp\lang\zh-cn.php
[ info ] [ ROUTE ] array (
)
[ info ] [ HEADER ] array (
  'cookie' => 'think_history_goods=think%3A%5B%2212%22%2C%229%22%2C%2210%22%2C%228%22%2C%2211%22%5D; think_contras_goods=think%3A%7B%22catId%22%3A%2212%22%2C%22list%22%3A%7B%2214%22%3A%2214%22%2C%229%22%3A%229%22%7D%7D; PHPSESSID=gb4gkc3cih4i17jui5m89vigp8; thinkphp_show_page_trace=0|0',
  'connection' => 'keep-alive',
  'referer' => 'http://tp-mall.com/static/admin/css/common.css',
  'accept-encoding' => 'gzip, deflate',
  'accept-language' => 'zh-CN,zh;q=0.8,zh-TW;q=0.7,zh-HK;q=0.5,en-US;q=0.3,en;q=0.2',
  'accept' => 'image/webp,*/*',
  'user-agent' => 'Mozilla/5.0 (Windows NT 10.0; WOW64; rv:67.0) Gecko/20100101 Firefox/67.0',
  'host' => 'tp-mall.com',
  'content-length' => '',
  'content-type' => '',
)
[ info ] [ PARAM ] array (
)
---------------------------------------------------------------
[2019-06-26T09:42:09+08:00] 127.0.0.1 GET tp-mall.com/category-12.html
[运行时间：1.097062s] [吞吐率：0.91req/s] [内存消耗：3,763.01kb] [文件加载：103]
[ info ] [ LANG ] E:\phpStudy\PHPTutorial\WWW\mall\app\thinkphp\lang\zh-cn.php
[ info ] [ ROUTE ] array (
  'rule' => 'category-<cat>',
  'route' => 'index/goods/lists',
  'option' => 
  array (
    'merge_rule_regex' => false,
  ),
  'var' => 
  array (
    'cat' => '12',
  ),
)
[ info ] [ HEADER ] array (
  'upgrade-insecure-requests' => '1',
  'cookie' => 'think_history_goods=think%3A%5B%2212%22%2C%229%22%2C%2210%22%2C%228%22%2C%2211%22%5D; think_contras_goods=think%3A%7B%22catId%22%3A%2212%22%2C%22list%22%3A%7B%2214%22%3A%2214%22%2C%229%22%3A%229%22%7D%7D; PHPSESSID=gb4gkc3cih4i17jui5m89vigp8; thinkphp_show_page_trace=0|0',
  'connection' => 'keep-alive',
  'referer' => 'http://tp-mall.com/',
  'accept-encoding' => 'gzip, deflate',
  'accept-language' => 'zh-CN,zh;q=0.8,zh-TW;q=0.7,zh-HK;q=0.5,en-US;q=0.3,en;q=0.2',
  'accept' => 'text/html,application/xhtml+xml,application/xml;q=0.9,*/*;q=0.8',
  'user-agent' => 'Mozilla/5.0 (Windows NT 10.0; WOW64; rv:67.0) Gecko/20100101 Firefox/67.0',
  'host' => 'tp-mall.com',
  'content-length' => '',
  'content-type' => '',
)
[ info ] [ PARAM ] array (
  'cat' => '12',
)
[ info ] [ DB ] INIT mysql
[ info ] [ VIEW ] E:\phpStudy\PHPTutorial\WWW\mall\app\application\index\view\goods\lists.html [ array (
  0 => 'count',
  1 => 'catId',
  2 => 'isStock',
  3 => 'isNew',
  4 => 'orderBy',
  5 => 'order',
  6 => 'minPrice',
  7 => 'maxPrice',
  8 => 'brands',
  9 => 'priceGrade',
  10 => 'goodsPage',
  11 => 'catNamePath',
) ]
[ sql ] [ DB ] CONNECT:[ UseTime:0.003305s ] mysql:host=127.0.0.1;dbname=mall;charset=utf8
[ sql ] [ SQL ] SHOW COLUMNS FROM `pyg_goods_cats` [ RunTime:0.023751s ]
[ sql ] [ SQL ] SELECT `parentId` FROM `pyg_goods_cats` WHERE  `catId` = 12 LIMIT 1 [ RunTime:0.001267s ]
[ sql ] [ SQL ] SHOW COLUMNS FROM `pyg_brands` [ RunTime:0.028410s ]
[ sql ] [ SQL ] SELECT * FROM `pyg_brands` WHERE  `dataFlag` = 1 [ RunTime:0.002079s ]
[ sql ] [ SQL ] SHOW COLUMNS FROM `pyg_goods` [ RunTime:0.007265s ]
[ sql ] [ SQL ] SELECT min(marketPrice) minPrice,max(marketPrice) maxPrice FROM `pyg_goods` [ RunTime:0.001872s ]
[ sql ] [ SQL ] SELECT COUNT(*) AS tp_count FROM `pyg_goods` WHERE  `dataFlag` = 1  AND `isSale` = 1  AND ( goodsCatIdPath like '12_%' ) [ RunTime:0.001424s ]
[ sql ] [ SQL ] SELECT `goodsId`,`goodsName`,`goodsSn`,`goodsStock`,`isNew`,`saleNum`,`marketPrice`,`goodsImg`,`visitNum`,`gallery` FROM `pyg_goods` WHERE  `dataFlag` = 1  AND `isSale` = 1  AND ( goodsCatIdPath like '12_%' ) ORDER BY `saleNum` DESC,`goodsId` DESC LIMIT 0,16 [ RunTime:0.001261s ]
[ sql ] [ SQL ] SHOW COLUMNS FROM `pyg_favorites` [ RunTime:0.013776s ]
[ sql ] [ SQL ] SELECT `targetId` FROM `pyg_favorites` [ RunTime:0.001612s ]
[ sql ] [ SQL ] SELECT `parentId` FROM `pyg_goods_cats` WHERE  `catId` = 12 LIMIT 1 [ RunTime:0.001405s ]
[ sql ] [ SQL ] SELECT `catName` FROM `pyg_goods_cats` WHERE  `catId` IN (12) ORDER BY `catId` DESC [ RunTime:0.001112s ]
[ sql ] [ SQL ] SHOW COLUMNS FROM `pyg_carts` [ RunTime:0.006360s ]
[ sql ] [ SQL ] SELECT SUM(`cartNum`) AS tp_sum FROM `pyg_carts` WHERE  `userId` IS NULL [ RunTime:0.001027s ]
[ sql ] [ SQL ] SELECT `parentId`,`catName`,`catId` FROM `pyg_goods_cats` WHERE  `isShow` = 1  AND `dataFlag` = 1  AND `catId` = 12 LIMIT 1 [ RunTime:0.001885s ]
[ error ] [8]未定义变量: catInfo[E:\phpStudy\PHPTutorial\WWW\mall\app\application\index\controller\Goods.php:78]
[ error ] [8]未定义变量: keyword[E:\phpStudy\PHPTutorial\WWW\mall\app\runtime\temp\8da358988c2d65b6785e3c10884fa491.php:125]
[ error ] [8]未定义数组索引: is_fav[E:\phpStudy\PHPTutorial\WWW\mall\app\runtime\temp\8da358988c2d65b6785e3c10884fa491.php:277]
[ error ] [8]未定义数组索引: is_fav[E:\phpStudy\PHPTutorial\WWW\mall\app\runtime\temp\8da358988c2d65b6785e3c10884fa491.php:277]
[ error ] [8]未定义数组索引: is_fav[E:\phpStudy\PHPTutorial\WWW\mall\app\runtime\temp\8da358988c2d65b6785e3c10884fa491.php:277]
---------------------------------------------------------------
[2019-06-26T09:42:10+08:00] 127.0.0.1 GET tp-mall.com/img/wx_cz.jpg
[运行时间：0.139308s] [吞吐率：7.18req/s] [内存消耗：1,918.60kb] [文件加载：75]
[ info ] [ LANG ] E:\phpStudy\PHPTutorial\WWW\mall\app\thinkphp\lang\zh-cn.php
[ info ] [ ROUTE ] array (
)
[ info ] [ HEADER ] array (
  'cookie' => 'think_history_goods=think%3A%5B%2212%22%2C%229%22%2C%2210%22%2C%228%22%2C%2211%22%5D; think_contras_goods=think%3A%7B%22catId%22%3A%2212%22%2C%22list%22%3A%7B%2214%22%3A%2214%22%2C%229%22%3A%229%22%7D%7D; PHPSESSID=gb4gkc3cih4i17jui5m89vigp8; thinkphp_show_page_trace=0|0',
  'connection' => 'keep-alive',
  'referer' => 'http://tp-mall.com/category-12.html',
  'accept-encoding' => 'gzip, deflate',
  'accept-language' => 'zh-CN,zh;q=0.8,zh-TW;q=0.7,zh-HK;q=0.5,en-US;q=0.3,en;q=0.2',
  'accept' => 'image/webp,*/*',
  'user-agent' => 'Mozilla/5.0 (Windows NT 10.0; WOW64; rv:67.0) Gecko/20100101 Firefox/67.0',
  'host' => 'tp-mall.com',
  'content-length' => '',
  'content-type' => '',
)
[ info ] [ PARAM ] array (
)
---------------------------------------------------------------
[2019-06-26T09:42:22+08:00] 127.0.0.1 POST tp-mall.com/index/index/currenturl
[运行时间：0.106572s] [吞吐率：9.38req/s] [内存消耗：1,935.18kb] [文件加载：76]
[ info ] [ LANG ] E:\phpStudy\PHPTutorial\WWW\mall\app\thinkphp\lang\zh-cn.php
[ info ] [ ROUTE ] array (
)
[ info ] [ HEADER ] array (
  'cookie' => 'think_history_goods=think%3A%5B%2212%22%2C%229%22%2C%2210%22%2C%228%22%2C%2211%22%5D; think_contras_goods=think%3A%7B%22catId%22%3A%2212%22%2C%22list%22%3A%7B%2214%22%3A%2214%22%2C%229%22%3A%229%22%7D%7D; PHPSESSID=gb4gkc3cih4i17jui5m89vigp8; thinkphp_show_page_trace=0|0',
  'connection' => 'keep-alive',
  'content-length' => '50',
  'x-requested-with' => 'XMLHttpRequest',
  'content-type' => 'application/x-www-form-urlencoded; charset=UTF-8',
  'referer' => 'http://tp-mall.com/category-12.html',
  'accept-encoding' => 'gzip, deflate',
  'accept-language' => 'zh-CN,zh;q=0.8,zh-TW;q=0.7,zh-HK;q=0.5,en-US;q=0.3,en;q=0.2',
  'accept' => '*/*',
  'user-agent' => 'Mozilla/5.0 (Windows NT 10.0; WOW64; rv:67.0) Gecko/20100101 Firefox/67.0',
  'host' => 'tp-mall.com',
)
[ info ] [ PARAM ] array (
  'url' => 'http://tp-mall.com/category-12.html#',
)
---------------------------------------------------------------
[2019-06-26T09:42:23+08:00] 127.0.0.1 POST tp-mall.com/index/users/toLoginBox
[运行时间：0.142600s] [吞吐率：7.01req/s] [内存消耗：1,989.32kb] [文件加载：78]
[ info ] [ LANG ] E:\phpStudy\PHPTutorial\WWW\mall\app\thinkphp\lang\zh-cn.php
[ info ] [ ROUTE ] array (
)
[ info ] [ HEADER ] array (
  'content-length' => '0',
  'cookie' => 'think_history_goods=think%3A%5B%2212%22%2C%229%22%2C%2210%22%2C%228%22%2C%2211%22%5D; think_contras_goods=think%3A%7B%22catId%22%3A%2212%22%2C%22list%22%3A%7B%2214%22%3A%2214%22%2C%229%22%3A%229%22%7D%7D; PHPSESSID=gb4gkc3cih4i17jui5m89vigp8; thinkphp_show_page_trace=0|0',
  'connection' => 'keep-alive',
  'x-requested-with' => 'XMLHttpRequest',
  'referer' => 'http://tp-mall.com/category-12.html',
  'accept-encoding' => 'gzip, deflate',
  'accept-language' => 'zh-CN,zh;q=0.8,zh-TW;q=0.7,zh-HK;q=0.5,en-US;q=0.3,en;q=0.2',
  'accept' => '*/*',
  'user-agent' => 'Mozilla/5.0 (Windows NT 10.0; WOW64; rv:67.0) Gecko/20100101 Firefox/67.0',
  'host' => 'tp-mall.com',
  'content-type' => '',
)
[ info ] [ PARAM ] array (
)
[ info ] [ VIEW ] E:\phpStudy\PHPTutorial\WWW\mall\app\application\index\view\users\box_login.html [ array (
) ]
---------------------------------------------------------------
[2019-06-26T09:42:23+08:00] 127.0.0.1 GET tp-mall.com/images/input_username.png
[运行时间：0.119042s] [吞吐率：8.40req/s] [内存消耗：1,918.65kb] [文件加载：75]
[ info ] [ LANG ] E:\phpStudy\PHPTutorial\WWW\mall\app\thinkphp\lang\zh-cn.php
[ info ] [ ROUTE ] array (
)
[ info ] [ HEADER ] array (
  'cookie' => 'think_history_goods=think%3A%5B%2212%22%2C%229%22%2C%2210%22%2C%228%22%2C%2211%22%5D; think_contras_goods=think%3A%7B%22catId%22%3A%2212%22%2C%22list%22%3A%7B%2214%22%3A%2214%22%2C%229%22%3A%229%22%7D%7D; PHPSESSID=gb4gkc3cih4i17jui5m89vigp8; thinkphp_show_page_trace=0|0',
  'connection' => 'keep-alive',
  'referer' => 'http://tp-mall.com/category-12.html',
  'accept-encoding' => 'gzip, deflate',
  'accept-language' => 'zh-CN,zh;q=0.8,zh-TW;q=0.7,zh-HK;q=0.5,en-US;q=0.3,en;q=0.2',
  'accept' => 'image/webp,*/*',
  'user-agent' => 'Mozilla/5.0 (Windows NT 10.0; WOW64; rv:67.0) Gecko/20100101 Firefox/67.0',
  'host' => 'tp-mall.com',
  'content-length' => '',
  'content-type' => '',
)
[ info ] [ PARAM ] array (
)
---------------------------------------------------------------
[2019-06-26T09:42:23+08:00] 127.0.0.1 GET tp-mall.com/images/input_password.png
[运行时间：0.117212s] [吞吐率：8.53req/s] [内存消耗：1,918.65kb] [文件加载：75]
[ info ] [ LANG ] E:\phpStudy\PHPTutorial\WWW\mall\app\thinkphp\lang\zh-cn.php
[ info ] [ ROUTE ] array (
)
[ info ] [ HEADER ] array (
  'cookie' => 'think_history_goods=think%3A%5B%2212%22%2C%229%22%2C%2210%22%2C%228%22%2C%2211%22%5D; think_contras_goods=think%3A%7B%22catId%22%3A%2212%22%2C%22list%22%3A%7B%2214%22%3A%2214%22%2C%229%22%3A%229%22%7D%7D; PHPSESSID=gb4gkc3cih4i17jui5m89vigp8; thinkphp_show_page_trace=0|0',
  'connection' => 'keep-alive',
  'referer' => 'http://tp-mall.com/category-12.html',
  'accept-encoding' => 'gzip, deflate',
  'accept-language' => 'zh-CN,zh;q=0.8,zh-TW;q=0.7,zh-HK;q=0.5,en-US;q=0.3,en;q=0.2',
  'accept' => 'image/webp,*/*',
  'user-agent' => 'Mozilla/5.0 (Windows NT 10.0; WOW64; rv:67.0) Gecko/20100101 Firefox/67.0',
  'host' => 'tp-mall.com',
  'content-length' => '',
  'content-type' => '',
)
[ info ] [ PARAM ] array (
)
---------------------------------------------------------------
[2019-06-26T16:10:26+08:00] 127.0.0.1 GET tp-mall.com/login.html
[运行时间：0.162295s] [吞吐率：6.16req/s] [内存消耗：2,943.70kb] [文件加载：86]
[ info ] [ LANG ] E:\phpStudy\PHPTutorial\WWW\mall\app\thinkphp\lang\zh-cn.php
[ info ] [ ROUTE ] array (
  'rule' => 'login',
  'route' => 'index/users/login',
  'option' => 
  array (
    'merge_rule_regex' => false,
  ),
  'var' => 
  array (
  ),
)
[ info ] [ HEADER ] array (
  'x-lantern-version' => '5.4.6',
  'upgrade-insecure-requests' => '1',
  'referer' => 'http://tp-mall.com/',
  'cookie' => 'think_history_goods=think%3A%5B%2212%22%2C%229%22%2C%2210%22%2C%228%22%2C%2211%22%5D; think_contras_goods=think%3A%7B%22catId%22%3A%2212%22%2C%22list%22%3A%7B%2214%22%3A%2214%22%2C%229%22%3A%229%22%7D%7D; PHPSESSID=gb4gkc3cih4i17jui5m89vigp8; thinkphp_show_page_trace=0|0',
  'accept-language' => 'zh-CN,zh;q=0.8,zh-TW;q=0.7,zh-HK;q=0.5,en-US;q=0.3,en;q=0.2',
  'accept-encoding' => 'gzip, deflate',
  'accept' => 'text/html,application/xhtml+xml,application/xml;q=0.9,*/*;q=0.8',
  'user-agent' => 'Mozilla/5.0 (Windows NT 10.0; WOW64; rv:67.0) Gecko/20100101 Firefox/67.0',
  'host' => 'tp-mall.com',
  'content-length' => '',
  'content-type' => '',
)
[ info ] [ PARAM ] array (
)
[ info ] [ VIEW ] E:\phpStudy\PHPTutorial\WWW\mall\app\application\index\view\users\login.html [ array (
) ]
[ info ] [ DB ] INIT mysql
[ error ] [8]未定义变量: keyword[E:\phpStudy\PHPTutorial\WWW\mall\app\runtime\temp\684b322fd5d4375b53dd4b0526388a93.php:125]
[ error ] [8]未定义变量: loginName[E:\phpStudy\PHPTutorial\WWW\mall\app\runtime\temp\684b322fd5d4375b53dd4b0526388a93.php:213]
[ sql ] [ DB ] CONNECT:[ UseTime:0.005002s ] mysql:host=127.0.0.1;dbname=mall;charset=utf8
[ sql ] [ SQL ] SHOW COLUMNS FROM `pyg_carts` [ RunTime:0.006256s ]
[ sql ] [ SQL ] SELECT SUM(`cartNum`) AS tp_sum FROM `pyg_carts` WHERE  `userId` IS NULL [ RunTime:0.000893s ]
