---------------------------------------------------------------
[2019-08-21T12:24:28+08:00] 127.0.0.1 GET tp-mall.com/
[运行时间：1.895615s] [吞吐率：0.53req/s] [内存消耗：3,469.00kb] [文件加载：96]
[ info ] [ LANG ] E:\phpStudy\PHPTutorial\WWW\mall\app\thinkphp\lang\zh-cn.php
[ info ] [ ROUTE ] array (
)
[ info ] [ HEADER ] array (
  'upgrade-insecure-requests' => '1',
  'cookie' => '__cfduid=de3c3a8a3b81cc9e8800db07041ac6b441564985932; Hm_lvt_fb2f7fcb2249dedf4ed4175e254055cb=1565054322,1565311847,1566204291',
  'connection' => 'keep-alive',
  'accept-encoding' => 'gzip, deflate',
  'accept-language' => 'zh-CN,zh;q=0.8,zh-TW;q=0.7,zh-HK;q=0.5,en-US;q=0.3,en;q=0.2',
  'accept' => 'text/html,application/xhtml+xml,application/xml;q=0.9,*/*;q=0.8',
  'user-agent' => 'Mozilla/5.0 (Windows NT 10.0; Win64; x64; rv:68.0) Gecko/20100101 Firefox/68.0',
  'host' => 'tp-mall.com',
  'content-length' => '',
  'content-type' => '',
)
[ info ] [ PARAM ] array (
)
[ info ] [ DB ] INIT mysql
[ info ] [ VIEW ] E:\phpStudy\PHPTutorial\WWW\mall\app\application\index\view\index\index.html [ array (
  0 => 'canlendars',
  1 => 'days',
  2 => 'today',
  3 => 'signs_dates',
  4 => 'sign_info',
  5 => 'sign_tip',
  6 => 'sign_tip1',
) ]
[ sql ] [ DB ] CONNECT:[ UseTime:0.096805s ] mysql:host=127.0.0.1;dbname=mall;charset=utf8
[ sql ] [ SQL ] SHOW COLUMNS FROM `pyg_user_sign` [ RunTime:0.059908s ]
[ sql ] [ SQL ] SELECT * FROM `pyg_user_sign` WHERE  `uid` = 0  AND `addtime` = 1566316800 LIMIT 1 [ RunTime:0.065369s ]
[ sql ] [ SQL ] SELECT SUM(`points`) AS tp_sum FROM `pyg_user_sign` WHERE  `uid` = 0 [ RunTime:0.001258s ]
[ sql ] [ SQL ] SELECT `addtime` FROM `pyg_user_sign` WHERE  `uid` = 0  AND `addtime` IN (between time,2019-08-01,1566361467) [ RunTime:0.000805s ]
[ sql ] [ SQL ] SHOW COLUMNS FROM `pyg_carts` [ RunTime:0.002555s ]
[ sql ] [ SQL ] SELECT SUM(`cartNum`) AS tp_sum FROM `pyg_carts` WHERE  `userId` IS NULL [ RunTime:0.000559s ]
[ sql ] [ SQL ] SHOW COLUMNS FROM `pyg_goods` [ RunTime:0.003100s ]
[ sql ] [ SQL ] SELECT `goodsId`,`goodsName`,`goodsImg`,`marketPrice` FROM `pyg_goods` WHERE  `dataFlag` = 1  AND `isSale` = 1 ORDER BY rand() LIMIT 6 [ RunTime:0.000810s ]
[ error ] [8]未定义变量: keyword[E:\phpStudy\PHPTutorial\WWW\mall\app\runtime\temp\41fb263d29eccb54c36ab8c4e36004c4.php:106]
[ error ] [8]未定义数组索引: list[E:\phpStudy\PHPTutorial\WWW\mall\app\runtime\temp\41fb263d29eccb54c36ab8c4e36004c4.php:187]
[ error ] [8]未定义数组索引: list[E:\phpStudy\PHPTutorial\WWW\mall\app\runtime\temp\41fb263d29eccb54c36ab8c4e36004c4.php:187]
[ error ] [8]未定义数组索引: list[E:\phpStudy\PHPTutorial\WWW\mall\app\runtime\temp\41fb263d29eccb54c36ab8c4e36004c4.php:187]
[ error ] [8]未定义数组索引: list[E:\phpStudy\PHPTutorial\WWW\mall\app\runtime\temp\41fb263d29eccb54c36ab8c4e36004c4.php:187]
[ error ] [8]未定义数组索引: list[E:\phpStudy\PHPTutorial\WWW\mall\app\runtime\temp\41fb263d29eccb54c36ab8c4e36004c4.php:187]
[ error ] [8]未定义数组索引: list[E:\phpStudy\PHPTutorial\WWW\mall\app\runtime\temp\41fb263d29eccb54c36ab8c4e36004c4.php:187]
[ error ] [8]未定义数组索引: list[E:\phpStudy\PHPTutorial\WWW\mall\app\runtime\temp\41fb263d29eccb54c36ab8c4e36004c4.php:187]
[ error ] [8]未定义数组索引: list[E:\phpStudy\PHPTutorial\WWW\mall\app\runtime\temp\41fb263d29eccb54c36ab8c4e36004c4.php:187]
[ error ] [8]未定义数组索引: list[E:\phpStudy\PHPTutorial\WWW\mall\app\runtime\temp\41fb263d29eccb54c36ab8c4e36004c4.php:187]
[ error ] [8]未定义数组索引: list[E:\phpStudy\PHPTutorial\WWW\mall\app\runtime\temp\41fb263d29eccb54c36ab8c4e36004c4.php:187]
[ error ] [8]未定义数组索引: list[E:\phpStudy\PHPTutorial\WWW\mall\app\runtime\temp\41fb263d29eccb54c36ab8c4e36004c4.php:187]
[ error ] [8]未定义数组索引: list[E:\phpStudy\PHPTutorial\WWW\mall\app\runtime\temp\41fb263d29eccb54c36ab8c4e36004c4.php:187]
[ error ] [8]未定义数组索引: list[E:\phpStudy\PHPTutorial\WWW\mall\app\runtime\temp\41fb263d29eccb54c36ab8c4e36004c4.php:187]
[ error ] [8]未定义数组索引: list[E:\phpStudy\PHPTutorial\WWW\mall\app\runtime\temp\41fb263d29eccb54c36ab8c4e36004c4.php:187]
[ error ] [8]未定义数组索引: list[E:\phpStudy\PHPTutorial\WWW\mall\app\runtime\temp\41fb263d29eccb54c36ab8c4e36004c4.php:187]
[ error ] [8]未定义数组索引: list[E:\phpStudy\PHPTutorial\WWW\mall\app\runtime\temp\41fb263d29eccb54c36ab8c4e36004c4.php:187]
[ error ] [8]未定义数组索引: list[E:\phpStudy\PHPTutorial\WWW\mall\app\runtime\temp\41fb263d29eccb54c36ab8c4e36004c4.php:187]
[ error ] [8]未定义数组索引: list[E:\phpStudy\PHPTutorial\WWW\mall\app\runtime\temp\41fb263d29eccb54c36ab8c4e36004c4.php:187]
[ error ] [8]未定义数组索引: list[E:\phpStudy\PHPTutorial\WWW\mall\app\runtime\temp\41fb263d29eccb54c36ab8c4e36004c4.php:187]
[ error ] [8]未定义数组索引: list[E:\phpStudy\PHPTutorial\WWW\mall\app\runtime\temp\41fb263d29eccb54c36ab8c4e36004c4.php:187]
[ error ] [8]未定义数组索引: list[E:\phpStudy\PHPTutorial\WWW\mall\app\runtime\temp\41fb263d29eccb54c36ab8c4e36004c4.php:187]
[ error ] [8]未定义数组索引: list[E:\phpStudy\PHPTutorial\WWW\mall\app\runtime\temp\41fb263d29eccb54c36ab8c4e36004c4.php:187]
[ error ] [8]未定义数组索引: list[E:\phpStudy\PHPTutorial\WWW\mall\app\runtime\temp\41fb263d29eccb54c36ab8c4e36004c4.php:187]
[ error ] [8]未定义数组索引: list[E:\phpStudy\PHPTutorial\WWW\mall\app\runtime\temp\41fb263d29eccb54c36ab8c4e36004c4.php:187]
[ error ] [8]未定义数组索引: list[E:\phpStudy\PHPTutorial\WWW\mall\app\runtime\temp\41fb263d29eccb54c36ab8c4e36004c4.php:187]
[ error ] [8]未定义数组索引: list[E:\phpStudy\PHPTutorial\WWW\mall\app\runtime\temp\41fb263d29eccb54c36ab8c4e36004c4.php:187]
[ error ] [8]未定义数组索引: list[E:\phpStudy\PHPTutorial\WWW\mall\app\runtime\temp\41fb263d29eccb54c36ab8c4e36004c4.php:187]
[ error ] [8]未定义数组索引: list[E:\phpStudy\PHPTutorial\WWW\mall\app\runtime\temp\41fb263d29eccb54c36ab8c4e36004c4.php:187]
[ error ] [8]未定义数组索引: list[E:\phpStudy\PHPTutorial\WWW\mall\app\runtime\temp\41fb263d29eccb54c36ab8c4e36004c4.php:187]
[ error ] [8]未定义数组索引: list[E:\phpStudy\PHPTutorial\WWW\mall\app\runtime\temp\41fb263d29eccb54c36ab8c4e36004c4.php:187]
[ error ] [8]未定义数组索引: list[E:\phpStudy\PHPTutorial\WWW\mall\app\runtime\temp\41fb263d29eccb54c36ab8c4e36004c4.php:187]
[ error ] [8]未定义数组索引: list[E:\phpStudy\PHPTutorial\WWW\mall\app\runtime\temp\41fb263d29eccb54c36ab8c4e36004c4.php:187]
[ error ] [8]未定义数组索引: list[E:\phpStudy\PHPTutorial\WWW\mall\app\runtime\temp\41fb263d29eccb54c36ab8c4e36004c4.php:187]
[ error ] [8]未定义数组索引: list[E:\phpStudy\PHPTutorial\WWW\mall\app\runtime\temp\41fb263d29eccb54c36ab8c4e36004c4.php:187]
[ error ] [8]未定义数组索引: list[E:\phpStudy\PHPTutorial\WWW\mall\app\runtime\temp\41fb263d29eccb54c36ab8c4e36004c4.php:187]
[ error ] [8]未定义数组索引: list[E:\phpStudy\PHPTutorial\WWW\mall\app\runtime\temp\41fb263d29eccb54c36ab8c4e36004c4.php:187]
[ error ] [8]未定义数组索引: adURL[E:\phpStudy\PHPTutorial\WWW\mall\app\runtime\temp\41fb263d29eccb54c36ab8c4e36004c4.php:218]
[ error ] [8]未定义数组索引: positionWidth[E:\phpStudy\PHPTutorial\WWW\mall\app\runtime\temp\41fb263d29eccb54c36ab8c4e36004c4.php:474]
[ error ] [8]未定义数组索引: positionHeight[E:\phpStudy\PHPTutorial\WWW\mall\app\runtime\temp\41fb263d29eccb54c36ab8c4e36004c4.php:474]
---------------------------------------------------------------
[2019-08-21T12:24:28+08:00] 127.0.0.1 GET tp-mall.com/img/wx_cz.jpg
[运行时间：0.126391s] [吞吐率：7.91req/s] [内存消耗：1,945.90kb] [文件加载：75]
[ info ] [ LANG ] E:\phpStudy\PHPTutorial\WWW\mall\app\thinkphp\lang\zh-cn.php
[ info ] [ ROUTE ] array (
)
[ info ] [ HEADER ] array (
  'cookie' => '__cfduid=de3c3a8a3b81cc9e8800db07041ac6b441564985932; Hm_lvt_fb2f7fcb2249dedf4ed4175e254055cb=1565054322,1565311847,1566204291; PHPSESSID=s6uus005mfaqjb0r7udsrq0n9b',
  'referer' => 'http://tp-mall.com/',
  'connection' => 'keep-alive',
  'accept-encoding' => 'gzip, deflate',
  'accept-language' => 'zh-CN,zh;q=0.8,zh-TW;q=0.7,zh-HK;q=0.5,en-US;q=0.3,en;q=0.2',
  'accept' => 'image/webp,*/*',
  'user-agent' => 'Mozilla/5.0 (Windows NT 10.0; Win64; x64; rv:68.0) Gecko/20100101 Firefox/68.0',
  'host' => 'tp-mall.com',
  'content-length' => '',
  'content-type' => '',
)
[ info ] [ PARAM ] array (
)
---------------------------------------------------------------
[2019-08-21T12:24:48+08:00] 127.0.0.1 GET tp-mall.com/admin
[运行时间：0.372471s] [吞吐率：2.68req/s] [内存消耗：3,248.48kb] [文件加载：96]
[ info ] [ LANG ] E:\phpStudy\PHPTutorial\WWW\mall\app\thinkphp\lang\zh-cn.php
[ info ] [ ROUTE ] array (
)
[ info ] [ HEADER ] array (
  'upgrade-insecure-requests' => '1',
  'cookie' => '__cfduid=de3c3a8a3b81cc9e8800db07041ac6b441564985932; Hm_lvt_fb2f7fcb2249dedf4ed4175e254055cb=1565054322,1565311847,1566204291; PHPSESSID=s6uus005mfaqjb0r7udsrq0n9b; thinkphp_show_page_trace=0|0',
  'connection' => 'keep-alive',
  'accept-encoding' => 'gzip, deflate',
  'accept-language' => 'zh-CN,zh;q=0.8,zh-TW;q=0.7,zh-HK;q=0.5,en-US;q=0.3,en;q=0.2',
  'accept' => 'text/html,application/xhtml+xml,application/xml;q=0.9,*/*;q=0.8',
  'user-agent' => 'Mozilla/5.0 (Windows NT 10.0; Win64; x64; rv:68.0) Gecko/20100101 Firefox/68.0',
  'host' => 'tp-mall.com',
  'content-length' => '',
  'content-type' => '',
)
[ info ] [ PARAM ] array (
)
[ info ] [ DB ] INIT mysql
[ info ] [ VIEW ] E:\phpStudy\PHPTutorial\WWW\mall\app\public\..\application\common\view\dispatch_jump.tpl [ array (
  0 => 'code',
  1 => 'msg',
  2 => 'data',
  3 => 'url',
  4 => 'wait',
) ]
[ sql ] [ DB ] CONNECT:[ UseTime:0.004853s ] mysql:host=127.0.0.1;dbname=mall;charset=utf8
[ sql ] [ SQL ] SHOW COLUMNS FROM `pyg_adminlog` [ RunTime:0.002972s ]
[ sql ] [ SQL ] INSERT INTO `pyg_adminlog` (`uid` , `status` , `info` , `get` , `ip` , `create_time`) VALUES (0 , 0 , '提示语:请先登陆' , '/admin' , 2130706433 , 1566361487) [ RunTime:0.045970s ]
---------------------------------------------------------------
[2019-08-21T12:24:50+08:00] 127.0.0.1 GET tp-mall.com/admin/index/login.html
[运行时间：0.128068s] [吞吐率：7.81req/s] [内存消耗：2,138.90kb] [文件加载：82]
[ info ] [ LANG ] E:\phpStudy\PHPTutorial\WWW\mall\app\thinkphp\lang\zh-cn.php
[ info ] [ ROUTE ] array (
)
[ info ] [ HEADER ] array (
  'upgrade-insecure-requests' => '1',
  'cookie' => '__cfduid=de3c3a8a3b81cc9e8800db07041ac6b441564985932; Hm_lvt_fb2f7fcb2249dedf4ed4175e254055cb=1565054322,1565311847,1566204291; PHPSESSID=s6uus005mfaqjb0r7udsrq0n9b; thinkphp_show_page_trace=0|0',
  'referer' => 'http://tp-mall.com/admin',
  'connection' => 'keep-alive',
  'accept-encoding' => 'gzip, deflate',
  'accept-language' => 'zh-CN,zh;q=0.8,zh-TW;q=0.7,zh-HK;q=0.5,en-US;q=0.3,en;q=0.2',
  'accept' => 'text/html,application/xhtml+xml,application/xml;q=0.9,*/*;q=0.8',
  'user-agent' => 'Mozilla/5.0 (Windows NT 10.0; Win64; x64; rv:68.0) Gecko/20100101 Firefox/68.0',
  'host' => 'tp-mall.com',
  'content-length' => '',
  'content-type' => '',
)
[ info ] [ PARAM ] array (
)
[ info ] [ VIEW ] E:\phpStudy\PHPTutorial\WWW\mall\app\application\admin\view\index\login.html [ array (
) ]
---------------------------------------------------------------
[2019-08-21T12:24:51+08:00] 127.0.0.1 GET tp-mall.com/api/checkcode/getverify/font_size/18/imageW/130/imageH/38.html
[运行时间：0.292911s] [吞吐率：3.41req/s] [内存消耗：2,007.19kb] [文件加载：76]
[ info ] [ LANG ] E:\phpStudy\PHPTutorial\WWW\mall\app\thinkphp\lang\zh-cn.php
[ info ] [ ROUTE ] array (
)
[ info ] [ HEADER ] array (
  'cookie' => '__cfduid=de3c3a8a3b81cc9e8800db07041ac6b441564985932; Hm_lvt_fb2f7fcb2249dedf4ed4175e254055cb=1565054322,1565311847,1566204291; PHPSESSID=s6uus005mfaqjb0r7udsrq0n9b; thinkphp_show_page_trace=0|0',
  'referer' => 'http://tp-mall.com/admin/index/login.html',
  'connection' => 'keep-alive',
  'accept-encoding' => 'gzip, deflate',
  'accept-language' => 'zh-CN,zh;q=0.8,zh-TW;q=0.7,zh-HK;q=0.5,en-US;q=0.3,en;q=0.2',
  'accept' => 'image/webp,*/*',
  'user-agent' => 'Mozilla/5.0 (Windows NT 10.0; Win64; x64; rv:68.0) Gecko/20100101 Firefox/68.0',
  'host' => 'tp-mall.com',
  'content-length' => '',
  'content-type' => '',
)
[ info ] [ PARAM ] array (
  'font_size' => '18',
  'imageW' => '130',
  'imageH' => '38',
)
---------------------------------------------------------------
[2019-08-21T12:25:26+08:00] 127.0.0.1 POST tp-mall.com/admin/index/login.html
[运行时间：0.172398s] [吞吐率：5.80req/s] [内存消耗：3,286.80kb] [文件加载：96]
[ info ] [ LANG ] E:\phpStudy\PHPTutorial\WWW\mall\app\thinkphp\lang\zh-cn.php
[ info ] [ ROUTE ] array (
)
[ info ] [ HEADER ] array (
  'cookie' => 'thinkphp_show_page_trace=0|0; __cfduid=de3c3a8a3b81cc9e8800db07041ac6b441564985932; Hm_lvt_fb2f7fcb2249dedf4ed4175e254055cb=1565054322,1565311847,1566204291; PHPSESSID=s6uus005mfaqjb0r7udsrq0n9b; thinkphp_show_page_trace=0|0',
  'referer' => 'http://tp-mall.com/admin/index/login.html',
  'connection' => 'keep-alive',
  'content-length' => '41',
  'x-requested-with' => 'XMLHttpRequest',
  'content-type' => 'application/x-www-form-urlencoded; charset=UTF-8',
  'accept-encoding' => 'gzip, deflate',
  'accept-language' => 'zh-CN,zh;q=0.8,zh-TW;q=0.7,zh-HK;q=0.5,en-US;q=0.3,en;q=0.2',
  'accept' => 'application/json, text/javascript, */*; q=0.01',
  'user-agent' => 'Mozilla/5.0 (Windows NT 10.0; Win64; x64; rv:68.0) Gecko/20100101 Firefox/68.0',
  'host' => 'tp-mall.com',
)
[ info ] [ PARAM ] array (
  'username' => 'admin',
  'password' => 'admin',
  'verify' => 'pkdp',
)
[ info ] [ DB ] INIT mysql
[ sql ] [ DB ] CONNECT:[ UseTime:0.003692s ] mysql:host=127.0.0.1;dbname=mall;charset=utf8
[ sql ] [ SQL ] SHOW COLUMNS FROM `pyg_admin` [ RunTime:0.002541s ]
[ sql ] [ SQL ] SELECT * FROM `pyg_admin` WHERE  `username` = 'admin' LIMIT 1 [ RunTime:0.009570s ]
[ sql ] [ SQL ] UPDATE `pyg_admin`  SET `last_login_time` = 1566361526 , `last_login_ip` = 2130706433  WHERE  `id` = 1 [ RunTime:0.032609s ]
[ sql ] [ SQL ] SHOW COLUMNS FROM `pyg_adminlog` [ RunTime:0.001574s ]
[ sql ] [ SQL ] INSERT INTO `pyg_adminlog` (`uid` , `status` , `info` , `get` , `ip` , `create_time`) VALUES (1 , 1 , '提示语:恭喜您，登陆成功' , '/admin/index/login.html' , 2130706433 , 1566361526) [ RunTime:0.000622s ]
---------------------------------------------------------------
[2019-08-21T12:25:28+08:00] 127.0.0.1 GET tp-mall.com/admin/index/index.html
[运行时间：0.848882s] [吞吐率：1.18req/s] [内存消耗：3,498.63kb] [文件加载：97]
[ info ] [ LANG ] E:\phpStudy\PHPTutorial\WWW\mall\app\thinkphp\lang\zh-cn.php
[ info ] [ ROUTE ] array (
)
[ info ] [ HEADER ] array (
  'upgrade-insecure-requests' => '1',
  'cookie' => 'thinkphp_show_page_trace=0|0; __cfduid=de3c3a8a3b81cc9e8800db07041ac6b441564985932; Hm_lvt_fb2f7fcb2249dedf4ed4175e254055cb=1565054322,1565311847,1566204291; PHPSESSID=s6uus005mfaqjb0r7udsrq0n9b; thinkphp_show_page_trace=0|0',
  'referer' => 'http://tp-mall.com/admin/index/login.html',
  'connection' => 'keep-alive',
  'accept-encoding' => 'gzip, deflate',
  'accept-language' => 'zh-CN,zh;q=0.8,zh-TW;q=0.7,zh-HK;q=0.5,en-US;q=0.3,en;q=0.2',
  'accept' => 'text/html,application/xhtml+xml,application/xml;q=0.9,*/*;q=0.8',
  'user-agent' => 'Mozilla/5.0 (Windows NT 10.0; Win64; x64; rv:68.0) Gecko/20100101 Firefox/68.0',
  'host' => 'tp-mall.com',
  'content-length' => '',
  'content-type' => '',
)
[ info ] [ PARAM ] array (
)
[ info ] [ DB ] INIT mysql
[ info ] [ VIEW ] E:\phpStudy\PHPTutorial\WWW\mall\app\application\admin\view\index\index.html [ array (
  0 => 'userInfo',
  1 => 'SUBMENU_CONFIG',
) ]
[ sql ] [ DB ] CONNECT:[ UseTime:0.003267s ] mysql:host=127.0.0.1;dbname=mall;charset=utf8
[ sql ] [ SQL ] SHOW COLUMNS FROM `pyg_admin` [ RunTime:0.002022s ]
[ sql ] [ SQL ] SELECT * FROM `pyg_admin` WHERE  `id` = 1 LIMIT 1 [ RunTime:0.000538s ]
[ sql ] [ SQL ] SHOW COLUMNS FROM `pyg_menu` [ RunTime:0.002040s ]
[ sql ] [ SQL ] SELECT * FROM `pyg_menu` WHERE  `parentid` = 0  AND `status` = 1 ORDER BY `listorder` ASC,`id` ASC [ RunTime:0.011899s ]
[ sql ] [ SQL ] SELECT * FROM `pyg_menu` WHERE  `parentid` = 3  AND `status` = 1 ORDER BY `listorder` ASC,`id` ASC [ RunTime:0.000849s ]
[ sql ] [ SQL ] SELECT * FROM `pyg_menu` WHERE  `parentid` = 10  AND `status` = 1 ORDER BY `listorder` ASC,`id` ASC [ RunTime:0.000797s ]
[ sql ] [ SQL ] SELECT * FROM `pyg_menu` WHERE  `parentid` = 11  AND `status` = 1 ORDER BY `listorder` ASC,`id` ASC [ RunTime:0.000829s ]
[ sql ] [ SQL ] SELECT * FROM `pyg_menu` WHERE  `parentid` = 24  AND `status` = 1 ORDER BY `listorder` ASC,`id` ASC [ RunTime:0.000702s ]
[ sql ] [ SQL ] SELECT * FROM `pyg_menu` WHERE  `parentid` = 25  AND `status` = 1 ORDER BY `listorder` ASC,`id` ASC [ RunTime:0.000679s ]
[ sql ] [ SQL ] SELECT * FROM `pyg_menu` WHERE  `parentid` = 26  AND `status` = 1 ORDER BY `listorder` ASC,`id` ASC [ RunTime:0.000710s ]
[ sql ] [ SQL ] SELECT * FROM `pyg_menu` WHERE  `parentid` = 13  AND `status` = 1 ORDER BY `listorder` ASC,`id` ASC [ RunTime:0.000878s ]
[ sql ] [ SQL ] SELECT * FROM `pyg_menu` WHERE  `parentid` = 14  AND `status` = 1 ORDER BY `listorder` ASC,`id` ASC [ RunTime:0.000852s ]
[ sql ] [ SQL ] SELECT * FROM `pyg_menu` WHERE  `parentid` = 27  AND `status` = 1 ORDER BY `listorder` ASC,`id` ASC [ RunTime:0.000709s ]
[ sql ] [ SQL ] SELECT * FROM `pyg_menu` WHERE  `parentid` = 28  AND `status` = 1 ORDER BY `listorder` ASC,`id` ASC [ RunTime:0.000683s ]
[ sql ] [ SQL ] SELECT * FROM `pyg_menu` WHERE  `parentid` = 29  AND `status` = 1 ORDER BY `listorder` ASC,`id` ASC [ RunTime:0.000727s ]
[ sql ] [ SQL ] SELECT * FROM `pyg_menu` WHERE  `parentid` = 23  AND `status` = 1 ORDER BY `listorder` ASC,`id` ASC [ RunTime:0.001153s ]
[ sql ] [ SQL ] SELECT * FROM `pyg_menu` WHERE  `parentid` = 30  AND `status` = 1 ORDER BY `listorder` ASC,`id` ASC [ RunTime:0.000770s ]
[ sql ] [ SQL ] SELECT * FROM `pyg_menu` WHERE  `parentid` = 31  AND `status` = 1 ORDER BY `listorder` ASC,`id` ASC [ RunTime:0.000718s ]
[ sql ] [ SQL ] SELECT * FROM `pyg_menu` WHERE  `parentid` = 15  AND `status` = 1 ORDER BY `listorder` ASC,`id` ASC [ RunTime:0.000802s ]
[ sql ] [ SQL ] SELECT * FROM `pyg_menu` WHERE  `parentid` = 16  AND `status` = 1 ORDER BY `listorder` ASC,`id` ASC [ RunTime:0.000891s ]
[ sql ] [ SQL ] SELECT * FROM `pyg_menu` WHERE  `parentid` = 18  AND `status` = 1 ORDER BY `listorder` ASC,`id` ASC [ RunTime:0.000770s ]
[ sql ] [ SQL ] SELECT * FROM `pyg_menu` WHERE  `parentid` = 19  AND `status` = 1 ORDER BY `listorder` ASC,`id` ASC [ RunTime:0.000741s ]
[ sql ] [ SQL ] SELECT * FROM `pyg_menu` WHERE  `parentid` = 21  AND `status` = 1 ORDER BY `listorder` ASC,`id` ASC [ RunTime:0.000675s ]
[ sql ] [ SQL ] SELECT * FROM `pyg_menu` WHERE  `parentid` = 17  AND `status` = 1 ORDER BY `listorder` ASC,`id` ASC [ RunTime:0.000909s ]
[ sql ] [ SQL ] SELECT * FROM `pyg_menu` WHERE  `parentid` = 22  AND `status` = 1 ORDER BY `listorder` ASC,`id` ASC [ RunTime:0.001038s ]
[ sql ] [ SQL ] SELECT * FROM `pyg_menu` WHERE  `parentid` = 48  AND `status` = 1 ORDER BY `listorder` ASC,`id` ASC [ RunTime:0.000764s ]
[ sql ] [ SQL ] SELECT * FROM `pyg_menu` WHERE  `parentid` = 49  AND `status` = 1 ORDER BY `listorder` ASC,`id` ASC [ RunTime:0.003596s ]
[ sql ] [ SQL ] SELECT * FROM `pyg_menu` WHERE  `parentid` = 50  AND `status` = 1 ORDER BY `listorder` ASC,`id` ASC [ RunTime:0.001001s ]
[ sql ] [ SQL ] SELECT * FROM `pyg_menu` WHERE  `parentid` = 51  AND `status` = 1 ORDER BY `listorder` ASC,`id` ASC [ RunTime:0.000829s ]
[ sql ] [ SQL ] SELECT * FROM `pyg_menu` WHERE  `parentid` = 20  AND `status` = 1 ORDER BY `listorder` ASC,`id` ASC [ RunTime:0.001236s ]
[ sql ] [ SQL ] SELECT * FROM `pyg_menu` WHERE  `parentid` = 12  AND `status` = 1 ORDER BY `listorder` ASC,`id` ASC [ RunTime:0.000762s ]
[ sql ] [ SQL ] SELECT * FROM `pyg_menu` WHERE  `parentid` = 4  AND `status` = 1 ORDER BY `listorder` ASC,`id` ASC [ RunTime:0.000969s ]
[ sql ] [ SQL ] SELECT * FROM `pyg_menu` WHERE  `parentid` = 73  AND `status` = 1 ORDER BY `listorder` ASC,`id` ASC [ RunTime:0.000818s ]
[ sql ] [ SQL ] SELECT * FROM `pyg_menu` WHERE  `parentid` = 78  AND `status` = 1 ORDER BY `listorder` ASC,`id` ASC [ RunTime:0.000734s ]
[ sql ] [ SQL ] SELECT * FROM `pyg_menu` WHERE  `parentid` = 79  AND `status` = 1 ORDER BY `listorder` ASC,`id` ASC [ RunTime:0.000883s ]
[ sql ] [ SQL ] SELECT * FROM `pyg_menu` WHERE  `parentid` = 74  AND `status` = 1 ORDER BY `listorder` ASC,`id` ASC [ RunTime:0.001316s ]
[ sql ] [ SQL ] SELECT * FROM `pyg_menu` WHERE  `parentid` = 105  AND `status` = 1 ORDER BY `listorder` ASC,`id` ASC [ RunTime:0.000821s ]
[ sql ] [ SQL ] SELECT * FROM `pyg_menu` WHERE  `parentid` = 86  AND `status` = 1 ORDER BY `listorder` ASC,`id` ASC [ RunTime:0.000666s ]
[ sql ] [ SQL ] SELECT * FROM `pyg_menu` WHERE  `parentid` = 87  AND `status` = 1 ORDER BY `listorder` ASC,`id` ASC [ RunTime:0.000850s ]
[ sql ] [ SQL ] SELECT * FROM `pyg_menu` WHERE  `parentid` = 85  AND `status` = 1 ORDER BY `listorder` ASC,`id` ASC [ RunTime:0.000642s ]
[ sql ] [ SQL ] SELECT * FROM `pyg_menu` WHERE  `parentid` = 88  AND `status` = 1 ORDER BY `listorder` ASC,`id` ASC [ RunTime:0.000846s ]
[ sql ] [ SQL ] SELECT * FROM `pyg_menu` WHERE  `parentid` = 89  AND `status` = 1 ORDER BY `listorder` ASC,`id` ASC [ RunTime:0.000675s ]
[ sql ] [ SQL ] SELECT * FROM `pyg_menu` WHERE  `parentid` = 90  AND `status` = 1 ORDER BY `listorder` ASC,`id` ASC [ RunTime:0.000936s ]
[ sql ] [ SQL ] SELECT * FROM `pyg_menu` WHERE  `parentid` = 76  AND `status` = 1 ORDER BY `listorder` ASC,`id` ASC [ RunTime:0.000862s ]
[ sql ] [ SQL ] SELECT * FROM `pyg_menu` WHERE  `parentid` = 92  AND `status` = 1 ORDER BY `listorder` ASC,`id` ASC [ RunTime:0.000882s ]
[ sql ] [ SQL ] SELECT * FROM `pyg_menu` WHERE  `parentid` = 93  AND `status` = 1 ORDER BY `listorder` ASC,`id` ASC [ RunTime:0.000784s ]
[ sql ] [ SQL ] SELECT * FROM `pyg_menu` WHERE  `parentid` = 77  AND `status` = 1 ORDER BY `listorder` ASC,`id` ASC [ RunTime:0.000935s ]
[ sql ] [ SQL ] SELECT * FROM `pyg_menu` WHERE  `parentid` = 98  AND `status` = 1 ORDER BY `listorder` ASC,`id` ASC [ RunTime:0.001062s ]
[ sql ] [ SQL ] SELECT * FROM `pyg_menu` WHERE  `parentid` = 100  AND `status` = 1 ORDER BY `listorder` ASC,`id` ASC [ RunTime:0.000822s ]
[ sql ] [ SQL ] SELECT * FROM `pyg_menu` WHERE  `parentid` = 101  AND `status` = 1 ORDER BY `listorder` ASC,`id` ASC [ RunTime:0.000845s ]
[ sql ] [ SQL ] SELECT * FROM `pyg_menu` WHERE  `parentid` = 106  AND `status` = 1 ORDER BY `listorder` ASC,`id` ASC [ RunTime:0.000628s ]
[ sql ] [ SQL ] SELECT * FROM `pyg_menu` WHERE  `parentid` = 107  AND `status` = 1 ORDER BY `listorder` ASC,`id` ASC [ RunTime:0.000830s ]
[ sql ] [ SQL ] SELECT * FROM `pyg_menu` WHERE  `parentid` = 5  AND `status` = 1 ORDER BY `listorder` ASC,`id` ASC [ RunTime:0.000873s ]
[ sql ] [ SQL ] SELECT * FROM `pyg_menu` WHERE  `parentid` = 56  AND `status` = 1 ORDER BY `listorder` ASC,`id` ASC [ RunTime:0.001190s ]
[ sql ] [ SQL ] SELECT * FROM `pyg_menu` WHERE  `parentid` = 109  AND `status` = 1 ORDER BY `listorder` ASC,`id` ASC [ RunTime:0.000716s ]
[ sql ] [ SQL ] SELECT * FROM `pyg_menu` WHERE  `parentid` = 110  AND `status` = 1 ORDER BY `listorder` ASC,`id` ASC [ RunTime:0.000681s ]
[ sql ] [ SQL ] SELECT * FROM `pyg_menu` WHERE  `parentid` = 111  AND `status` = 1 ORDER BY `listorder` ASC,`id` ASC [ RunTime:0.000708s ]
[ sql ] [ SQL ] SELECT * FROM `pyg_menu` WHERE  `parentid` = 62  AND `status` = 1 ORDER BY `listorder` ASC,`id` ASC [ RunTime:0.000801s ]
[ sql ] [ SQL ] SELECT * FROM `pyg_menu` WHERE  `parentid` = 63  AND `status` = 1 ORDER BY `listorder` ASC,`id` ASC [ RunTime:0.000722s ]
[ sql ] [ SQL ] SELECT * FROM `pyg_menu` WHERE  `parentid` = 64  AND `status` = 1 ORDER BY `listorder` ASC,`id` ASC [ RunTime:0.000671s ]
[ sql ] [ SQL ] SELECT * FROM `pyg_menu` WHERE  `parentid` = 65  AND `status` = 1 ORDER BY `listorder` ASC,`id` ASC [ RunTime:0.000715s ]
[ sql ] [ SQL ] SELECT * FROM `pyg_menu` WHERE  `parentid` = 66  AND `status` = 1 ORDER BY `listorder` ASC,`id` ASC [ RunTime:0.000675s ]
[ sql ] [ SQL ] SELECT * FROM `pyg_menu` WHERE  `parentid` = 67  AND `status` = 1 ORDER BY `listorder` ASC,`id` ASC [ RunTime:0.000791s ]
[ sql ] [ SQL ] SELECT * FROM `pyg_menu` WHERE  `parentid` = 68  AND `status` = 1 ORDER BY `listorder` ASC,`id` ASC [ RunTime:0.000812s ]
[ sql ] [ SQL ] SELECT * FROM `pyg_menu` WHERE  `parentid` = 69  AND `status` = 1 ORDER BY `listorder` ASC,`id` ASC [ RunTime:0.001063s ]
[ sql ] [ SQL ] SELECT * FROM `pyg_menu` WHERE  `parentid` = 70  AND `status` = 1 ORDER BY `listorder` ASC,`id` ASC [ RunTime:0.000717s ]
[ sql ] [ SQL ] SELECT * FROM `pyg_menu` WHERE  `parentid` = 71  AND `status` = 1 ORDER BY `listorder` ASC,`id` ASC [ RunTime:0.000636s ]
[ sql ] [ SQL ] SELECT * FROM `pyg_menu` WHERE  `parentid` = 72  AND `status` = 1 ORDER BY `listorder` ASC,`id` ASC [ RunTime:0.000835s ]
---------------------------------------------------------------
[2019-08-21T12:25:29+08:00] 127.0.0.1 GET tp-mall.com/admin/main/index.html
[运行时间：0.238696s] [吞吐率：4.19req/s] [内存消耗：3,281.63kb] [文件加载：95]
[ info ] [ LANG ] E:\phpStudy\PHPTutorial\WWW\mall\app\thinkphp\lang\zh-cn.php
[ info ] [ ROUTE ] array (
)
[ info ] [ HEADER ] array (
  'upgrade-insecure-requests' => '1',
  'cookie' => '__cfduid=de3c3a8a3b81cc9e8800db07041ac6b441564985932; Hm_lvt_fb2f7fcb2249dedf4ed4175e254055cb=1565054322,1565311847,1566204291; PHPSESSID=s6uus005mfaqjb0r7udsrq0n9b; thinkphp_show_page_trace=0|0',
  'referer' => 'http://tp-mall.com/admin/index/index.html',
  'connection' => 'keep-alive',
  'accept-encoding' => 'gzip, deflate',
  'accept-language' => 'zh-CN,zh;q=0.8,zh-TW;q=0.7,zh-HK;q=0.5,en-US;q=0.3,en;q=0.2',
  'accept' => 'text/html,application/xhtml+xml,application/xml;q=0.9,*/*;q=0.8',
  'user-agent' => 'Mozilla/5.0 (Windows NT 10.0; Win64; x64; rv:68.0) Gecko/20100101 Firefox/68.0',
  'host' => 'tp-mall.com',
  'content-length' => '',
  'content-type' => '',
)
[ info ] [ PARAM ] array (
)
[ info ] [ DB ] INIT mysql
[ info ] [ VIEW ] E:\phpStudy\PHPTutorial\WWW\mall\app\application\admin\view\main\index.html [ array (
  0 => 'userInfo',
  1 => 'sys_info',
) ]
[ sql ] [ DB ] CONNECT:[ UseTime:0.003629s ] mysql:host=127.0.0.1;dbname=mall;charset=utf8
[ sql ] [ SQL ] SHOW COLUMNS FROM `pyg_admin` [ RunTime:0.001862s ]
[ sql ] [ SQL ] SELECT * FROM `pyg_admin` WHERE  `id` = 1 LIMIT 1 [ RunTime:0.000518s ]
[ sql ] [ SQL ] SELECT VERSION() as version [ RunTime:0.000446s ]
[ error ] [8]未定义变量: object[E:\phpStudy\PHPTutorial\WWW\mall\app\runtime\temp\712757eee3d012ce523617d11564c40a.php:113]
[ error ] [8]未定义变量: object[E:\phpStudy\PHPTutorial\WWW\mall\app\runtime\temp\712757eee3d012ce523617d11564c40a.php:120]
[ error ] [8]未定义变量: object[E:\phpStudy\PHPTutorial\WWW\mall\app\runtime\temp\712757eee3d012ce523617d11564c40a.php:124]
[ error ] [8]未定义变量: object[E:\phpStudy\PHPTutorial\WWW\mall\app\runtime\temp\712757eee3d012ce523617d11564c40a.php:124]
[ error ] [8]未定义变量: object[E:\phpStudy\PHPTutorial\WWW\mall\app\runtime\temp\712757eee3d012ce523617d11564c40a.php:131]
[ error ] [8]未定义变量: object[E:\phpStudy\PHPTutorial\WWW\mall\app\runtime\temp\712757eee3d012ce523617d11564c40a.php:140]
[ error ] [8]未定义变量: object[E:\phpStudy\PHPTutorial\WWW\mall\app\runtime\temp\712757eee3d012ce523617d11564c40a.php:154]
---------------------------------------------------------------
[2019-08-21T12:25:29+08:00] 127.0.0.1 GET tp-mall.com/static/admin/img/title_head.png
[运行时间：0.067093s] [吞吐率：14.90req/s] [内存消耗：1,946.22kb] [文件加载：75]
[ info ] [ LANG ] E:\phpStudy\PHPTutorial\WWW\mall\app\thinkphp\lang\zh-cn.php
[ info ] [ ROUTE ] array (
)
[ info ] [ HEADER ] array (
  'cookie' => '__cfduid=de3c3a8a3b81cc9e8800db07041ac6b441564985932; Hm_lvt_fb2f7fcb2249dedf4ed4175e254055cb=1565054322,1565311847,1566204291; PHPSESSID=s6uus005mfaqjb0r7udsrq0n9b; thinkphp_show_page_trace=0|0',
  'referer' => 'http://tp-mall.com/static/admin/css/common.css',
  'connection' => 'keep-alive',
  'accept-encoding' => 'gzip, deflate',
  'accept-language' => 'zh-CN,zh;q=0.8,zh-TW;q=0.7,zh-HK;q=0.5,en-US;q=0.3,en;q=0.2',
  'accept' => 'image/webp,*/*',
  'user-agent' => 'Mozilla/5.0 (Windows NT 10.0; Win64; x64; rv:68.0) Gecko/20100101 Firefox/68.0',
  'host' => 'tp-mall.com',
  'content-length' => '',
  'content-type' => '',
)
[ info ] [ PARAM ] array (
)
---------------------------------------------------------------
[2019-08-21T12:25:40+08:00] 127.0.0.1 GET tp-mall.com/admin/seckill/index/menuid/111.html
[运行时间：0.190516s] [吞吐率：5.25req/s] [内存消耗：3,237.66kb] [文件加载：92]
[ info ] [ LANG ] E:\phpStudy\PHPTutorial\WWW\mall\app\thinkphp\lang\zh-cn.php
[ info ] [ ROUTE ] array (
)
[ info ] [ HEADER ] array (
  'upgrade-insecure-requests' => '1',
  'cookie' => '__cfduid=de3c3a8a3b81cc9e8800db07041ac6b441564985932; Hm_lvt_fb2f7fcb2249dedf4ed4175e254055cb=1565054322,1565311847,1566204291; PHPSESSID=s6uus005mfaqjb0r7udsrq0n9b; thinkphp_show_page_trace=0|0',
  'referer' => 'http://tp-mall.com/admin/index/index.html',
  'connection' => 'keep-alive',
  'accept-encoding' => 'gzip, deflate',
  'accept-language' => 'zh-CN,zh;q=0.8,zh-TW;q=0.7,zh-HK;q=0.5,en-US;q=0.3,en;q=0.2',
  'accept' => 'text/html,application/xhtml+xml,application/xml;q=0.9,*/*;q=0.8',
  'user-agent' => 'Mozilla/5.0 (Windows NT 10.0; Win64; x64; rv:68.0) Gecko/20100101 Firefox/68.0',
  'host' => 'tp-mall.com',
  'content-length' => '',
  'content-type' => '',
)
[ info ] [ PARAM ] array (
  'menuid' => '111',
)
[ info ] [ DB ] INIT mysql
[ info ] [ VIEW ] E:\phpStudy\PHPTutorial\WWW\mall\app\application\admin\view\seckill\index.html [ array (
  0 => 'p',
) ]
[ sql ] [ DB ] CONNECT:[ UseTime:0.004285s ] mysql:host=127.0.0.1;dbname=mall;charset=utf8
[ sql ] [ SQL ] SHOW COLUMNS FROM `pyg_admin` [ RunTime:0.002579s ]
[ sql ] [ SQL ] SELECT * FROM `pyg_admin` WHERE  `id` = 1 LIMIT 1 [ RunTime:0.000771s ]
---------------------------------------------------------------
[2019-08-21T12:25:41+08:00] 127.0.0.1 POST tp-mall.com/admin/seckill/saleByPage
[运行时间：0.147252s] [吞吐率：6.79req/s] [内存消耗：3,353.73kb] [文件加载：96]
[ info ] [ LANG ] E:\phpStudy\PHPTutorial\WWW\mall\app\thinkphp\lang\zh-cn.php
[ info ] [ ROUTE ] array (
)
[ info ] [ HEADER ] array (
  'cookie' => '__cfduid=de3c3a8a3b81cc9e8800db07041ac6b441564985932; Hm_lvt_fb2f7fcb2249dedf4ed4175e254055cb=1565054322,1565311847,1566204291; PHPSESSID=s6uus005mfaqjb0r7udsrq0n9b; thinkphp_show_page_trace=0|0',
  'referer' => 'http://tp-mall.com/admin/seckill/index/menuid/111.html',
  'connection' => 'keep-alive',
  'content-length' => '22',
  'x-requested-with' => 'XMLHttpRequest',
  'content-type' => 'application/x-www-form-urlencoded; charset=UTF-8',
  'accept-encoding' => 'gzip, deflate',
  'accept-language' => 'zh-CN,zh;q=0.8,zh-TW;q=0.7,zh-HK;q=0.5,en-US;q=0.3,en;q=0.2',
  'accept' => 'application/json, text/javascript, */*; q=0.01',
  'user-agent' => 'Mozilla/5.0 (Windows NT 10.0; Win64; x64; rv:68.0) Gecko/20100101 Firefox/68.0',
  'host' => 'tp-mall.com',
)
[ info ] [ PARAM ] array (
  'title' => '',
  'page' => '1',
  'limit' => '20',
)
[ info ] [ DB ] INIT mysql
[ sql ] [ DB ] CONNECT:[ UseTime:0.003069s ] mysql:host=127.0.0.1;dbname=mall;charset=utf8
[ sql ] [ SQL ] SHOW COLUMNS FROM `pyg_admin` [ RunTime:0.002093s ]
[ sql ] [ SQL ] SELECT * FROM `pyg_admin` WHERE  `id` = 1 LIMIT 1 [ RunTime:0.000684s ]
[ sql ] [ SQL ] SHOW COLUMNS FROM `pyg_goods_seckill` [ RunTime:0.002850s ]
[ sql ] [ SQL ] SELECT COUNT(*) AS tp_count FROM `pyg_goods_seckill` WHERE  `is_del` = 0 [ RunTime:0.015778s ]
[ sql ] [ SQL ] SELECT * FROM `pyg_goods_seckill` WHERE  `is_del` = 0 ORDER BY `seckillId` DESC LIMIT 0,20 [ RunTime:0.000797s ]
---------------------------------------------------------------
[2019-08-21T12:26:24+08:00] 127.0.0.1 GET tp-mall.com/admin/integrallog/index/menuid/110.html
[运行时间：0.486856s] [吞吐率：2.05req/s] [内存消耗：3,233.73kb] [文件加载：92]
[ info ] [ LANG ] E:\phpStudy\PHPTutorial\WWW\mall\app\thinkphp\lang\zh-cn.php
[ info ] [ ROUTE ] array (
)
[ info ] [ HEADER ] array (
  'upgrade-insecure-requests' => '1',
  'cookie' => '__cfduid=de3c3a8a3b81cc9e8800db07041ac6b441564985932; Hm_lvt_fb2f7fcb2249dedf4ed4175e254055cb=1565054322,1565311847,1566204291; PHPSESSID=s6uus005mfaqjb0r7udsrq0n9b; thinkphp_show_page_trace=0|0',
  'referer' => 'http://tp-mall.com/admin/index/index.html',
  'connection' => 'keep-alive',
  'accept-encoding' => 'gzip, deflate',
  'accept-language' => 'zh-CN,zh;q=0.8,zh-TW;q=0.7,zh-HK;q=0.5,en-US;q=0.3,en;q=0.2',
  'accept' => 'text/html,application/xhtml+xml,application/xml;q=0.9,*/*;q=0.8',
  'user-agent' => 'Mozilla/5.0 (Windows NT 10.0; Win64; x64; rv:68.0) Gecko/20100101 Firefox/68.0',
  'host' => 'tp-mall.com',
  'content-length' => '',
  'content-type' => '',
)
[ info ] [ PARAM ] array (
  'menuid' => '110',
)
[ info ] [ DB ] INIT mysql
[ info ] [ VIEW ] E:\phpStudy\PHPTutorial\WWW\mall\app\application\admin\view\integrallog\index.html [ array (
  0 => 'p',
) ]
[ sql ] [ DB ] CONNECT:[ UseTime:0.007792s ] mysql:host=127.0.0.1;dbname=mall;charset=utf8
[ sql ] [ SQL ] SHOW COLUMNS FROM `pyg_admin` [ RunTime:0.005300s ]
[ sql ] [ SQL ] SELECT * FROM `pyg_admin` WHERE  `id` = 1 LIMIT 1 [ RunTime:0.001305s ]
---------------------------------------------------------------
[2019-08-21T12:26:24+08:00] 127.0.0.1 POST tp-mall.com/admin/Integrallog/pageQuery
[运行时间：0.128957s] [吞吐率：7.75req/s] [内存消耗：3,313.84kb] [文件加载：96]
[ info ] [ LANG ] E:\phpStudy\PHPTutorial\WWW\mall\app\thinkphp\lang\zh-cn.php
[ info ] [ ROUTE ] array (
)
[ info ] [ HEADER ] array (
  'cookie' => '__cfduid=de3c3a8a3b81cc9e8800db07041ac6b441564985932; Hm_lvt_fb2f7fcb2249dedf4ed4175e254055cb=1565054322,1565311847,1566204291; PHPSESSID=s6uus005mfaqjb0r7udsrq0n9b; thinkphp_show_page_trace=0|0',
  'referer' => 'http://tp-mall.com/admin/integrallog/index/menuid/110.html',
  'connection' => 'keep-alive',
  'content-length' => '15',
  'x-requested-with' => 'XMLHttpRequest',
  'content-type' => 'application/x-www-form-urlencoded; charset=UTF-8',
  'accept-encoding' => 'gzip, deflate',
  'accept-language' => 'zh-CN,zh;q=0.8,zh-TW;q=0.7,zh-HK;q=0.5,en-US;q=0.3,en;q=0.2',
  'accept' => 'application/json, text/javascript, */*; q=0.01',
  'user-agent' => 'Mozilla/5.0 (Windows NT 10.0; Win64; x64; rv:68.0) Gecko/20100101 Firefox/68.0',
  'host' => 'tp-mall.com',
)
[ info ] [ PARAM ] array (
  'page' => '1',
  'limit' => '20',
)
[ info ] [ DB ] INIT mysql
[ sql ] [ DB ] CONNECT:[ UseTime:0.003003s ] mysql:host=127.0.0.1;dbname=mall;charset=utf8
[ sql ] [ SQL ] SHOW COLUMNS FROM `pyg_admin` [ RunTime:0.002587s ]
[ sql ] [ SQL ] SELECT * FROM `pyg_admin` WHERE  `id` = 1 LIMIT 1 [ RunTime:0.000727s ]
[ sql ] [ SQL ] SHOW COLUMNS FROM `pyg_user_bill` [ RunTime:0.004408s ]
[ sql ] [ SQL ] SELECT COUNT(*) AS tp_count FROM `pyg_user_bill` [ RunTime:0.000639s ]
[ sql ] [ SQL ] SELECT * FROM `pyg_user_bill` LIMIT 0,20 [ RunTime:0.001122s ]
---------------------------------------------------------------
[2019-08-21T12:59:48+08:00] 127.0.0.1 GET tp-mall.com/admin
[运行时间：0.961110s] [吞吐率：1.04req/s] [内存消耗：3,498.12kb] [文件加载：97]
[ info ] [ LANG ] E:\phpStudy\PHPTutorial\WWW\mall\app\thinkphp\lang\zh-cn.php
[ info ] [ ROUTE ] array (
)
[ info ] [ HEADER ] array (
  'upgrade-insecure-requests' => '1',
  'cookie' => '__cfduid=de3c3a8a3b81cc9e8800db07041ac6b441564985932; Hm_lvt_fb2f7fcb2249dedf4ed4175e254055cb=1565054322,1565311847,1566204291; PHPSESSID=s6uus005mfaqjb0r7udsrq0n9b; thinkphp_show_page_trace=0|0',
  'connection' => 'keep-alive',
  'accept-encoding' => 'gzip, deflate',
  'accept-language' => 'zh-CN,zh;q=0.8,zh-TW;q=0.7,zh-HK;q=0.5,en-US;q=0.3,en;q=0.2',
  'accept' => 'text/html,application/xhtml+xml,application/xml;q=0.9,*/*;q=0.8',
  'user-agent' => 'Mozilla/5.0 (Windows NT 10.0; Win64; x64; rv:68.0) Gecko/20100101 Firefox/68.0',
  'host' => 'tp-mall.com',
  'content-length' => '',
  'content-type' => '',
)
[ info ] [ PARAM ] array (
)
[ info ] [ DB ] INIT mysql
[ info ] [ VIEW ] E:\phpStudy\PHPTutorial\WWW\mall\app\application\admin\view\index\index.html [ array (
  0 => 'userInfo',
  1 => 'SUBMENU_CONFIG',
) ]
[ sql ] [ DB ] CONNECT:[ UseTime:0.003649s ] mysql:host=127.0.0.1;dbname=mall;charset=utf8
[ sql ] [ SQL ] SHOW COLUMNS FROM `pyg_admin` [ RunTime:0.002892s ]
[ sql ] [ SQL ] SELECT * FROM `pyg_admin` WHERE  `id` = 1 LIMIT 1 [ RunTime:0.000756s ]
[ sql ] [ SQL ] SHOW COLUMNS FROM `pyg_menu` [ RunTime:0.004297s ]
[ sql ] [ SQL ] SELECT * FROM `pyg_menu` WHERE  `parentid` = 0  AND `status` = 1 ORDER BY `listorder` ASC,`id` ASC [ RunTime:0.001754s ]
[ sql ] [ SQL ] SELECT * FROM `pyg_menu` WHERE  `parentid` = 3  AND `status` = 1 ORDER BY `listorder` ASC,`id` ASC [ RunTime:0.002355s ]
[ sql ] [ SQL ] SELECT * FROM `pyg_menu` WHERE  `parentid` = 10  AND `status` = 1 ORDER BY `listorder` ASC,`id` ASC [ RunTime:0.001120s ]
[ sql ] [ SQL ] SELECT * FROM `pyg_menu` WHERE  `parentid` = 11  AND `status` = 1 ORDER BY `listorder` ASC,`id` ASC [ RunTime:0.001048s ]
[ sql ] [ SQL ] SELECT * FROM `pyg_menu` WHERE  `parentid` = 24  AND `status` = 1 ORDER BY `listorder` ASC,`id` ASC [ RunTime:0.001149s ]
[ sql ] [ SQL ] SELECT * FROM `pyg_menu` WHERE  `parentid` = 25  AND `status` = 1 ORDER BY `listorder` ASC,`id` ASC [ RunTime:0.000845s ]
[ sql ] [ SQL ] SELECT * FROM `pyg_menu` WHERE  `parentid` = 26  AND `status` = 1 ORDER BY `listorder` ASC,`id` ASC [ RunTime:0.000836s ]
[ sql ] [ SQL ] SELECT * FROM `pyg_menu` WHERE  `parentid` = 13  AND `status` = 1 ORDER BY `listorder` ASC,`id` ASC [ RunTime:0.000900s ]
[ sql ] [ SQL ] SELECT * FROM `pyg_menu` WHERE  `parentid` = 14  AND `status` = 1 ORDER BY `listorder` ASC,`id` ASC [ RunTime:0.000962s ]
[ sql ] [ SQL ] SELECT * FROM `pyg_menu` WHERE  `parentid` = 27  AND `status` = 1 ORDER BY `listorder` ASC,`id` ASC [ RunTime:0.000818s ]
[ sql ] [ SQL ] SELECT * FROM `pyg_menu` WHERE  `parentid` = 28  AND `status` = 1 ORDER BY `listorder` ASC,`id` ASC [ RunTime:0.000897s ]
[ sql ] [ SQL ] SELECT * FROM `pyg_menu` WHERE  `parentid` = 29  AND `status` = 1 ORDER BY `listorder` ASC,`id` ASC [ RunTime:0.000785s ]
[ sql ] [ SQL ] SELECT * FROM `pyg_menu` WHERE  `parentid` = 23  AND `status` = 1 ORDER BY `listorder` ASC,`id` ASC [ RunTime:0.001173s ]
[ sql ] [ SQL ] SELECT * FROM `pyg_menu` WHERE  `parentid` = 30  AND `status` = 1 ORDER BY `listorder` ASC,`id` ASC [ RunTime:0.001023s ]
[ sql ] [ SQL ] SELECT * FROM `pyg_menu` WHERE  `parentid` = 31  AND `status` = 1 ORDER BY `listorder` ASC,`id` ASC [ RunTime:0.000697s ]
[ sql ] [ SQL ] SELECT * FROM `pyg_menu` WHERE  `parentid` = 15  AND `status` = 1 ORDER BY `listorder` ASC,`id` ASC [ RunTime:0.000762s ]
[ sql ] [ SQL ] SELECT * FROM `pyg_menu` WHERE  `parentid` = 16  AND `status` = 1 ORDER BY `listorder` ASC,`id` ASC [ RunTime:0.000795s ]
[ sql ] [ SQL ] SELECT * FROM `pyg_menu` WHERE  `parentid` = 18  AND `status` = 1 ORDER BY `listorder` ASC,`id` ASC [ RunTime:0.000672s ]
[ sql ] [ SQL ] SELECT * FROM `pyg_menu` WHERE  `parentid` = 19  AND `status` = 1 ORDER BY `listorder` ASC,`id` ASC [ RunTime:0.000619s ]
[ sql ] [ SQL ] SELECT * FROM `pyg_menu` WHERE  `parentid` = 21  AND `status` = 1 ORDER BY `listorder` ASC,`id` ASC [ RunTime:0.000584s ]
[ sql ] [ SQL ] SELECT * FROM `pyg_menu` WHERE  `parentid` = 17  AND `status` = 1 ORDER BY `listorder` ASC,`id` ASC [ RunTime:0.000756s ]
[ sql ] [ SQL ] SELECT * FROM `pyg_menu` WHERE  `parentid` = 22  AND `status` = 1 ORDER BY `listorder` ASC,`id` ASC [ RunTime:0.000668s ]
[ sql ] [ SQL ] SELECT * FROM `pyg_menu` WHERE  `parentid` = 48  AND `status` = 1 ORDER BY `listorder` ASC,`id` ASC [ RunTime:0.000899s ]
[ sql ] [ SQL ] SELECT * FROM `pyg_menu` WHERE  `parentid` = 49  AND `status` = 1 ORDER BY `listorder` ASC,`id` ASC [ RunTime:0.000602s ]
[ sql ] [ SQL ] SELECT * FROM `pyg_menu` WHERE  `parentid` = 50  AND `status` = 1 ORDER BY `listorder` ASC,`id` ASC [ RunTime:0.000607s ]
[ sql ] [ SQL ] SELECT * FROM `pyg_menu` WHERE  `parentid` = 51  AND `status` = 1 ORDER BY `listorder` ASC,`id` ASC [ RunTime:0.001031s ]
[ sql ] [ SQL ] SELECT * FROM `pyg_menu` WHERE  `parentid` = 20  AND `status` = 1 ORDER BY `listorder` ASC,`id` ASC [ RunTime:0.000879s ]
[ sql ] [ SQL ] SELECT * FROM `pyg_menu` WHERE  `parentid` = 12  AND `status` = 1 ORDER BY `listorder` ASC,`id` ASC [ RunTime:0.000805s ]
[ sql ] [ SQL ] SELECT * FROM `pyg_menu` WHERE  `parentid` = 4  AND `status` = 1 ORDER BY `listorder` ASC,`id` ASC [ RunTime:0.001069s ]
[ sql ] [ SQL ] SELECT * FROM `pyg_menu` WHERE  `parentid` = 73  AND `status` = 1 ORDER BY `listorder` ASC,`id` ASC [ RunTime:0.000768s ]
[ sql ] [ SQL ] SELECT * FROM `pyg_menu` WHERE  `parentid` = 78  AND `status` = 1 ORDER BY `listorder` ASC,`id` ASC [ RunTime:0.000633s ]
[ sql ] [ SQL ] SELECT * FROM `pyg_menu` WHERE  `parentid` = 79  AND `status` = 1 ORDER BY `listorder` ASC,`id` ASC [ RunTime:0.000719s ]
[ sql ] [ SQL ] SELECT * FROM `pyg_menu` WHERE  `parentid` = 74  AND `status` = 1 ORDER BY `listorder` ASC,`id` ASC [ RunTime:0.000921s ]
[ sql ] [ SQL ] SELECT * FROM `pyg_menu` WHERE  `parentid` = 105  AND `status` = 1 ORDER BY `listorder` ASC,`id` ASC [ RunTime:0.000700s ]
[ sql ] [ SQL ] SELECT * FROM `pyg_menu` WHERE  `parentid` = 86  AND `status` = 1 ORDER BY `listorder` ASC,`id` ASC [ RunTime:0.000664s ]
[ sql ] [ SQL ] SELECT * FROM `pyg_menu` WHERE  `parentid` = 87  AND `status` = 1 ORDER BY `listorder` ASC,`id` ASC [ RunTime:0.000611s ]
[ sql ] [ SQL ] SELECT * FROM `pyg_menu` WHERE  `parentid` = 85  AND `status` = 1 ORDER BY `listorder` ASC,`id` ASC [ RunTime:0.000642s ]
[ sql ] [ SQL ] SELECT * FROM `pyg_menu` WHERE  `parentid` = 88  AND `status` = 1 ORDER BY `listorder` ASC,`id` ASC [ RunTime:0.000679s ]
[ sql ] [ SQL ] SELECT * FROM `pyg_menu` WHERE  `parentid` = 89  AND `status` = 1 ORDER BY `listorder` ASC,`id` ASC [ RunTime:0.000600s ]
[ sql ] [ SQL ] SELECT * FROM `pyg_menu` WHERE  `parentid` = 90  AND `status` = 1 ORDER BY `listorder` ASC,`id` ASC [ RunTime:0.000757s ]
[ sql ] [ SQL ] SELECT * FROM `pyg_menu` WHERE  `parentid` = 76  AND `status` = 1 ORDER BY `listorder` ASC,`id` ASC [ RunTime:0.000760s ]
[ sql ] [ SQL ] SELECT * FROM `pyg_menu` WHERE  `parentid` = 92  AND `status` = 1 ORDER BY `listorder` ASC,`id` ASC [ RunTime:0.000713s ]
[ sql ] [ SQL ] SELECT * FROM `pyg_menu` WHERE  `parentid` = 93  AND `status` = 1 ORDER BY `listorder` ASC,`id` ASC [ RunTime:0.000719s ]
[ sql ] [ SQL ] SELECT * FROM `pyg_menu` WHERE  `parentid` = 77  AND `status` = 1 ORDER BY `listorder` ASC,`id` ASC [ RunTime:0.000904s ]
[ sql ] [ SQL ] SELECT * FROM `pyg_menu` WHERE  `parentid` = 98  AND `status` = 1 ORDER BY `listorder` ASC,`id` ASC [ RunTime:0.000743s ]
[ sql ] [ SQL ] SELECT * FROM `pyg_menu` WHERE  `parentid` = 100  AND `status` = 1 ORDER BY `listorder` ASC,`id` ASC [ RunTime:0.000606s ]
[ sql ] [ SQL ] SELECT * FROM `pyg_menu` WHERE  `parentid` = 101  AND `status` = 1 ORDER BY `listorder` ASC,`id` ASC [ RunTime:0.000887s ]
[ sql ] [ SQL ] SELECT * FROM `pyg_menu` WHERE  `parentid` = 106  AND `status` = 1 ORDER BY `listorder` ASC,`id` ASC [ RunTime:0.000600s ]
[ sql ] [ SQL ] SELECT * FROM `pyg_menu` WHERE  `parentid` = 107  AND `status` = 1 ORDER BY `listorder` ASC,`id` ASC [ RunTime:0.000599s ]
[ sql ] [ SQL ] SELECT * FROM `pyg_menu` WHERE  `parentid` = 5  AND `status` = 1 ORDER BY `listorder` ASC,`id` ASC [ RunTime:0.000842s ]
[ sql ] [ SQL ] SELECT * FROM `pyg_menu` WHERE  `parentid` = 56  AND `status` = 1 ORDER BY `listorder` ASC,`id` ASC [ RunTime:0.000865s ]
[ sql ] [ SQL ] SELECT * FROM `pyg_menu` WHERE  `parentid` = 109  AND `status` = 1 ORDER BY `listorder` ASC,`id` ASC [ RunTime:0.000629s ]
[ sql ] [ SQL ] SELECT * FROM `pyg_menu` WHERE  `parentid` = 110  AND `status` = 1 ORDER BY `listorder` ASC,`id` ASC [ RunTime:0.000583s ]
[ sql ] [ SQL ] SELECT * FROM `pyg_menu` WHERE  `parentid` = 111  AND `status` = 1 ORDER BY `listorder` ASC,`id` ASC [ RunTime:0.000647s ]
[ sql ] [ SQL ] SELECT * FROM `pyg_menu` WHERE  `parentid` = 62  AND `status` = 1 ORDER BY `listorder` ASC,`id` ASC [ RunTime:0.000892s ]
[ sql ] [ SQL ] SELECT * FROM `pyg_menu` WHERE  `parentid` = 63  AND `status` = 1 ORDER BY `listorder` ASC,`id` ASC [ RunTime:0.000777s ]
[ sql ] [ SQL ] SELECT * FROM `pyg_menu` WHERE  `parentid` = 64  AND `status` = 1 ORDER BY `listorder` ASC,`id` ASC [ RunTime:0.000698s ]
[ sql ] [ SQL ] SELECT * FROM `pyg_menu` WHERE  `parentid` = 65  AND `status` = 1 ORDER BY `listorder` ASC,`id` ASC [ RunTime:0.000666s ]
[ sql ] [ SQL ] SELECT * FROM `pyg_menu` WHERE  `parentid` = 66  AND `status` = 1 ORDER BY `listorder` ASC,`id` ASC [ RunTime:0.000714s ]
[ sql ] [ SQL ] SELECT * FROM `pyg_menu` WHERE  `parentid` = 67  AND `status` = 1 ORDER BY `listorder` ASC,`id` ASC [ RunTime:0.000614s ]
[ sql ] [ SQL ] SELECT * FROM `pyg_menu` WHERE  `parentid` = 68  AND `status` = 1 ORDER BY `listorder` ASC,`id` ASC [ RunTime:0.000767s ]
[ sql ] [ SQL ] SELECT * FROM `pyg_menu` WHERE  `parentid` = 69  AND `status` = 1 ORDER BY `listorder` ASC,`id` ASC [ RunTime:0.000639s ]
[ sql ] [ SQL ] SELECT * FROM `pyg_menu` WHERE  `parentid` = 70  AND `status` = 1 ORDER BY `listorder` ASC,`id` ASC [ RunTime:0.000721s ]
[ sql ] [ SQL ] SELECT * FROM `pyg_menu` WHERE  `parentid` = 71  AND `status` = 1 ORDER BY `listorder` ASC,`id` ASC [ RunTime:0.000655s ]
[ sql ] [ SQL ] SELECT * FROM `pyg_menu` WHERE  `parentid` = 72  AND `status` = 1 ORDER BY `listorder` ASC,`id` ASC [ RunTime:0.000626s ]
---------------------------------------------------------------
[2019-08-21T12:59:48+08:00] 127.0.0.1 GET tp-mall.com/admin/main/index.html
[运行时间：0.185671s] [吞吐率：5.39req/s] [内存消耗：3,281.77kb] [文件加载：95]
[ info ] [ LANG ] E:\phpStudy\PHPTutorial\WWW\mall\app\thinkphp\lang\zh-cn.php
[ info ] [ ROUTE ] array (
)
[ info ] [ HEADER ] array (
  'upgrade-insecure-requests' => '1',
  'cookie' => 'thinkphp_show_page_trace=0|0; __cfduid=de3c3a8a3b81cc9e8800db07041ac6b441564985932; Hm_lvt_fb2f7fcb2249dedf4ed4175e254055cb=1565054322,1565311847,1566204291; PHPSESSID=s6uus005mfaqjb0r7udsrq0n9b; thinkphp_show_page_trace=0|0',
  'referer' => 'http://tp-mall.com/admin',
  'connection' => 'keep-alive',
  'accept-encoding' => 'gzip, deflate',
  'accept-language' => 'zh-CN,zh;q=0.8,zh-TW;q=0.7,zh-HK;q=0.5,en-US;q=0.3,en;q=0.2',
  'accept' => 'text/html,application/xhtml+xml,application/xml;q=0.9,*/*;q=0.8',
  'user-agent' => 'Mozilla/5.0 (Windows NT 10.0; Win64; x64; rv:68.0) Gecko/20100101 Firefox/68.0',
  'host' => 'tp-mall.com',
  'content-length' => '',
  'content-type' => '',
)
[ info ] [ PARAM ] array (
)
[ info ] [ DB ] INIT mysql
[ info ] [ VIEW ] E:\phpStudy\PHPTutorial\WWW\mall\app\application\admin\view\main\index.html [ array (
  0 => 'userInfo',
  1 => 'sys_info',
) ]
[ sql ] [ DB ] CONNECT:[ UseTime:0.003784s ] mysql:host=127.0.0.1;dbname=mall;charset=utf8
[ sql ] [ SQL ] SHOW COLUMNS FROM `pyg_admin` [ RunTime:0.003143s ]
[ sql ] [ SQL ] SELECT * FROM `pyg_admin` WHERE  `id` = 1 LIMIT 1 [ RunTime:0.000858s ]
[ sql ] [ SQL ] SELECT VERSION() as version [ RunTime:0.000513s ]
[ error ] [8]未定义变量: object[E:\phpStudy\PHPTutorial\WWW\mall\app\runtime\temp\712757eee3d012ce523617d11564c40a.php:113]
[ error ] [8]未定义变量: object[E:\phpStudy\PHPTutorial\WWW\mall\app\runtime\temp\712757eee3d012ce523617d11564c40a.php:120]
[ error ] [8]未定义变量: object[E:\phpStudy\PHPTutorial\WWW\mall\app\runtime\temp\712757eee3d012ce523617d11564c40a.php:124]
[ error ] [8]未定义变量: object[E:\phpStudy\PHPTutorial\WWW\mall\app\runtime\temp\712757eee3d012ce523617d11564c40a.php:124]
[ error ] [8]未定义变量: object[E:\phpStudy\PHPTutorial\WWW\mall\app\runtime\temp\712757eee3d012ce523617d11564c40a.php:131]
[ error ] [8]未定义变量: object[E:\phpStudy\PHPTutorial\WWW\mall\app\runtime\temp\712757eee3d012ce523617d11564c40a.php:140]
[ error ] [8]未定义变量: object[E:\phpStudy\PHPTutorial\WWW\mall\app\runtime\temp\712757eee3d012ce523617d11564c40a.php:154]
---------------------------------------------------------------
[2019-08-21T12:59:49+08:00] 127.0.0.1 GET tp-mall.com/static/admin/img/title_head.png
[运行时间：0.075997s] [吞吐率：13.16req/s] [内存消耗：1,946.22kb] [文件加载：75]
[ info ] [ LANG ] E:\phpStudy\PHPTutorial\WWW\mall\app\thinkphp\lang\zh-cn.php
[ info ] [ ROUTE ] array (
)
[ info ] [ HEADER ] array (
  'cookie' => '__cfduid=de3c3a8a3b81cc9e8800db07041ac6b441564985932; Hm_lvt_fb2f7fcb2249dedf4ed4175e254055cb=1565054322,1565311847,1566204291; PHPSESSID=s6uus005mfaqjb0r7udsrq0n9b; thinkphp_show_page_trace=0|0',
  'referer' => 'http://tp-mall.com/static/admin/css/common.css',
  'connection' => 'keep-alive',
  'accept-encoding' => 'gzip, deflate',
  'accept-language' => 'zh-CN,zh;q=0.8,zh-TW;q=0.7,zh-HK;q=0.5,en-US;q=0.3,en;q=0.2',
  'accept' => 'image/webp,*/*',
  'user-agent' => 'Mozilla/5.0 (Windows NT 10.0; Win64; x64; rv:68.0) Gecko/20100101 Firefox/68.0',
  'host' => 'tp-mall.com',
  'content-length' => '',
  'content-type' => '',
)
[ info ] [ PARAM ] array (
)
---------------------------------------------------------------
[2019-08-21T12:59:51+08:00] 127.0.0.1 GET tp-mall.com/admin/seckill/index/menuid/111.html
[运行时间：0.102768s] [吞吐率：9.73req/s] [内存消耗：3,237.80kb] [文件加载：92]
[ info ] [ LANG ] E:\phpStudy\PHPTutorial\WWW\mall\app\thinkphp\lang\zh-cn.php
[ info ] [ ROUTE ] array (
)
[ info ] [ HEADER ] array (
  'upgrade-insecure-requests' => '1',
  'cookie' => 'thinkphp_show_page_trace=0|0; __cfduid=de3c3a8a3b81cc9e8800db07041ac6b441564985932; Hm_lvt_fb2f7fcb2249dedf4ed4175e254055cb=1565054322,1565311847,1566204291; PHPSESSID=s6uus005mfaqjb0r7udsrq0n9b; thinkphp_show_page_trace=0|0',
  'referer' => 'http://tp-mall.com/admin',
  'connection' => 'keep-alive',
  'accept-encoding' => 'gzip, deflate',
  'accept-language' => 'zh-CN,zh;q=0.8,zh-TW;q=0.7,zh-HK;q=0.5,en-US;q=0.3,en;q=0.2',
  'accept' => 'text/html,application/xhtml+xml,application/xml;q=0.9,*/*;q=0.8',
  'user-agent' => 'Mozilla/5.0 (Windows NT 10.0; Win64; x64; rv:68.0) Gecko/20100101 Firefox/68.0',
  'host' => 'tp-mall.com',
  'content-length' => '',
  'content-type' => '',
)
[ info ] [ PARAM ] array (
  'menuid' => '111',
)
[ info ] [ DB ] INIT mysql
[ info ] [ VIEW ] E:\phpStudy\PHPTutorial\WWW\mall\app\application\admin\view\seckill\index.html [ array (
  0 => 'p',
) ]
[ sql ] [ DB ] CONNECT:[ UseTime:0.002960s ] mysql:host=127.0.0.1;dbname=mall;charset=utf8
[ sql ] [ SQL ] SHOW COLUMNS FROM `pyg_admin` [ RunTime:0.001933s ]
[ sql ] [ SQL ] SELECT * FROM `pyg_admin` WHERE  `id` = 1 LIMIT 1 [ RunTime:0.000976s ]
---------------------------------------------------------------
[2019-08-21T12:59:51+08:00] 127.0.0.1 POST tp-mall.com/admin/seckill/saleByPage
[运行时间：0.096084s] [吞吐率：10.41req/s] [内存消耗：3,353.73kb] [文件加载：96]
[ info ] [ LANG ] E:\phpStudy\PHPTutorial\WWW\mall\app\thinkphp\lang\zh-cn.php
[ info ] [ ROUTE ] array (
)
[ info ] [ HEADER ] array (
  'cookie' => '__cfduid=de3c3a8a3b81cc9e8800db07041ac6b441564985932; Hm_lvt_fb2f7fcb2249dedf4ed4175e254055cb=1565054322,1565311847,1566204291; PHPSESSID=s6uus005mfaqjb0r7udsrq0n9b; thinkphp_show_page_trace=0|0',
  'referer' => 'http://tp-mall.com/admin/seckill/index/menuid/111.html',
  'connection' => 'keep-alive',
  'content-length' => '22',
  'x-requested-with' => 'XMLHttpRequest',
  'content-type' => 'application/x-www-form-urlencoded; charset=UTF-8',
  'accept-encoding' => 'gzip, deflate',
  'accept-language' => 'zh-CN,zh;q=0.8,zh-TW;q=0.7,zh-HK;q=0.5,en-US;q=0.3,en;q=0.2',
  'accept' => 'application/json, text/javascript, */*; q=0.01',
  'user-agent' => 'Mozilla/5.0 (Windows NT 10.0; Win64; x64; rv:68.0) Gecko/20100101 Firefox/68.0',
  'host' => 'tp-mall.com',
)
[ info ] [ PARAM ] array (
  'title' => '',
  'page' => '1',
  'limit' => '20',
)
[ info ] [ DB ] INIT mysql
[ sql ] [ DB ] CONNECT:[ UseTime:0.003989s ] mysql:host=127.0.0.1;dbname=mall;charset=utf8
[ sql ] [ SQL ] SHOW COLUMNS FROM `pyg_admin` [ RunTime:0.001925s ]
[ sql ] [ SQL ] SELECT * FROM `pyg_admin` WHERE  `id` = 1 LIMIT 1 [ RunTime:0.000508s ]
[ sql ] [ SQL ] SHOW COLUMNS FROM `pyg_goods_seckill` [ RunTime:0.002094s ]
[ sql ] [ SQL ] SELECT COUNT(*) AS tp_count FROM `pyg_goods_seckill` WHERE  `is_del` = 0 [ RunTime:0.000429s ]
[ sql ] [ SQL ] SELECT * FROM `pyg_goods_seckill` WHERE  `is_del` = 0 ORDER BY `seckillId` DESC LIMIT 0,20 [ RunTime:0.000520s ]
---------------------------------------------------------------
[2019-08-21T12:59:53+08:00] 127.0.0.1 GET tp-mall.com/admin/seckill/editGoods?id=7&p=1
[运行时间：0.220105s] [吞吐率：4.54req/s] [内存消耗：3,502.82kb] [文件加载：99]
[ info ] [ LANG ] E:\phpStudy\PHPTutorial\WWW\mall\app\thinkphp\lang\zh-cn.php
[ info ] [ ROUTE ] array (
)
[ info ] [ HEADER ] array (
  'upgrade-insecure-requests' => '1',
  'cookie' => '__cfduid=de3c3a8a3b81cc9e8800db07041ac6b441564985932; Hm_lvt_fb2f7fcb2249dedf4ed4175e254055cb=1565054322,1565311847,1566204291; PHPSESSID=s6uus005mfaqjb0r7udsrq0n9b; thinkphp_show_page_trace=0|0',
  'referer' => 'http://tp-mall.com/admin/seckill/index/menuid/111.html',
  'connection' => 'keep-alive',
  'accept-encoding' => 'gzip, deflate',
  'accept-language' => 'zh-CN,zh;q=0.8,zh-TW;q=0.7,zh-HK;q=0.5,en-US;q=0.3,en;q=0.2',
  'accept' => 'text/html,application/xhtml+xml,application/xml;q=0.9,*/*;q=0.8',
  'user-agent' => 'Mozilla/5.0 (Windows NT 10.0; Win64; x64; rv:68.0) Gecko/20100101 Firefox/68.0',
  'host' => 'tp-mall.com',
  'content-length' => '',
  'content-type' => '',
)
[ info ] [ PARAM ] array (
  'id' => '7',
  'p' => '1',
)
[ info ] [ DB ] INIT mysql
[ info ] [ VIEW ] E:\phpStudy\PHPTutorial\WWW\mall\app\application\admin\view\seckill\edit.html [ array (
  0 => 'p',
  1 => 'object',
) ]
[ sql ] [ DB ] CONNECT:[ UseTime:0.003308s ] mysql:host=127.0.0.1;dbname=mall;charset=utf8
[ sql ] [ SQL ] SHOW COLUMNS FROM `pyg_admin` [ RunTime:0.003151s ]
[ sql ] [ SQL ] SELECT * FROM `pyg_admin` WHERE  `id` = 1 LIMIT 1 [ RunTime:0.000752s ]
[ sql ] [ SQL ] SHOW COLUMNS FROM `pyg_goods_seckill` [ RunTime:0.002373s ]
[ sql ] [ SQL ] SELECT * FROM `pyg_goods_seckill` WHERE  `seckillId` = 7 LIMIT 1 [ RunTime:0.000868s ]
[ error ] [8]未定义变量: src[E:\phpStudy\PHPTutorial\WWW\mall\app\runtime\temp\1c25506169533d6e31c87853c8b5ecac.php:92]
