---------------------------------------------------------------
[2019-08-23T07:54:46+08:00] 127.0.0.1 GET tp-mall.com/
[运行时间：1.412765s] [吞吐率：0.71req/s] [内存消耗：3,468.94kb] [文件加载：96]
[ info ] [ LANG ] E:\phpStudy\PHPTutorial\WWW\mall\app\thinkphp\lang\zh-cn.php
[ info ] [ ROUTE ] array (
)
[ info ] [ HEADER ] array (
  'upgrade-insecure-requests' => '1',
  'cookie' => '__cfduid=de3c3a8a3b81cc9e8800db07041ac6b441564985932; Hm_lvt_fb2f7fcb2249dedf4ed4175e254055cb=1565054322,1565311847,1566204291',
  'connection' => 'keep-alive',
  'accept-encoding' => 'gzip, deflate',
  'accept-language' => 'zh-CN,zh;q=0.8,zh-TW;q=0.7,zh-HK;q=0.5,en-US;q=0.3,en;q=0.2',
  'accept' => 'text/html,application/xhtml+xml,application/xml;q=0.9,*/*;q=0.8',
  'user-agent' => 'Mozilla/5.0 (Windows NT 10.0; Win64; x64; rv:68.0) Gecko/20100101 Firefox/68.0',
  'host' => 'tp-mall.com',
  'content-length' => '',
  'content-type' => '',
)
[ info ] [ PARAM ] array (
)
[ info ] [ DB ] INIT mysql
[ info ] [ VIEW ] E:\phpStudy\PHPTutorial\WWW\mall\app\application\index\view\index\index.html [ array (
  0 => 'canlendars',
  1 => 'days',
  2 => 'today',
  3 => 'signs_dates',
  4 => 'sign_info',
  5 => 'sign_tip',
  6 => 'sign_tip1',
) ]
[ sql ] [ DB ] CONNECT:[ UseTime:0.054869s ] mysql:host=127.0.0.1;dbname=mall;charset=utf8
[ sql ] [ SQL ] SHOW COLUMNS FROM `pyg_user_sign` [ RunTime:0.032514s ]
[ sql ] [ SQL ] SELECT * FROM `pyg_user_sign` WHERE  `uid` = 0  AND `addtime` = 1566489600 LIMIT 1 [ RunTime:0.028555s ]
[ sql ] [ SQL ] SELECT SUM(`points`) AS tp_sum FROM `pyg_user_sign` WHERE  `uid` = 0 [ RunTime:0.019875s ]
[ sql ] [ SQL ] SELECT `addtime` FROM `pyg_user_sign` WHERE  `uid` = 0  AND `addtime` IN (between time,2019-08-01,1566518085) [ RunTime:0.000740s ]
[ sql ] [ SQL ] SHOW COLUMNS FROM `pyg_carts` [ RunTime:0.003008s ]
[ sql ] [ SQL ] SELECT SUM(`cartNum`) AS tp_sum FROM `pyg_carts` WHERE  `userId` IS NULL [ RunTime:0.000626s ]
[ sql ] [ SQL ] SHOW COLUMNS FROM `pyg_goods` [ RunTime:0.021427s ]
[ sql ] [ SQL ] SELECT `goodsId`,`goodsName`,`goodsImg`,`marketPrice` FROM `pyg_goods` WHERE  `dataFlag` = 1  AND `isSale` = 1 ORDER BY rand() LIMIT 6 [ RunTime:0.022922s ]
[ error ] [8]未定义变量: keyword[E:\phpStudy\PHPTutorial\WWW\mall\app\runtime\temp\41fb263d29eccb54c36ab8c4e36004c4.php:106]
[ error ] [8]未定义数组索引: list[E:\phpStudy\PHPTutorial\WWW\mall\app\runtime\temp\41fb263d29eccb54c36ab8c4e36004c4.php:187]
[ error ] [8]未定义数组索引: list[E:\phpStudy\PHPTutorial\WWW\mall\app\runtime\temp\41fb263d29eccb54c36ab8c4e36004c4.php:187]
[ error ] [8]未定义数组索引: list[E:\phpStudy\PHPTutorial\WWW\mall\app\runtime\temp\41fb263d29eccb54c36ab8c4e36004c4.php:187]
[ error ] [8]未定义数组索引: list[E:\phpStudy\PHPTutorial\WWW\mall\app\runtime\temp\41fb263d29eccb54c36ab8c4e36004c4.php:187]
[ error ] [8]未定义数组索引: list[E:\phpStudy\PHPTutorial\WWW\mall\app\runtime\temp\41fb263d29eccb54c36ab8c4e36004c4.php:187]
[ error ] [8]未定义数组索引: list[E:\phpStudy\PHPTutorial\WWW\mall\app\runtime\temp\41fb263d29eccb54c36ab8c4e36004c4.php:187]
[ error ] [8]未定义数组索引: list[E:\phpStudy\PHPTutorial\WWW\mall\app\runtime\temp\41fb263d29eccb54c36ab8c4e36004c4.php:187]
[ error ] [8]未定义数组索引: list[E:\phpStudy\PHPTutorial\WWW\mall\app\runtime\temp\41fb263d29eccb54c36ab8c4e36004c4.php:187]
[ error ] [8]未定义数组索引: list[E:\phpStudy\PHPTutorial\WWW\mall\app\runtime\temp\41fb263d29eccb54c36ab8c4e36004c4.php:187]
[ error ] [8]未定义数组索引: list[E:\phpStudy\PHPTutorial\WWW\mall\app\runtime\temp\41fb263d29eccb54c36ab8c4e36004c4.php:187]
[ error ] [8]未定义数组索引: list[E:\phpStudy\PHPTutorial\WWW\mall\app\runtime\temp\41fb263d29eccb54c36ab8c4e36004c4.php:187]
[ error ] [8]未定义数组索引: list[E:\phpStudy\PHPTutorial\WWW\mall\app\runtime\temp\41fb263d29eccb54c36ab8c4e36004c4.php:187]
[ error ] [8]未定义数组索引: list[E:\phpStudy\PHPTutorial\WWW\mall\app\runtime\temp\41fb263d29eccb54c36ab8c4e36004c4.php:187]
[ error ] [8]未定义数组索引: list[E:\phpStudy\PHPTutorial\WWW\mall\app\runtime\temp\41fb263d29eccb54c36ab8c4e36004c4.php:187]
[ error ] [8]未定义数组索引: list[E:\phpStudy\PHPTutorial\WWW\mall\app\runtime\temp\41fb263d29eccb54c36ab8c4e36004c4.php:187]
[ error ] [8]未定义数组索引: list[E:\phpStudy\PHPTutorial\WWW\mall\app\runtime\temp\41fb263d29eccb54c36ab8c4e36004c4.php:187]
[ error ] [8]未定义数组索引: list[E:\phpStudy\PHPTutorial\WWW\mall\app\runtime\temp\41fb263d29eccb54c36ab8c4e36004c4.php:187]
[ error ] [8]未定义数组索引: list[E:\phpStudy\PHPTutorial\WWW\mall\app\runtime\temp\41fb263d29eccb54c36ab8c4e36004c4.php:187]
[ error ] [8]未定义数组索引: list[E:\phpStudy\PHPTutorial\WWW\mall\app\runtime\temp\41fb263d29eccb54c36ab8c4e36004c4.php:187]
[ error ] [8]未定义数组索引: list[E:\phpStudy\PHPTutorial\WWW\mall\app\runtime\temp\41fb263d29eccb54c36ab8c4e36004c4.php:187]
[ error ] [8]未定义数组索引: list[E:\phpStudy\PHPTutorial\WWW\mall\app\runtime\temp\41fb263d29eccb54c36ab8c4e36004c4.php:187]
[ error ] [8]未定义数组索引: list[E:\phpStudy\PHPTutorial\WWW\mall\app\runtime\temp\41fb263d29eccb54c36ab8c4e36004c4.php:187]
[ error ] [8]未定义数组索引: list[E:\phpStudy\PHPTutorial\WWW\mall\app\runtime\temp\41fb263d29eccb54c36ab8c4e36004c4.php:187]
[ error ] [8]未定义数组索引: list[E:\phpStudy\PHPTutorial\WWW\mall\app\runtime\temp\41fb263d29eccb54c36ab8c4e36004c4.php:187]
[ error ] [8]未定义数组索引: list[E:\phpStudy\PHPTutorial\WWW\mall\app\runtime\temp\41fb263d29eccb54c36ab8c4e36004c4.php:187]
[ error ] [8]未定义数组索引: list[E:\phpStudy\PHPTutorial\WWW\mall\app\runtime\temp\41fb263d29eccb54c36ab8c4e36004c4.php:187]
[ error ] [8]未定义数组索引: list[E:\phpStudy\PHPTutorial\WWW\mall\app\runtime\temp\41fb263d29eccb54c36ab8c4e36004c4.php:187]
[ error ] [8]未定义数组索引: list[E:\phpStudy\PHPTutorial\WWW\mall\app\runtime\temp\41fb263d29eccb54c36ab8c4e36004c4.php:187]
[ error ] [8]未定义数组索引: list[E:\phpStudy\PHPTutorial\WWW\mall\app\runtime\temp\41fb263d29eccb54c36ab8c4e36004c4.php:187]
[ error ] [8]未定义数组索引: list[E:\phpStudy\PHPTutorial\WWW\mall\app\runtime\temp\41fb263d29eccb54c36ab8c4e36004c4.php:187]
[ error ] [8]未定义数组索引: list[E:\phpStudy\PHPTutorial\WWW\mall\app\runtime\temp\41fb263d29eccb54c36ab8c4e36004c4.php:187]
[ error ] [8]未定义数组索引: list[E:\phpStudy\PHPTutorial\WWW\mall\app\runtime\temp\41fb263d29eccb54c36ab8c4e36004c4.php:187]
[ error ] [8]未定义数组索引: list[E:\phpStudy\PHPTutorial\WWW\mall\app\runtime\temp\41fb263d29eccb54c36ab8c4e36004c4.php:187]
[ error ] [8]未定义数组索引: list[E:\phpStudy\PHPTutorial\WWW\mall\app\runtime\temp\41fb263d29eccb54c36ab8c4e36004c4.php:187]
[ error ] [8]未定义数组索引: list[E:\phpStudy\PHPTutorial\WWW\mall\app\runtime\temp\41fb263d29eccb54c36ab8c4e36004c4.php:187]
[ error ] [8]未定义数组索引: list[E:\phpStudy\PHPTutorial\WWW\mall\app\runtime\temp\41fb263d29eccb54c36ab8c4e36004c4.php:187]
[ error ] [8]未定义数组索引: adURL[E:\phpStudy\PHPTutorial\WWW\mall\app\runtime\temp\41fb263d29eccb54c36ab8c4e36004c4.php:218]
[ error ] [8]未定义数组索引: positionWidth[E:\phpStudy\PHPTutorial\WWW\mall\app\runtime\temp\41fb263d29eccb54c36ab8c4e36004c4.php:474]
[ error ] [8]未定义数组索引: positionHeight[E:\phpStudy\PHPTutorial\WWW\mall\app\runtime\temp\41fb263d29eccb54c36ab8c4e36004c4.php:474]
---------------------------------------------------------------
[2019-08-23T07:54:46+08:00] 127.0.0.1 GET tp-mall.com/img/wx_cz.jpg
[运行时间：0.113543s] [吞吐率：8.81req/s] [内存消耗：1,945.90kb] [文件加载：75]
[ info ] [ LANG ] E:\phpStudy\PHPTutorial\WWW\mall\app\thinkphp\lang\zh-cn.php
[ info ] [ ROUTE ] array (
)
[ info ] [ HEADER ] array (
  'cookie' => '__cfduid=de3c3a8a3b81cc9e8800db07041ac6b441564985932; Hm_lvt_fb2f7fcb2249dedf4ed4175e254055cb=1565054322,1565311847,1566204291; PHPSESSID=uvin46t5ph7m9jjm4p0h5bd6m2',
  'referer' => 'http://tp-mall.com/',
  'connection' => 'keep-alive',
  'accept-encoding' => 'gzip, deflate',
  'accept-language' => 'zh-CN,zh;q=0.8,zh-TW;q=0.7,zh-HK;q=0.5,en-US;q=0.3,en;q=0.2',
  'accept' => 'image/webp,*/*',
  'user-agent' => 'Mozilla/5.0 (Windows NT 10.0; Win64; x64; rv:68.0) Gecko/20100101 Firefox/68.0',
  'host' => 'tp-mall.com',
  'content-length' => '',
  'content-type' => '',
)
[ info ] [ PARAM ] array (
)
---------------------------------------------------------------
[2019-08-23T07:54:51+08:00] 127.0.0.1 GET tp-mall.com/admin
[运行时间：0.390202s] [吞吐率：2.56req/s] [内存消耗：3,248.48kb] [文件加载：96]
[ info ] [ LANG ] E:\phpStudy\PHPTutorial\WWW\mall\app\thinkphp\lang\zh-cn.php
[ info ] [ ROUTE ] array (
)
[ info ] [ HEADER ] array (
  'upgrade-insecure-requests' => '1',
  'cookie' => '__cfduid=de3c3a8a3b81cc9e8800db07041ac6b441564985932; Hm_lvt_fb2f7fcb2249dedf4ed4175e254055cb=1565054322,1565311847,1566204291; PHPSESSID=uvin46t5ph7m9jjm4p0h5bd6m2; thinkphp_show_page_trace=0|0',
  'connection' => 'keep-alive',
  'accept-encoding' => 'gzip, deflate',
  'accept-language' => 'zh-CN,zh;q=0.8,zh-TW;q=0.7,zh-HK;q=0.5,en-US;q=0.3,en;q=0.2',
  'accept' => 'text/html,application/xhtml+xml,application/xml;q=0.9,*/*;q=0.8',
  'user-agent' => 'Mozilla/5.0 (Windows NT 10.0; Win64; x64; rv:68.0) Gecko/20100101 Firefox/68.0',
  'host' => 'tp-mall.com',
  'content-length' => '',
  'content-type' => '',
)
[ info ] [ PARAM ] array (
)
[ info ] [ DB ] INIT mysql
[ info ] [ VIEW ] E:\phpStudy\PHPTutorial\WWW\mall\app\public\..\application\common\view\dispatch_jump.tpl [ array (
  0 => 'code',
  1 => 'msg',
  2 => 'data',
  3 => 'url',
  4 => 'wait',
) ]
[ sql ] [ DB ] CONNECT:[ UseTime:0.011140s ] mysql:host=127.0.0.1;dbname=mall;charset=utf8
[ sql ] [ SQL ] SHOW COLUMNS FROM `pyg_adminlog` [ RunTime:0.019296s ]
[ sql ] [ SQL ] INSERT INTO `pyg_adminlog` (`uid` , `status` , `info` , `get` , `ip` , `create_time`) VALUES (0 , 0 , '提示语:请先登陆' , '/admin' , 2130706433 , 1566518090) [ RunTime:0.032799s ]
---------------------------------------------------------------
[2019-08-23T07:54:52+08:00] 127.0.0.1 GET tp-mall.com/admin/index/login.html
[运行时间：0.137979s] [吞吐率：7.25req/s] [内存消耗：2,138.90kb] [文件加载：82]
[ info ] [ LANG ] E:\phpStudy\PHPTutorial\WWW\mall\app\thinkphp\lang\zh-cn.php
[ info ] [ ROUTE ] array (
)
[ info ] [ HEADER ] array (
  'upgrade-insecure-requests' => '1',
  'cookie' => '__cfduid=de3c3a8a3b81cc9e8800db07041ac6b441564985932; Hm_lvt_fb2f7fcb2249dedf4ed4175e254055cb=1565054322,1565311847,1566204291; PHPSESSID=uvin46t5ph7m9jjm4p0h5bd6m2; thinkphp_show_page_trace=0|0',
  'referer' => 'http://tp-mall.com/admin',
  'connection' => 'keep-alive',
  'accept-encoding' => 'gzip, deflate',
  'accept-language' => 'zh-CN,zh;q=0.8,zh-TW;q=0.7,zh-HK;q=0.5,en-US;q=0.3,en;q=0.2',
  'accept' => 'text/html,application/xhtml+xml,application/xml;q=0.9,*/*;q=0.8',
  'user-agent' => 'Mozilla/5.0 (Windows NT 10.0; Win64; x64; rv:68.0) Gecko/20100101 Firefox/68.0',
  'host' => 'tp-mall.com',
  'content-length' => '',
  'content-type' => '',
)
[ info ] [ PARAM ] array (
)
[ info ] [ VIEW ] E:\phpStudy\PHPTutorial\WWW\mall\app\application\admin\view\index\login.html [ array (
) ]
---------------------------------------------------------------
[2019-08-23T07:54:52+08:00] 127.0.0.1 GET tp-mall.com/api/checkcode/getverify/font_size/18/imageW/130/imageH/38.html
[运行时间：0.223745s] [吞吐率：4.47req/s] [内存消耗：2,007.19kb] [文件加载：76]
[ info ] [ LANG ] E:\phpStudy\PHPTutorial\WWW\mall\app\thinkphp\lang\zh-cn.php
[ info ] [ ROUTE ] array (
)
[ info ] [ HEADER ] array (
  'cookie' => '__cfduid=de3c3a8a3b81cc9e8800db07041ac6b441564985932; Hm_lvt_fb2f7fcb2249dedf4ed4175e254055cb=1565054322,1565311847,1566204291; PHPSESSID=uvin46t5ph7m9jjm4p0h5bd6m2; thinkphp_show_page_trace=0|0',
  'referer' => 'http://tp-mall.com/admin/index/login.html',
  'connection' => 'keep-alive',
  'accept-encoding' => 'gzip, deflate',
  'accept-language' => 'zh-CN,zh;q=0.8,zh-TW;q=0.7,zh-HK;q=0.5,en-US;q=0.3,en;q=0.2',
  'accept' => 'image/webp,*/*',
  'user-agent' => 'Mozilla/5.0 (Windows NT 10.0; Win64; x64; rv:68.0) Gecko/20100101 Firefox/68.0',
  'host' => 'tp-mall.com',
  'content-length' => '',
  'content-type' => '',
)
[ info ] [ PARAM ] array (
  'font_size' => '18',
  'imageW' => '130',
  'imageH' => '38',
)
---------------------------------------------------------------
[2019-08-23T07:54:58+08:00] 127.0.0.1 GET tp-mall.com/api/checkcode/getverify/font_size/18/imageW/130/imageH/38.html?0.8151738409228021
[运行时间：0.083197s] [吞吐率：12.02req/s] [内存消耗：2,007.56kb] [文件加载：76]
[ info ] [ LANG ] E:\phpStudy\PHPTutorial\WWW\mall\app\thinkphp\lang\zh-cn.php
[ info ] [ ROUTE ] array (
)
[ info ] [ HEADER ] array (
  'cookie' => '__cfduid=de3c3a8a3b81cc9e8800db07041ac6b441564985932; Hm_lvt_fb2f7fcb2249dedf4ed4175e254055cb=1565054322,1565311847,1566204291; PHPSESSID=uvin46t5ph7m9jjm4p0h5bd6m2; thinkphp_show_page_trace=0|0',
  'referer' => 'http://tp-mall.com/admin/index/login.html',
  'connection' => 'keep-alive',
  'accept-encoding' => 'gzip, deflate',
  'accept-language' => 'zh-CN,zh;q=0.8,zh-TW;q=0.7,zh-HK;q=0.5,en-US;q=0.3,en;q=0.2',
  'accept' => 'image/webp,*/*',
  'user-agent' => 'Mozilla/5.0 (Windows NT 10.0; Win64; x64; rv:68.0) Gecko/20100101 Firefox/68.0',
  'host' => 'tp-mall.com',
  'content-length' => '',
  'content-type' => '',
)
[ info ] [ PARAM ] array (
  '0_8151738409228021' => '',
  'font_size' => '18',
  'imageW' => '130',
  'imageH' => '38',
)
---------------------------------------------------------------
[2019-08-23T07:55:07+08:00] 127.0.0.1 POST tp-mall.com/admin/index/login.html
[运行时间：0.143485s] [吞吐率：6.97req/s] [内存消耗：3,211.56kb] [文件加载：93]
[ info ] [ LANG ] E:\phpStudy\PHPTutorial\WWW\mall\app\thinkphp\lang\zh-cn.php
[ info ] [ ROUTE ] array (
)
[ info ] [ HEADER ] array (
  'cookie' => 'thinkphp_show_page_trace=0|0; __cfduid=de3c3a8a3b81cc9e8800db07041ac6b441564985932; Hm_lvt_fb2f7fcb2249dedf4ed4175e254055cb=1565054322,1565311847,1566204291; PHPSESSID=uvin46t5ph7m9jjm4p0h5bd6m2; thinkphp_show_page_trace=0|0',
  'referer' => 'http://tp-mall.com/admin/index/login.html',
  'connection' => 'keep-alive',
  'content-length' => '42',
  'x-requested-with' => 'XMLHttpRequest',
  'content-type' => 'application/x-www-form-urlencoded; charset=UTF-8',
  'accept-encoding' => 'gzip, deflate',
  'accept-language' => 'zh-CN,zh;q=0.8,zh-TW;q=0.7,zh-HK;q=0.5,en-US;q=0.3,en;q=0.2',
  'accept' => 'application/json, text/javascript, */*; q=0.01',
  'user-agent' => 'Mozilla/5.0 (Windows NT 10.0; Win64; x64; rv:68.0) Gecko/20100101 Firefox/68.0',
  'host' => 'tp-mall.com',
)
[ info ] [ PARAM ] array (
  'username' => 'admin',
  'password' => 'admin',
  'verify' => 'opcij',
)
[ info ] [ DB ] INIT mysql
[ sql ] [ DB ] CONNECT:[ UseTime:0.007779s ] mysql:host=127.0.0.1;dbname=mall;charset=utf8
[ sql ] [ SQL ] SHOW COLUMNS FROM `pyg_adminlog` [ RunTime:0.001550s ]
[ sql ] [ SQL ] INSERT INTO `pyg_adminlog` (`uid` , `status` , `info` , `get` , `ip` , `create_time`) VALUES (0 , 0 , '提示语:验证码输入错误！' , '/admin/index/login.html' , 2130706433 , 1566518107) [ RunTime:0.000591s ]
---------------------------------------------------------------
[2019-08-23T07:55:08+08:00] 127.0.0.1 GET tp-mall.com/api/checkcode/getverify/font_size/18/imageW/130/imageH/38.html?0.014352487370422606
[运行时间：0.060310s] [吞吐率：16.58req/s] [内存消耗：2,007.56kb] [文件加载：76]
[ info ] [ LANG ] E:\phpStudy\PHPTutorial\WWW\mall\app\thinkphp\lang\zh-cn.php
[ info ] [ ROUTE ] array (
)
[ info ] [ HEADER ] array (
  'cookie' => '__cfduid=de3c3a8a3b81cc9e8800db07041ac6b441564985932; Hm_lvt_fb2f7fcb2249dedf4ed4175e254055cb=1565054322,1565311847,1566204291; PHPSESSID=uvin46t5ph7m9jjm4p0h5bd6m2; thinkphp_show_page_trace=0|0',
  'referer' => 'http://tp-mall.com/admin/index/login.html',
  'connection' => 'keep-alive',
  'accept-encoding' => 'gzip, deflate',
  'accept-language' => 'zh-CN,zh;q=0.8,zh-TW;q=0.7,zh-HK;q=0.5,en-US;q=0.3,en;q=0.2',
  'accept' => 'image/webp,*/*',
  'user-agent' => 'Mozilla/5.0 (Windows NT 10.0; Win64; x64; rv:68.0) Gecko/20100101 Firefox/68.0',
  'host' => 'tp-mall.com',
  'content-length' => '',
  'content-type' => '',
)
[ info ] [ PARAM ] array (
  '0_014352487370422606' => '',
  'font_size' => '18',
  'imageW' => '130',
  'imageH' => '38',
)
---------------------------------------------------------------
[2019-08-23T07:55:15+08:00] 127.0.0.1 POST tp-mall.com/admin/index/login.html
[运行时间：0.181632s] [吞吐率：5.51req/s] [内存消耗：3,286.80kb] [文件加载：96]
[ info ] [ LANG ] E:\phpStudy\PHPTutorial\WWW\mall\app\thinkphp\lang\zh-cn.php
[ info ] [ ROUTE ] array (
)
[ info ] [ HEADER ] array (
  'cookie' => 'thinkphp_show_page_trace=0|0; __cfduid=de3c3a8a3b81cc9e8800db07041ac6b441564985932; Hm_lvt_fb2f7fcb2249dedf4ed4175e254055cb=1565054322,1565311847,1566204291; PHPSESSID=uvin46t5ph7m9jjm4p0h5bd6m2; thinkphp_show_page_trace=0|0',
  'referer' => 'http://tp-mall.com/admin/index/login.html',
  'connection' => 'keep-alive',
  'content-length' => '41',
  'x-requested-with' => 'XMLHttpRequest',
  'content-type' => 'application/x-www-form-urlencoded; charset=UTF-8',
  'accept-encoding' => 'gzip, deflate',
  'accept-language' => 'zh-CN,zh;q=0.8,zh-TW;q=0.7,zh-HK;q=0.5,en-US;q=0.3,en;q=0.2',
  'accept' => 'application/json, text/javascript, */*; q=0.01',
  'user-agent' => 'Mozilla/5.0 (Windows NT 10.0; Win64; x64; rv:68.0) Gecko/20100101 Firefox/68.0',
  'host' => 'tp-mall.com',
)
[ info ] [ PARAM ] array (
  'username' => 'admin',
  'password' => 'admin',
  'verify' => 'yybc',
)
[ info ] [ DB ] INIT mysql
[ sql ] [ DB ] CONNECT:[ UseTime:0.002858s ] mysql:host=127.0.0.1;dbname=mall;charset=utf8
[ sql ] [ SQL ] SHOW COLUMNS FROM `pyg_admin` [ RunTime:0.035172s ]
[ sql ] [ SQL ] SELECT * FROM `pyg_admin` WHERE  `username` = 'admin' LIMIT 1 [ RunTime:0.001090s ]
[ sql ] [ SQL ] UPDATE `pyg_admin`  SET `last_login_time` = 1566518115 , `last_login_ip` = 2130706433  WHERE  `id` = 1 [ RunTime:0.016505s ]
[ sql ] [ SQL ] SHOW COLUMNS FROM `pyg_adminlog` [ RunTime:0.001518s ]
[ sql ] [ SQL ] INSERT INTO `pyg_adminlog` (`uid` , `status` , `info` , `get` , `ip` , `create_time`) VALUES (1 , 1 , '提示语:恭喜您，登陆成功' , '/admin/index/login.html' , 2130706433 , 1566518115) [ RunTime:0.000680s ]
---------------------------------------------------------------
[2019-08-23T07:55:17+08:00] 127.0.0.1 GET tp-mall.com/admin/index/index.html
[运行时间：0.842814s] [吞吐率：1.19req/s] [内存消耗：3,498.63kb] [文件加载：97]
[ info ] [ LANG ] E:\phpStudy\PHPTutorial\WWW\mall\app\thinkphp\lang\zh-cn.php
[ info ] [ ROUTE ] array (
)
[ info ] [ HEADER ] array (
  'upgrade-insecure-requests' => '1',
  'cookie' => 'thinkphp_show_page_trace=0|0; __cfduid=de3c3a8a3b81cc9e8800db07041ac6b441564985932; Hm_lvt_fb2f7fcb2249dedf4ed4175e254055cb=1565054322,1565311847,1566204291; PHPSESSID=uvin46t5ph7m9jjm4p0h5bd6m2; thinkphp_show_page_trace=0|0',
  'referer' => 'http://tp-mall.com/admin/index/login.html',
  'connection' => 'keep-alive',
  'accept-encoding' => 'gzip, deflate',
  'accept-language' => 'zh-CN,zh;q=0.8,zh-TW;q=0.7,zh-HK;q=0.5,en-US;q=0.3,en;q=0.2',
  'accept' => 'text/html,application/xhtml+xml,application/xml;q=0.9,*/*;q=0.8',
  'user-agent' => 'Mozilla/5.0 (Windows NT 10.0; Win64; x64; rv:68.0) Gecko/20100101 Firefox/68.0',
  'host' => 'tp-mall.com',
  'content-length' => '',
  'content-type' => '',
)
[ info ] [ PARAM ] array (
)
[ info ] [ DB ] INIT mysql
[ info ] [ VIEW ] E:\phpStudy\PHPTutorial\WWW\mall\app\application\admin\view\index\index.html [ array (
  0 => 'userInfo',
  1 => 'SUBMENU_CONFIG',
) ]
[ sql ] [ DB ] CONNECT:[ UseTime:0.003989s ] mysql:host=127.0.0.1;dbname=mall;charset=utf8
[ sql ] [ SQL ] SHOW COLUMNS FROM `pyg_admin` [ RunTime:0.001978s ]
[ sql ] [ SQL ] SELECT * FROM `pyg_admin` WHERE  `id` = 1 LIMIT 1 [ RunTime:0.000695s ]
[ sql ] [ SQL ] SHOW COLUMNS FROM `pyg_menu` [ RunTime:0.025301s ]
[ sql ] [ SQL ] SELECT * FROM `pyg_menu` WHERE  `parentid` = 0  AND `status` = 1 ORDER BY `listorder` ASC,`id` ASC [ RunTime:0.001219s ]
[ sql ] [ SQL ] SELECT * FROM `pyg_menu` WHERE  `parentid` = 3  AND `status` = 1 ORDER BY `listorder` ASC,`id` ASC [ RunTime:0.000864s ]
[ sql ] [ SQL ] SELECT * FROM `pyg_menu` WHERE  `parentid` = 10  AND `status` = 1 ORDER BY `listorder` ASC,`id` ASC [ RunTime:0.001800s ]
[ sql ] [ SQL ] SELECT * FROM `pyg_menu` WHERE  `parentid` = 11  AND `status` = 1 ORDER BY `listorder` ASC,`id` ASC [ RunTime:0.001025s ]
[ sql ] [ SQL ] SELECT * FROM `pyg_menu` WHERE  `parentid` = 24  AND `status` = 1 ORDER BY `listorder` ASC,`id` ASC [ RunTime:0.000762s ]
[ sql ] [ SQL ] SELECT * FROM `pyg_menu` WHERE  `parentid` = 25  AND `status` = 1 ORDER BY `listorder` ASC,`id` ASC [ RunTime:0.001067s ]
[ sql ] [ SQL ] SELECT * FROM `pyg_menu` WHERE  `parentid` = 26  AND `status` = 1 ORDER BY `listorder` ASC,`id` ASC [ RunTime:0.000616s ]
[ sql ] [ SQL ] SELECT * FROM `pyg_menu` WHERE  `parentid` = 13  AND `status` = 1 ORDER BY `listorder` ASC,`id` ASC [ RunTime:0.000753s ]
[ sql ] [ SQL ] SELECT * FROM `pyg_menu` WHERE  `parentid` = 14  AND `status` = 1 ORDER BY `listorder` ASC,`id` ASC [ RunTime:0.000887s ]
[ sql ] [ SQL ] SELECT * FROM `pyg_menu` WHERE  `parentid` = 27  AND `status` = 1 ORDER BY `listorder` ASC,`id` ASC [ RunTime:0.000843s ]
[ sql ] [ SQL ] SELECT * FROM `pyg_menu` WHERE  `parentid` = 28  AND `status` = 1 ORDER BY `listorder` ASC,`id` ASC [ RunTime:0.000779s ]
[ sql ] [ SQL ] SELECT * FROM `pyg_menu` WHERE  `parentid` = 29  AND `status` = 1 ORDER BY `listorder` ASC,`id` ASC [ RunTime:0.000639s ]
[ sql ] [ SQL ] SELECT * FROM `pyg_menu` WHERE  `parentid` = 23  AND `status` = 1 ORDER BY `listorder` ASC,`id` ASC [ RunTime:0.000728s ]
[ sql ] [ SQL ] SELECT * FROM `pyg_menu` WHERE  `parentid` = 30  AND `status` = 1 ORDER BY `listorder` ASC,`id` ASC [ RunTime:0.000777s ]
[ sql ] [ SQL ] SELECT * FROM `pyg_menu` WHERE  `parentid` = 31  AND `status` = 1 ORDER BY `listorder` ASC,`id` ASC [ RunTime:0.000867s ]
[ sql ] [ SQL ] SELECT * FROM `pyg_menu` WHERE  `parentid` = 15  AND `status` = 1 ORDER BY `listorder` ASC,`id` ASC [ RunTime:0.001026s ]
[ sql ] [ SQL ] SELECT * FROM `pyg_menu` WHERE  `parentid` = 16  AND `status` = 1 ORDER BY `listorder` ASC,`id` ASC [ RunTime:0.001009s ]
[ sql ] [ SQL ] SELECT * FROM `pyg_menu` WHERE  `parentid` = 18  AND `status` = 1 ORDER BY `listorder` ASC,`id` ASC [ RunTime:0.000818s ]
[ sql ] [ SQL ] SELECT * FROM `pyg_menu` WHERE  `parentid` = 19  AND `status` = 1 ORDER BY `listorder` ASC,`id` ASC [ RunTime:0.000955s ]
[ sql ] [ SQL ] SELECT * FROM `pyg_menu` WHERE  `parentid` = 21  AND `status` = 1 ORDER BY `listorder` ASC,`id` ASC [ RunTime:0.001077s ]
[ sql ] [ SQL ] SELECT * FROM `pyg_menu` WHERE  `parentid` = 17  AND `status` = 1 ORDER BY `listorder` ASC,`id` ASC [ RunTime:0.005965s ]
[ sql ] [ SQL ] SELECT * FROM `pyg_menu` WHERE  `parentid` = 22  AND `status` = 1 ORDER BY `listorder` ASC,`id` ASC [ RunTime:0.000793s ]
[ sql ] [ SQL ] SELECT * FROM `pyg_menu` WHERE  `parentid` = 48  AND `status` = 1 ORDER BY `listorder` ASC,`id` ASC [ RunTime:0.000788s ]
[ sql ] [ SQL ] SELECT * FROM `pyg_menu` WHERE  `parentid` = 49  AND `status` = 1 ORDER BY `listorder` ASC,`id` ASC [ RunTime:0.000888s ]
[ sql ] [ SQL ] SELECT * FROM `pyg_menu` WHERE  `parentid` = 50  AND `status` = 1 ORDER BY `listorder` ASC,`id` ASC [ RunTime:0.000874s ]
[ sql ] [ SQL ] SELECT * FROM `pyg_menu` WHERE  `parentid` = 51  AND `status` = 1 ORDER BY `listorder` ASC,`id` ASC [ RunTime:0.000900s ]
[ sql ] [ SQL ] SELECT * FROM `pyg_menu` WHERE  `parentid` = 20  AND `status` = 1 ORDER BY `listorder` ASC,`id` ASC [ RunTime:0.000911s ]
[ sql ] [ SQL ] SELECT * FROM `pyg_menu` WHERE  `parentid` = 12  AND `status` = 1 ORDER BY `listorder` ASC,`id` ASC [ RunTime:0.001004s ]
[ sql ] [ SQL ] SELECT * FROM `pyg_menu` WHERE  `parentid` = 4  AND `status` = 1 ORDER BY `listorder` ASC,`id` ASC [ RunTime:0.000984s ]
[ sql ] [ SQL ] SELECT * FROM `pyg_menu` WHERE  `parentid` = 73  AND `status` = 1 ORDER BY `listorder` ASC,`id` ASC [ RunTime:0.001093s ]
[ sql ] [ SQL ] SELECT * FROM `pyg_menu` WHERE  `parentid` = 78  AND `status` = 1 ORDER BY `listorder` ASC,`id` ASC [ RunTime:0.000890s ]
[ sql ] [ SQL ] SELECT * FROM `pyg_menu` WHERE  `parentid` = 79  AND `status` = 1 ORDER BY `listorder` ASC,`id` ASC [ RunTime:0.000858s ]
[ sql ] [ SQL ] SELECT * FROM `pyg_menu` WHERE  `parentid` = 74  AND `status` = 1 ORDER BY `listorder` ASC,`id` ASC [ RunTime:0.001272s ]
[ sql ] [ SQL ] SELECT * FROM `pyg_menu` WHERE  `parentid` = 105  AND `status` = 1 ORDER BY `listorder` ASC,`id` ASC [ RunTime:0.000875s ]
[ sql ] [ SQL ] SELECT * FROM `pyg_menu` WHERE  `parentid` = 86  AND `status` = 1 ORDER BY `listorder` ASC,`id` ASC [ RunTime:0.000851s ]
[ sql ] [ SQL ] SELECT * FROM `pyg_menu` WHERE  `parentid` = 87  AND `status` = 1 ORDER BY `listorder` ASC,`id` ASC [ RunTime:0.000925s ]
[ sql ] [ SQL ] SELECT * FROM `pyg_menu` WHERE  `parentid` = 85  AND `status` = 1 ORDER BY `listorder` ASC,`id` ASC [ RunTime:0.000705s ]
[ sql ] [ SQL ] SELECT * FROM `pyg_menu` WHERE  `parentid` = 88  AND `status` = 1 ORDER BY `listorder` ASC,`id` ASC [ RunTime:0.000725s ]
[ sql ] [ SQL ] SELECT * FROM `pyg_menu` WHERE  `parentid` = 89  AND `status` = 1 ORDER BY `listorder` ASC,`id` ASC [ RunTime:0.000723s ]
[ sql ] [ SQL ] SELECT * FROM `pyg_menu` WHERE  `parentid` = 90  AND `status` = 1 ORDER BY `listorder` ASC,`id` ASC [ RunTime:0.000745s ]
[ sql ] [ SQL ] SELECT * FROM `pyg_menu` WHERE  `parentid` = 76  AND `status` = 1 ORDER BY `listorder` ASC,`id` ASC [ RunTime:0.000892s ]
[ sql ] [ SQL ] SELECT * FROM `pyg_menu` WHERE  `parentid` = 92  AND `status` = 1 ORDER BY `listorder` ASC,`id` ASC [ RunTime:0.000749s ]
[ sql ] [ SQL ] SELECT * FROM `pyg_menu` WHERE  `parentid` = 93  AND `status` = 1 ORDER BY `listorder` ASC,`id` ASC [ RunTime:0.000689s ]
[ sql ] [ SQL ] SELECT * FROM `pyg_menu` WHERE  `parentid` = 77  AND `status` = 1 ORDER BY `listorder` ASC,`id` ASC [ RunTime:0.000866s ]
[ sql ] [ SQL ] SELECT * FROM `pyg_menu` WHERE  `parentid` = 98  AND `status` = 1 ORDER BY `listorder` ASC,`id` ASC [ RunTime:0.001163s ]
[ sql ] [ SQL ] SELECT * FROM `pyg_menu` WHERE  `parentid` = 100  AND `status` = 1 ORDER BY `listorder` ASC,`id` ASC [ RunTime:0.000632s ]
[ sql ] [ SQL ] SELECT * FROM `pyg_menu` WHERE  `parentid` = 101  AND `status` = 1 ORDER BY `listorder` ASC,`id` ASC [ RunTime:0.000626s ]
[ sql ] [ SQL ] SELECT * FROM `pyg_menu` WHERE  `parentid` = 106  AND `status` = 1 ORDER BY `listorder` ASC,`id` ASC [ RunTime:0.000567s ]
[ sql ] [ SQL ] SELECT * FROM `pyg_menu` WHERE  `parentid` = 107  AND `status` = 1 ORDER BY `listorder` ASC,`id` ASC [ RunTime:0.000619s ]
[ sql ] [ SQL ] SELECT * FROM `pyg_menu` WHERE  `parentid` = 5  AND `status` = 1 ORDER BY `listorder` ASC,`id` ASC [ RunTime:0.000892s ]
[ sql ] [ SQL ] SELECT * FROM `pyg_menu` WHERE  `parentid` = 56  AND `status` = 1 ORDER BY `listorder` ASC,`id` ASC [ RunTime:0.001035s ]
[ sql ] [ SQL ] SELECT * FROM `pyg_menu` WHERE  `parentid` = 109  AND `status` = 1 ORDER BY `listorder` ASC,`id` ASC [ RunTime:0.000871s ]
[ sql ] [ SQL ] SELECT * FROM `pyg_menu` WHERE  `parentid` = 110  AND `status` = 1 ORDER BY `listorder` ASC,`id` ASC [ RunTime:0.000718s ]
[ sql ] [ SQL ] SELECT * FROM `pyg_menu` WHERE  `parentid` = 111  AND `status` = 1 ORDER BY `listorder` ASC,`id` ASC [ RunTime:0.000778s ]
[ sql ] [ SQL ] SELECT * FROM `pyg_menu` WHERE  `parentid` = 62  AND `status` = 1 ORDER BY `listorder` ASC,`id` ASC [ RunTime:0.000948s ]
[ sql ] [ SQL ] SELECT * FROM `pyg_menu` WHERE  `parentid` = 63  AND `status` = 1 ORDER BY `listorder` ASC,`id` ASC [ RunTime:0.000817s ]
[ sql ] [ SQL ] SELECT * FROM `pyg_menu` WHERE  `parentid` = 64  AND `status` = 1 ORDER BY `listorder` ASC,`id` ASC [ RunTime:0.000803s ]
[ sql ] [ SQL ] SELECT * FROM `pyg_menu` WHERE  `parentid` = 65  AND `status` = 1 ORDER BY `listorder` ASC,`id` ASC [ RunTime:0.001246s ]
[ sql ] [ SQL ] SELECT * FROM `pyg_menu` WHERE  `parentid` = 66  AND `status` = 1 ORDER BY `listorder` ASC,`id` ASC [ RunTime:0.000796s ]
[ sql ] [ SQL ] SELECT * FROM `pyg_menu` WHERE  `parentid` = 67  AND `status` = 1 ORDER BY `listorder` ASC,`id` ASC [ RunTime:0.000814s ]
[ sql ] [ SQL ] SELECT * FROM `pyg_menu` WHERE  `parentid` = 68  AND `status` = 1 ORDER BY `listorder` ASC,`id` ASC [ RunTime:0.001055s ]
[ sql ] [ SQL ] SELECT * FROM `pyg_menu` WHERE  `parentid` = 69  AND `status` = 1 ORDER BY `listorder` ASC,`id` ASC [ RunTime:0.000894s ]
[ sql ] [ SQL ] SELECT * FROM `pyg_menu` WHERE  `parentid` = 70  AND `status` = 1 ORDER BY `listorder` ASC,`id` ASC [ RunTime:0.000819s ]
[ sql ] [ SQL ] SELECT * FROM `pyg_menu` WHERE  `parentid` = 71  AND `status` = 1 ORDER BY `listorder` ASC,`id` ASC [ RunTime:0.000844s ]
[ sql ] [ SQL ] SELECT * FROM `pyg_menu` WHERE  `parentid` = 72  AND `status` = 1 ORDER BY `listorder` ASC,`id` ASC [ RunTime:0.000984s ]
---------------------------------------------------------------
[2019-08-23T07:55:17+08:00] 127.0.0.1 GET tp-mall.com/admin/main/index.html
[运行时间：0.256540s] [吞吐率：3.90req/s] [内存消耗：3,281.63kb] [文件加载：95]
[ info ] [ LANG ] E:\phpStudy\PHPTutorial\WWW\mall\app\thinkphp\lang\zh-cn.php
[ info ] [ ROUTE ] array (
)
[ info ] [ HEADER ] array (
  'upgrade-insecure-requests' => '1',
  'cookie' => '__cfduid=de3c3a8a3b81cc9e8800db07041ac6b441564985932; Hm_lvt_fb2f7fcb2249dedf4ed4175e254055cb=1565054322,1565311847,1566204291; PHPSESSID=uvin46t5ph7m9jjm4p0h5bd6m2; thinkphp_show_page_trace=0|0',
  'referer' => 'http://tp-mall.com/admin/index/index.html',
  'connection' => 'keep-alive',
  'accept-encoding' => 'gzip, deflate',
  'accept-language' => 'zh-CN,zh;q=0.8,zh-TW;q=0.7,zh-HK;q=0.5,en-US;q=0.3,en;q=0.2',
  'accept' => 'text/html,application/xhtml+xml,application/xml;q=0.9,*/*;q=0.8',
  'user-agent' => 'Mozilla/5.0 (Windows NT 10.0; Win64; x64; rv:68.0) Gecko/20100101 Firefox/68.0',
  'host' => 'tp-mall.com',
  'content-length' => '',
  'content-type' => '',
)
[ info ] [ PARAM ] array (
)
[ info ] [ DB ] INIT mysql
[ info ] [ VIEW ] E:\phpStudy\PHPTutorial\WWW\mall\app\application\admin\view\main\index.html [ array (
  0 => 'userInfo',
  1 => 'sys_info',
) ]
[ sql ] [ DB ] CONNECT:[ UseTime:0.003401s ] mysql:host=127.0.0.1;dbname=mall;charset=utf8
[ sql ] [ SQL ] SHOW COLUMNS FROM `pyg_admin` [ RunTime:0.002988s ]
[ sql ] [ SQL ] SELECT * FROM `pyg_admin` WHERE  `id` = 1 LIMIT 1 [ RunTime:0.000841s ]
[ sql ] [ SQL ] SELECT VERSION() as version [ RunTime:0.010132s ]
[ error ] [8]未定义变量: object[E:\phpStudy\PHPTutorial\WWW\mall\app\runtime\temp\712757eee3d012ce523617d11564c40a.php:113]
[ error ] [8]未定义变量: object[E:\phpStudy\PHPTutorial\WWW\mall\app\runtime\temp\712757eee3d012ce523617d11564c40a.php:120]
[ error ] [8]未定义变量: object[E:\phpStudy\PHPTutorial\WWW\mall\app\runtime\temp\712757eee3d012ce523617d11564c40a.php:124]
[ error ] [8]未定义变量: object[E:\phpStudy\PHPTutorial\WWW\mall\app\runtime\temp\712757eee3d012ce523617d11564c40a.php:124]
[ error ] [8]未定义变量: object[E:\phpStudy\PHPTutorial\WWW\mall\app\runtime\temp\712757eee3d012ce523617d11564c40a.php:131]
[ error ] [8]未定义变量: object[E:\phpStudy\PHPTutorial\WWW\mall\app\runtime\temp\712757eee3d012ce523617d11564c40a.php:140]
[ error ] [8]未定义变量: object[E:\phpStudy\PHPTutorial\WWW\mall\app\runtime\temp\712757eee3d012ce523617d11564c40a.php:154]
---------------------------------------------------------------
[2019-08-23T07:55:18+08:00] 127.0.0.1 GET tp-mall.com/static/admin/img/title_head.png
[运行时间：0.056279s] [吞吐率：17.77req/s] [内存消耗：1,946.22kb] [文件加载：75]
[ info ] [ LANG ] E:\phpStudy\PHPTutorial\WWW\mall\app\thinkphp\lang\zh-cn.php
[ info ] [ ROUTE ] array (
)
[ info ] [ HEADER ] array (
  'cookie' => '__cfduid=de3c3a8a3b81cc9e8800db07041ac6b441564985932; Hm_lvt_fb2f7fcb2249dedf4ed4175e254055cb=1565054322,1565311847,1566204291; PHPSESSID=uvin46t5ph7m9jjm4p0h5bd6m2; thinkphp_show_page_trace=0|0',
  'referer' => 'http://tp-mall.com/static/admin/css/common.css',
  'connection' => 'keep-alive',
  'accept-encoding' => 'gzip, deflate',
  'accept-language' => 'zh-CN,zh;q=0.8,zh-TW;q=0.7,zh-HK;q=0.5,en-US;q=0.3,en;q=0.2',
  'accept' => 'image/webp,*/*',
  'user-agent' => 'Mozilla/5.0 (Windows NT 10.0; Win64; x64; rv:68.0) Gecko/20100101 Firefox/68.0',
  'host' => 'tp-mall.com',
  'content-length' => '',
  'content-type' => '',
)
[ info ] [ PARAM ] array (
)
---------------------------------------------------------------
[2019-08-23T07:56:22+08:00] 127.0.0.1 GET tp-mall.com/admin/seckill/index/menuid/111.html
[运行时间：0.204672s] [吞吐率：4.89req/s] [内存消耗：3,237.66kb] [文件加载：92]
[ info ] [ LANG ] E:\phpStudy\PHPTutorial\WWW\mall\app\thinkphp\lang\zh-cn.php
[ info ] [ ROUTE ] array (
)
[ info ] [ HEADER ] array (
  'upgrade-insecure-requests' => '1',
  'cookie' => '__cfduid=de3c3a8a3b81cc9e8800db07041ac6b441564985932; Hm_lvt_fb2f7fcb2249dedf4ed4175e254055cb=1565054322,1565311847,1566204291; PHPSESSID=uvin46t5ph7m9jjm4p0h5bd6m2; thinkphp_show_page_trace=0|0',
  'referer' => 'http://tp-mall.com/admin/index/index.html',
  'connection' => 'keep-alive',
  'accept-encoding' => 'gzip, deflate',
  'accept-language' => 'zh-CN,zh;q=0.8,zh-TW;q=0.7,zh-HK;q=0.5,en-US;q=0.3,en;q=0.2',
  'accept' => 'text/html,application/xhtml+xml,application/xml;q=0.9,*/*;q=0.8',
  'user-agent' => 'Mozilla/5.0 (Windows NT 10.0; Win64; x64; rv:68.0) Gecko/20100101 Firefox/68.0',
  'host' => 'tp-mall.com',
  'content-length' => '',
  'content-type' => '',
)
[ info ] [ PARAM ] array (
  'menuid' => '111',
)
[ info ] [ DB ] INIT mysql
[ info ] [ VIEW ] E:\phpStudy\PHPTutorial\WWW\mall\app\application\admin\view\seckill\index.html [ array (
  0 => 'p',
) ]
[ sql ] [ DB ] CONNECT:[ UseTime:0.004528s ] mysql:host=127.0.0.1;dbname=mall;charset=utf8
[ sql ] [ SQL ] SHOW COLUMNS FROM `pyg_admin` [ RunTime:0.002601s ]
[ sql ] [ SQL ] SELECT * FROM `pyg_admin` WHERE  `id` = 1 LIMIT 1 [ RunTime:0.001046s ]
---------------------------------------------------------------
[2019-08-23T07:56:23+08:00] 127.0.0.1 POST tp-mall.com/admin/seckill/saleByPage
[运行时间：0.156863s] [吞吐率：6.37req/s] [内存消耗：3,353.73kb] [文件加载：96]
[ info ] [ LANG ] E:\phpStudy\PHPTutorial\WWW\mall\app\thinkphp\lang\zh-cn.php
[ info ] [ ROUTE ] array (
)
[ info ] [ HEADER ] array (
  'cookie' => '__cfduid=de3c3a8a3b81cc9e8800db07041ac6b441564985932; Hm_lvt_fb2f7fcb2249dedf4ed4175e254055cb=1565054322,1565311847,1566204291; PHPSESSID=uvin46t5ph7m9jjm4p0h5bd6m2; thinkphp_show_page_trace=0|0',
  'referer' => 'http://tp-mall.com/admin/seckill/index/menuid/111.html',
  'connection' => 'keep-alive',
  'content-length' => '22',
  'x-requested-with' => 'XMLHttpRequest',
  'content-type' => 'application/x-www-form-urlencoded; charset=UTF-8',
  'accept-encoding' => 'gzip, deflate',
  'accept-language' => 'zh-CN,zh;q=0.8,zh-TW;q=0.7,zh-HK;q=0.5,en-US;q=0.3,en;q=0.2',
  'accept' => 'application/json, text/javascript, */*; q=0.01',
  'user-agent' => 'Mozilla/5.0 (Windows NT 10.0; Win64; x64; rv:68.0) Gecko/20100101 Firefox/68.0',
  'host' => 'tp-mall.com',
)
[ info ] [ PARAM ] array (
  'title' => '',
  'page' => '1',
  'limit' => '20',
)
[ info ] [ DB ] INIT mysql
[ sql ] [ DB ] CONNECT:[ UseTime:0.002321s ] mysql:host=127.0.0.1;dbname=mall;charset=utf8
[ sql ] [ SQL ] SHOW COLUMNS FROM `pyg_admin` [ RunTime:0.002768s ]
[ sql ] [ SQL ] SELECT * FROM `pyg_admin` WHERE  `id` = 1 LIMIT 1 [ RunTime:0.000911s ]
[ sql ] [ SQL ] SHOW COLUMNS FROM `pyg_goods_seckill` [ RunTime:0.003217s ]
[ sql ] [ SQL ] SELECT COUNT(*) AS tp_count FROM `pyg_goods_seckill` WHERE  `is_del` = 0 [ RunTime:0.015377s ]
[ sql ] [ SQL ] SELECT * FROM `pyg_goods_seckill` WHERE  `is_del` = 0 ORDER BY `seckillId` DESC LIMIT 0,20 [ RunTime:0.001048s ]
---------------------------------------------------------------
[2019-08-23T07:56:23+08:00] 127.0.0.1 GET tp-mall.com/admin/integralconfig/index/menuid/109.html
[运行时间：0.172587s] [吞吐率：5.79req/s] [内存消耗：3,235.19kb] [文件加载：92]
[ info ] [ LANG ] E:\phpStudy\PHPTutorial\WWW\mall\app\thinkphp\lang\zh-cn.php
[ info ] [ ROUTE ] array (
)
[ info ] [ HEADER ] array (
  'upgrade-insecure-requests' => '1',
  'cookie' => '__cfduid=de3c3a8a3b81cc9e8800db07041ac6b441564985932; Hm_lvt_fb2f7fcb2249dedf4ed4175e254055cb=1565054322,1565311847,1566204291; PHPSESSID=uvin46t5ph7m9jjm4p0h5bd6m2; thinkphp_show_page_trace=0|0',
  'referer' => 'http://tp-mall.com/admin/index/index.html',
  'connection' => 'keep-alive',
  'accept-encoding' => 'gzip, deflate',
  'accept-language' => 'zh-CN,zh;q=0.8,zh-TW;q=0.7,zh-HK;q=0.5,en-US;q=0.3,en;q=0.2',
  'accept' => 'text/html,application/xhtml+xml,application/xml;q=0.9,*/*;q=0.8',
  'user-agent' => 'Mozilla/5.0 (Windows NT 10.0; Win64; x64; rv:68.0) Gecko/20100101 Firefox/68.0',
  'host' => 'tp-mall.com',
  'content-length' => '',
  'content-type' => '',
)
[ info ] [ PARAM ] array (
  'menuid' => '109',
)
[ info ] [ DB ] INIT mysql
[ info ] [ VIEW ] E:\phpStudy\PHPTutorial\WWW\mall\app\application\admin\view\integralconfig\index.html [ array (
  0 => 'p',
) ]
[ sql ] [ DB ] CONNECT:[ UseTime:0.002649s ] mysql:host=127.0.0.1;dbname=mall;charset=utf8
[ sql ] [ SQL ] SHOW COLUMNS FROM `pyg_admin` [ RunTime:0.002554s ]
[ sql ] [ SQL ] SELECT * FROM `pyg_admin` WHERE  `id` = 1 LIMIT 1 [ RunTime:0.000613s ]
---------------------------------------------------------------
[2019-08-23T07:56:24+08:00] 127.0.0.1 POST tp-mall.com/admin/Integralconfig/pageQuery
[运行时间：0.106337s] [吞吐率：9.40req/s] [内存消耗：3,315.95kb] [文件加载：96]
[ info ] [ LANG ] E:\phpStudy\PHPTutorial\WWW\mall\app\thinkphp\lang\zh-cn.php
[ info ] [ ROUTE ] array (
)
[ info ] [ HEADER ] array (
  'cookie' => '__cfduid=de3c3a8a3b81cc9e8800db07041ac6b441564985932; Hm_lvt_fb2f7fcb2249dedf4ed4175e254055cb=1565054322,1565311847,1566204291; PHPSESSID=uvin46t5ph7m9jjm4p0h5bd6m2; thinkphp_show_page_trace=0|0',
  'referer' => 'http://tp-mall.com/admin/integralconfig/index/menuid/109.html',
  'connection' => 'keep-alive',
  'content-length' => '15',
  'x-requested-with' => 'XMLHttpRequest',
  'content-type' => 'application/x-www-form-urlencoded; charset=UTF-8',
  'accept-encoding' => 'gzip, deflate',
  'accept-language' => 'zh-CN,zh;q=0.8,zh-TW;q=0.7,zh-HK;q=0.5,en-US;q=0.3,en;q=0.2',
  'accept' => 'application/json, text/javascript, */*; q=0.01',
  'user-agent' => 'Mozilla/5.0 (Windows NT 10.0; Win64; x64; rv:68.0) Gecko/20100101 Firefox/68.0',
  'host' => 'tp-mall.com',
)
[ info ] [ PARAM ] array (
  'page' => '1',
  'limit' => '20',
)
[ info ] [ DB ] INIT mysql
[ sql ] [ DB ] CONNECT:[ UseTime:0.003172s ] mysql:host=127.0.0.1;dbname=mall;charset=utf8
[ sql ] [ SQL ] SHOW COLUMNS FROM `pyg_admin` [ RunTime:0.001886s ]
[ sql ] [ SQL ] SELECT * FROM `pyg_admin` WHERE  `id` = 1 LIMIT 1 [ RunTime:0.000541s ]
[ sql ] [ SQL ] SHOW COLUMNS FROM `pyg_integral_config` [ RunTime:0.002292s ]
[ sql ] [ SQL ] SELECT COUNT(*) AS tp_count FROM `pyg_integral_config` [ RunTime:0.000488s ]
[ sql ] [ SQL ] SELECT * FROM `pyg_integral_config` LIMIT 0,20 [ RunTime:0.000627s ]
---------------------------------------------------------------
[2019-08-23T08:21:10+08:00] 127.0.0.1 GET tp-mall.com/admin/integrallog/index/menuid/110.html
[运行时间：6.046315s] [吞吐率：0.17req/s] [内存消耗：3,233.73kb] [文件加载：92]
[ info ] [ LANG ] E:\phpStudy\PHPTutorial\WWW\mall\app\thinkphp\lang\zh-cn.php
[ info ] [ ROUTE ] array (
)
[ info ] [ HEADER ] array (
  'upgrade-insecure-requests' => '1',
  'cookie' => '__cfduid=de3c3a8a3b81cc9e8800db07041ac6b441564985932; Hm_lvt_fb2f7fcb2249dedf4ed4175e254055cb=1565054322,1565311847,1566204291; PHPSESSID=uvin46t5ph7m9jjm4p0h5bd6m2; thinkphp_show_page_trace=0|0',
  'referer' => 'http://tp-mall.com/admin/index/index.html',
  'connection' => 'keep-alive',
  'accept-encoding' => 'gzip, deflate',
  'accept-language' => 'zh-CN,zh;q=0.8,zh-TW;q=0.7,zh-HK;q=0.5,en-US;q=0.3,en;q=0.2',
  'accept' => 'text/html,application/xhtml+xml,application/xml;q=0.9,*/*;q=0.8',
  'user-agent' => 'Mozilla/5.0 (Windows NT 10.0; Win64; x64; rv:68.0) Gecko/20100101 Firefox/68.0',
  'host' => 'tp-mall.com',
  'content-length' => '',
  'content-type' => '',
)
[ info ] [ PARAM ] array (
  'menuid' => '110',
)
[ info ] [ DB ] INIT mysql
[ info ] [ VIEW ] E:\phpStudy\PHPTutorial\WWW\mall\app\application\admin\view\integrallog\index.html [ array (
  0 => 'p',
) ]
[ sql ] [ DB ] CONNECT:[ UseTime:0.003258s ] mysql:host=127.0.0.1;dbname=mall;charset=utf8
[ sql ] [ SQL ] SHOW COLUMNS FROM `pyg_admin` [ RunTime:0.004186s ]
[ sql ] [ SQL ] SELECT * FROM `pyg_admin` WHERE  `id` = 1 LIMIT 1 [ RunTime:0.000865s ]
---------------------------------------------------------------
[2019-08-23T09:14:00+08:00] 127.0.0.1 GET tp-mall.com/admin/seckill/editGoods?id=7&p=1
[运行时间：0.613362s] [吞吐率：1.63req/s] [内存消耗：3,323.75kb] [文件加载：96]
[ info ] [ LANG ] E:\phpStudy\PHPTutorial\WWW\mall\app\thinkphp\lang\zh-cn.php
[ info ] [ ROUTE ] array (
)
[ info ] [ HEADER ] array (
  'upgrade-insecure-requests' => '1',
  'cookie' => '__cfduid=de3c3a8a3b81cc9e8800db07041ac6b441564985932; Hm_lvt_fb2f7fcb2249dedf4ed4175e254055cb=1565054322,1565311847,1566204291; PHPSESSID=uvin46t5ph7m9jjm4p0h5bd6m2; thinkphp_show_page_trace=0|0',
  'referer' => 'http://tp-mall.com/admin/seckill/index/menuid/111.html',
  'connection' => 'keep-alive',
  'accept-encoding' => 'gzip, deflate',
  'accept-language' => 'zh-CN,zh;q=0.8,zh-TW;q=0.7,zh-HK;q=0.5,en-US;q=0.3,en;q=0.2',
  'accept' => 'text/html,application/xhtml+xml,application/xml;q=0.9,*/*;q=0.8',
  'user-agent' => 'Mozilla/5.0 (Windows NT 10.0; Win64; x64; rv:68.0) Gecko/20100101 Firefox/68.0',
  'host' => 'tp-mall.com',
  'content-length' => '',
  'content-type' => '',
)
[ info ] [ PARAM ] array (
  'id' => '7',
  'p' => '1',
)
[ info ] [ DB ] INIT mysql
[ info ] [ VIEW ] E:\phpStudy\PHPTutorial\WWW\mall\app\application\admin\view\seckill\edit.html [ array (
  0 => 'p',
  1 => 'object',
) ]
[ sql ] [ DB ] CONNECT:[ UseTime:0.002251s ] mysql:host=127.0.0.1;dbname=mall;charset=utf8
[ sql ] [ SQL ] SHOW COLUMNS FROM `pyg_admin` [ RunTime:0.002320s ]
[ sql ] [ SQL ] SELECT * FROM `pyg_admin` WHERE  `id` = 1 LIMIT 1 [ RunTime:0.000705s ]
[ sql ] [ SQL ] SHOW COLUMNS FROM `pyg_goods_seckill` [ RunTime:0.002354s ]
[ sql ] [ SQL ] SELECT * FROM `pyg_goods_seckill` WHERE  `seckillId` = 7 LIMIT 1 [ RunTime:0.000820s ]
[ error ] [8]未定义变量: src[E:\phpStudy\PHPTutorial\WWW\mall\app\runtime\temp\1c25506169533d6e31c87853c8b5ecac.php:92]
